        -:    0:Source:catch.hpp
        -:    0:Graph:testa_rainhas.gcno
        -:    0:Data:testa_rainhas.gcda
        -:    0:Runs:1
        -:    1:/*
        -:    2: *  Catch v2.2.1
        -:    3: *  Generated: 2018-03-11 12:01:31.654719
        -:    4: *  ----------------------------------------------------------
        -:    5: *  This file has been merged from multiple headers. Please don't edit it directly
        -:    6: *  Copyright (c) 2018 Two Blue Cubes Ltd. All rights reserved.
        -:    7: *
        -:    8: *  Distributed under the Boost Software License, Version 1.0. (See accompanying
        -:    9: *  file LICENSE_1_0.txt or copy at http://www.boost.org/LICENSE_1_0.txt)
        -:   10: */
        -:   11:#ifndef TWOBLUECUBES_SINGLE_INCLUDE_CATCH_HPP_INCLUDED
        -:   12:#define TWOBLUECUBES_SINGLE_INCLUDE_CATCH_HPP_INCLUDED
        -:   13:// start catch.hpp
        -:   14:
        -:   15:
        -:   16:#define CATCH_VERSION_MAJOR 2
        -:   17:#define CATCH_VERSION_MINOR 2
        -:   18:#define CATCH_VERSION_PATCH 1
        -:   19:
        -:   20:#ifdef __clang__
        -:   21:#    pragma clang system_header
        -:   22:#elif defined __GNUC__
        -:   23:#    pragma GCC system_header
        -:   24:#endif
        -:   25:
        -:   26:// start catch_suppress_warnings.h
        -:   27:
        -:   28:#ifdef __clang__
        -:   29:#   ifdef __ICC // icpc defines the __clang__ macro
        -:   30:#       pragma warning(push)
        -:   31:#       pragma warning(disable: 161 1682)
        -:   32:#   else // __ICC
        -:   33:#       pragma clang diagnostic ignored "-Wunused-variable"
        -:   34:#       pragma clang diagnostic push
        -:   35:#       pragma clang diagnostic ignored "-Wpadded"
        -:   36:#       pragma clang diagnostic ignored "-Wswitch-enum"
        -:   37:#       pragma clang diagnostic ignored "-Wcovered-switch-default"
        -:   38:#    endif
        -:   39:#elif defined __GNUC__
        -:   40:#    pragma GCC diagnostic ignored "-Wunused-variable"
        -:   41:#    pragma GCC diagnostic ignored "-Wparentheses"
        -:   42:#    pragma GCC diagnostic push
        -:   43:#    pragma GCC diagnostic ignored "-Wpadded"
        -:   44:#endif
        -:   45:// end catch_suppress_warnings.h
        -:   46:#if defined(CATCH_CONFIG_MAIN) || defined(CATCH_CONFIG_RUNNER)
        -:   47:#  define CATCH_IMPL
        -:   48:#  define CATCH_CONFIG_ALL_PARTS
        -:   49:#endif
        -:   50:
        -:   51:// In the impl file, we want to have access to all parts of the headers
        -:   52:// Can also be used to sanely support PCHs
        -:   53:#if defined(CATCH_CONFIG_ALL_PARTS)
        -:   54:#  define CATCH_CONFIG_EXTERNAL_INTERFACES
        -:   55:#  if defined(CATCH_CONFIG_DISABLE_MATCHERS)
        -:   56:#    undef CATCH_CONFIG_DISABLE_MATCHERS
        -:   57:#  endif
        -:   58:#  define CATCH_CONFIG_ENABLE_CHRONO_STRINGMAKER
        -:   59:#endif
        -:   60:
        -:   61:#if !defined(CATCH_CONFIG_IMPL_ONLY)
        -:   62:// start catch_platform.h
        -:   63:
        -:   64:#ifdef __APPLE__
        -:   65:# include <TargetConditionals.h>
        -:   66:# if TARGET_OS_OSX == 1
        -:   67:#  define CATCH_PLATFORM_MAC
        -:   68:# elif TARGET_OS_IPHONE == 1
        -:   69:#  define CATCH_PLATFORM_IPHONE
        -:   70:# endif
        -:   71:
        -:   72:#elif defined(linux) || defined(__linux) || defined(__linux__)
        -:   73:#  define CATCH_PLATFORM_LINUX
        -:   74:
        -:   75:#elif defined(WIN32) || defined(__WIN32__) || defined(_WIN32) || defined(_MSC_VER)
        -:   76:#  define CATCH_PLATFORM_WINDOWS
        -:   77:#endif
        -:   78:
        -:   79:// end catch_platform.h
        -:   80:
        -:   81:#ifdef CATCH_IMPL
        -:   82:#  ifndef CLARA_CONFIG_MAIN
        -:   83:#    define CLARA_CONFIG_MAIN_NOT_DEFINED
        -:   84:#    define CLARA_CONFIG_MAIN
        -:   85:#  endif
        -:   86:#endif
        -:   87:
        -:   88:// start catch_user_interfaces.h
        -:   89:
        -:   90:namespace Catch {
        -:   91:    unsigned int rngSeed();
        -:   92:}
        -:   93:
        -:   94:// end catch_user_interfaces.h
        -:   95:// start catch_tag_alias_autoregistrar.h
        -:   96:
        -:   97:// start catch_common.h
        -:   98:
        -:   99:// start catch_compiler_capabilities.h
        -:  100:
        -:  101:// Detect a number of compiler features - by compiler
        -:  102:// The following features are defined:
        -:  103://
        -:  104:// CATCH_CONFIG_COUNTER : is the __COUNTER__ macro supported?
        -:  105:// CATCH_CONFIG_WINDOWS_SEH : is Windows SEH supported?
        -:  106:// CATCH_CONFIG_POSIX_SIGNALS : are POSIX signals supported?
        -:  107:// ****************
        -:  108:// Note to maintainers: if new toggles are added please document them
        -:  109:// in configuration.md, too
        -:  110:// ****************
        -:  111:
        -:  112:// In general each macro has a _NO_<feature name> form
        -:  113:// (e.g. CATCH_CONFIG_NO_POSIX_SIGNALS) which disables the feature.
        -:  114:// Many features, at point of detection, define an _INTERNAL_ macro, so they
        -:  115:// can be combined, en-mass, with the _NO_ forms later.
        -:  116:
        -:  117:#ifdef __cplusplus
        -:  118:
        -:  119:#  if __cplusplus >= 201402L
        -:  120:#    define CATCH_CPP14_OR_GREATER
        -:  121:#  endif
        -:  122:
        -:  123:#  if __cplusplus >= 201703L
        -:  124:#    define CATCH_CPP17_OR_GREATER
        -:  125:#  endif
        -:  126:
        -:  127:#endif
        -:  128:
        -:  129:#if defined(CATCH_CPP17_OR_GREATER)
        -:  130:#  define CATCH_INTERNAL_CONFIG_CPP17_UNCAUGHT_EXCEPTIONS
        -:  131:#endif
        -:  132:
        -:  133:#ifdef __clang__
        -:  134:
        -:  135:#       define CATCH_INTERNAL_SUPPRESS_GLOBALS_WARNINGS \
        -:  136:            _Pragma( "clang diagnostic push" ) \
        -:  137:            _Pragma( "clang diagnostic ignored \"-Wexit-time-destructors\"" ) \
        -:  138:            _Pragma( "clang diagnostic ignored \"-Wglobal-constructors\"")
        -:  139:#       define CATCH_INTERNAL_UNSUPPRESS_GLOBALS_WARNINGS \
        -:  140:            _Pragma( "clang diagnostic pop" )
        -:  141:
        -:  142:#       define CATCH_INTERNAL_SUPPRESS_PARENTHESES_WARNINGS \
        -:  143:            _Pragma( "clang diagnostic push" ) \
        -:  144:            _Pragma( "clang diagnostic ignored \"-Wparentheses\"" )
        -:  145:#       define CATCH_INTERNAL_UNSUPPRESS_PARENTHESES_WARNINGS \
        -:  146:            _Pragma( "clang diagnostic pop" )
        -:  147:
        -:  148:#endif // __clang__
        -:  149:
        -:  150:////////////////////////////////////////////////////////////////////////////////
        -:  151:// Assume that non-Windows platforms support posix signals by default
        -:  152:#if !defined(CATCH_PLATFORM_WINDOWS)
        -:  153:    #define CATCH_INTERNAL_CONFIG_POSIX_SIGNALS
        -:  154:#endif
        -:  155:
        -:  156:////////////////////////////////////////////////////////////////////////////////
        -:  157:// We know some environments not to support full POSIX signals
        -:  158:#if defined(__CYGWIN__) || defined(__QNX__) || defined(__EMSCRIPTEN__) || defined(__DJGPP__)
        -:  159:    #define CATCH_INTERNAL_CONFIG_NO_POSIX_SIGNALS
        -:  160:#endif
        -:  161:
        -:  162:#ifdef __OS400__
        -:  163:#       define CATCH_INTERNAL_CONFIG_NO_POSIX_SIGNALS
        -:  164:#       define CATCH_CONFIG_COLOUR_NONE
        -:  165:#endif
        -:  166:
        -:  167:////////////////////////////////////////////////////////////////////////////////
        -:  168:// Cygwin
        -:  169:#ifdef __CYGWIN__
        -:  170:
        -:  171:// Required for some versions of Cygwin to declare gettimeofday
        -:  172:// see: http://stackoverflow.com/questions/36901803/gettimeofday-not-declared-in-this-scope-cygwin
        -:  173:#   define _BSD_SOURCE
        -:  174:
        -:  175:#endif // __CYGWIN__
        -:  176:
        -:  177:////////////////////////////////////////////////////////////////////////////////
        -:  178:// Visual C++
        -:  179:#ifdef _MSC_VER
        -:  180:
        -:  181:#  if _MSC_VER >= 1900 // Visual Studio 2015 or newer
        -:  182:#    define CATCH_INTERNAL_CONFIG_CPP17_UNCAUGHT_EXCEPTIONS
        -:  183:#  endif
        -:  184:
        -:  185:// Universal Windows platform does not support SEH
        -:  186:// Or console colours (or console at all...)
        -:  187:#  if defined(WINAPI_FAMILY) && (WINAPI_FAMILY == WINAPI_FAMILY_APP)
        -:  188:#    define CATCH_CONFIG_COLOUR_NONE
        -:  189:#  else
        -:  190:#    define CATCH_INTERNAL_CONFIG_WINDOWS_SEH
        -:  191:#  endif
        -:  192:
        -:  193:#endif // _MSC_VER
        -:  194:
        -:  195:////////////////////////////////////////////////////////////////////////////////
        -:  196:
        -:  197:// DJGPP
        -:  198:#ifdef __DJGPP__
        -:  199:#  define CATCH_INTERNAL_CONFIG_NO_WCHAR
        -:  200:#endif // __DJGPP__
        -:  201:
        -:  202:////////////////////////////////////////////////////////////////////////////////
        -:  203:
        -:  204:// Use of __COUNTER__ is suppressed during code analysis in
        -:  205:// CLion/AppCode 2017.2.x and former, because __COUNTER__ is not properly
        -:  206:// handled by it.
        -:  207:// Otherwise all supported compilers support COUNTER macro,
        -:  208:// but user still might want to turn it off
        -:  209:#if ( !defined(__JETBRAINS_IDE__) || __JETBRAINS_IDE__ >= 20170300L )
        -:  210:    #define CATCH_INTERNAL_CONFIG_COUNTER
        -:  211:#endif
        -:  212:
        -:  213:#if defined(CATCH_INTERNAL_CONFIG_COUNTER) && !defined(CATCH_CONFIG_NO_COUNTER) && !defined(CATCH_CONFIG_COUNTER)
        -:  214:#   define CATCH_CONFIG_COUNTER
        -:  215:#endif
        -:  216:#if defined(CATCH_INTERNAL_CONFIG_WINDOWS_SEH) && !defined(CATCH_CONFIG_NO_WINDOWS_SEH) && !defined(CATCH_CONFIG_WINDOWS_SEH)
        -:  217:#   define CATCH_CONFIG_WINDOWS_SEH
        -:  218:#endif
        -:  219:// This is set by default, because we assume that unix compilers are posix-signal-compatible by default.
        -:  220:#if defined(CATCH_INTERNAL_CONFIG_POSIX_SIGNALS) && !defined(CATCH_INTERNAL_CONFIG_NO_POSIX_SIGNALS) && !defined(CATCH_CONFIG_NO_POSIX_SIGNALS) && !defined(CATCH_CONFIG_POSIX_SIGNALS)
        -:  221:#   define CATCH_CONFIG_POSIX_SIGNALS
        -:  222:#endif
        -:  223:// This is set by default, because we assume that compilers with no wchar_t support are just rare exceptions.
        -:  224:#if !defined(CATCH_INTERNAL_CONFIG_NO_WCHAR) && !defined(CATCH_CONFIG_NO_WCHAR) && !defined(CATCH_CONFIG_WCHAR)
        -:  225:#   define CATCH_CONFIG_WCHAR
        -:  226:#endif
        -:  227:
        -:  228:#if defined(CATCH_INTERNAL_CONFIG_CPP17_UNCAUGHT_EXCEPTIONS) && !defined(CATCH_CONFIG_NO_CPP17_UNCAUGHT_EXCEPTIONS) && !defined(CATCH_CONFIG_CPP17_UNCAUGHT_EXCEPTIONS)
        -:  229:#  define CATCH_CONFIG_CPP17_UNCAUGHT_EXCEPTIONS
        -:  230:#endif
        -:  231:
        -:  232:#if !defined(CATCH_INTERNAL_SUPPRESS_PARENTHESES_WARNINGS)
        -:  233:#   define CATCH_INTERNAL_SUPPRESS_PARENTHESES_WARNINGS
        -:  234:#   define CATCH_INTERNAL_UNSUPPRESS_PARENTHESES_WARNINGS
        -:  235:#endif
        -:  236:#if !defined(CATCH_INTERNAL_SUPPRESS_GLOBALS_WARNINGS)
        -:  237:#   define CATCH_INTERNAL_SUPPRESS_GLOBALS_WARNINGS
        -:  238:#   define CATCH_INTERNAL_UNSUPPRESS_GLOBALS_WARNINGS
        -:  239:#endif
        -:  240:
        -:  241:// end catch_compiler_capabilities.h
        -:  242:#define INTERNAL_CATCH_UNIQUE_NAME_LINE2( name, line ) name##line
        -:  243:#define INTERNAL_CATCH_UNIQUE_NAME_LINE( name, line ) INTERNAL_CATCH_UNIQUE_NAME_LINE2( name, line )
        -:  244:#ifdef CATCH_CONFIG_COUNTER
        -:  245:#  define INTERNAL_CATCH_UNIQUE_NAME( name ) INTERNAL_CATCH_UNIQUE_NAME_LINE( name, __COUNTER__ )
        -:  246:#else
        -:  247:#  define INTERNAL_CATCH_UNIQUE_NAME( name ) INTERNAL_CATCH_UNIQUE_NAME_LINE( name, __LINE__ )
        -:  248:#endif
        -:  249:
        -:  250:#include <iosfwd>
        -:  251:#include <string>
        -:  252:#include <cstdint>
        -:  253:
        -:  254:namespace Catch {
        -:  255:
        -:  256:    struct CaseSensitive { enum Choice {
        -:  257:        Yes,
        -:  258:        No
        -:  259:    }; };
        -:  260:
        -:  261:    class NonCopyable {
        -:  262:        NonCopyable( NonCopyable const& )              = delete;
        -:  263:        NonCopyable( NonCopyable && )                  = delete;
        -:  264:        NonCopyable& operator = ( NonCopyable const& ) = delete;
        -:  265:        NonCopyable& operator = ( NonCopyable && )     = delete;
        -:  266:
        -:  267:    protected:
        -:  268:        NonCopyable();
        -:  269:        virtual ~NonCopyable();
        -:  270:    };
        -:  271:
        -:  272:    struct SourceLineInfo {
        -:  273:
        -:  274:        SourceLineInfo() = delete;
       83:  275:        SourceLineInfo( char const* _file, std::size_t _line ) noexcept
       83:  276:        :   file( _file ),
       83:  277:            line( _line )
       83:  278:        {}
        -:  279:
        -:  280:        SourceLineInfo( SourceLineInfo const& other )        = default;
        -:  281:        SourceLineInfo( SourceLineInfo && )                  = default;
        -:  282:        SourceLineInfo& operator = ( SourceLineInfo const& ) = default;
        -:  283:        SourceLineInfo& operator = ( SourceLineInfo && )     = default;
        -:  284:
        -:  285:        bool empty() const noexcept;
        -:  286:        bool operator == ( SourceLineInfo const& other ) const noexcept;
        -:  287:        bool operator < ( SourceLineInfo const& other ) const noexcept;
        -:  288:
        -:  289:        char const* file;
        -:  290:        std::size_t line;
        -:  291:    };
        -:  292:
        -:  293:    std::ostream& operator << ( std::ostream& os, SourceLineInfo const& info );
        -:  294:
        -:  295:    // Use this in variadic streaming macros to allow
        -:  296:    //    >> +StreamEndStop
        -:  297:    // as well as
        -:  298:    //    >> stuff +StreamEndStop
        -:  299:    struct StreamEndStop {
        -:  300:        std::string operator+() const;
        -:  301:    };
        -:  302:    template<typename T>
        -:  303:    T const& operator + ( T const& value, StreamEndStop ) {
        -:  304:        return value;
        -:  305:    }
        -:  306:}
        -:  307:
        -:  308:#define CATCH_INTERNAL_LINEINFO \
        -:  309:    ::Catch::SourceLineInfo( __FILE__, static_cast<std::size_t>( __LINE__ ) )
        -:  310:
        -:  311:// end catch_common.h
        -:  312:namespace Catch {
        -:  313:
        -:  314:    struct RegistrarForTagAliases {
        -:  315:        RegistrarForTagAliases( char const* alias, char const* tag, SourceLineInfo const& lineInfo );
        -:  316:    };
        -:  317:
        -:  318:} // end namespace Catch
        -:  319:
        -:  320:#define CATCH_REGISTER_TAG_ALIAS( alias, spec ) \
        -:  321:    CATCH_INTERNAL_SUPPRESS_GLOBALS_WARNINGS \
        -:  322:    namespace{ Catch::RegistrarForTagAliases INTERNAL_CATCH_UNIQUE_NAME( AutoRegisterTagAlias )( alias, spec, CATCH_INTERNAL_LINEINFO ); } \
        -:  323:    CATCH_INTERNAL_UNSUPPRESS_GLOBALS_WARNINGS
        -:  324:
        -:  325:// end catch_tag_alias_autoregistrar.h
        -:  326:// start catch_test_registry.h
        -:  327:
        -:  328:// start catch_interfaces_testcase.h
        -:  329:
        -:  330:#include <vector>
        -:  331:#include <memory>
        -:  332:
        -:  333:namespace Catch {
        -:  334:
        -:  335:    class TestSpec;
        -:  336:
        -:  337:    struct ITestInvoker {
        -:  338:        virtual void invoke () const = 0;
        -:  339:        virtual ~ITestInvoker();
        -:  340:    };
        -:  341:
        -:  342:    using ITestCasePtr = std::shared_ptr<ITestInvoker>;
        -:  343:
        -:  344:    class TestCase;
        -:  345:    struct IConfig;
        -:  346:
        -:  347:    struct ITestCaseRegistry {
        -:  348:        virtual ~ITestCaseRegistry();
        -:  349:        virtual std::vector<TestCase> const& getAllTests() const = 0;
        -:  350:        virtual std::vector<TestCase> const& getAllTestsSorted( IConfig const& config ) const = 0;
        -:  351:    };
        -:  352:
        -:  353:    bool matchTest( TestCase const& testCase, TestSpec const& testSpec, IConfig const& config );
        -:  354:    std::vector<TestCase> filterTests( std::vector<TestCase> const& testCases, TestSpec const& testSpec, IConfig const& config );
        -:  355:    std::vector<TestCase> const& getAllTestCasesSorted( IConfig const& config );
        -:  356:
        -:  357:}
        -:  358:
        -:  359:// end catch_interfaces_testcase.h
        -:  360:// start catch_stringref.h
        -:  361:
        -:  362:#include <cstddef>
        -:  363:#include <string>
        -:  364:#include <iosfwd>
        -:  365:
        -:  366:namespace Catch {
        -:  367:
        -:  368:    class StringData;
        -:  369:
        -:  370:    /// A non-owning string class (similar to the forthcoming std::string_view)
        -:  371:    /// Note that, because a StringRef may be a substring of another string,
        -:  372:    /// it may not be null terminated. c_str() must return a null terminated
        -:  373:    /// string, however, and so the StringRef will internally take ownership
        -:  374:    /// (taking a copy), if necessary. In theory this ownership is not externally
        -:  375:    /// visible - but it does mean (substring) StringRefs should not be shared between
        -:  376:    /// threads.
        -:  377:    class StringRef {
        -:  378:    public:
        -:  379:        using size_type = std::size_t;
        -:  380:
        -:  381:    private:
        -:  382:        friend struct StringRefTestAccess;
        -:  383:
        -:  384:        char const* m_start;
        -:  385:        size_type m_size;
        -:  386:
        -:  387:        char* m_data = nullptr;
        -:  388:
        -:  389:        void takeOwnership();
        -:  390:
        -:  391:        static constexpr char const* const s_empty = "";
        -:  392:
        -:  393:    public: // construction/ assignment
       53:  394:        StringRef() noexcept
       53:  395:        :   StringRef( s_empty, 0 )
       53:  396:        {}
        -:  397:
      131:  398:        StringRef( StringRef const& other ) noexcept
      131:  399:        :   m_start( other.m_start ),
      131:  400:            m_size( other.m_size )
      131:  401:        {}
        -:  402:
        -:  403:        StringRef( StringRef&& other ) noexcept
        -:  404:        :   m_start( other.m_start ),
        -:  405:            m_size( other.m_size ),
        -:  406:            m_data( other.m_data )
        -:  407:        {
        -:  408:            other.m_data = nullptr;
        -:  409:        }
        -:  410:
        -:  411:        StringRef( char const* rawChars ) noexcept;
        -:  412:
      239:  413:        StringRef( char const* rawChars, size_type size ) noexcept
      239:  414:        :   m_start( rawChars ),
      239:  415:            m_size( size )
      239:  416:        {}
        -:  417:
        1:  418:        StringRef( std::string const& stdString ) noexcept
        1:  419:        :   m_start( stdString.c_str() ),
        1:  420:            m_size( stdString.size() )
        1:  421:        {}
        -:  422:
      371:  423:        ~StringRef() noexcept {
     371*:  424:            delete[] m_data;
      371:  425:        }
        -:  426:
      102:  427:        auto operator = ( StringRef const &other ) noexcept -> StringRef& {
     102*:  428:            delete[] m_data;
      102:  429:            m_data = nullptr;
      102:  430:            m_start = other.m_start;
      102:  431:            m_size = other.m_size;
      102:  432:            return *this;
        -:  433:        }
        -:  434:
        -:  435:        operator std::string() const;
        -:  436:
        -:  437:        void swap( StringRef& other ) noexcept;
        -:  438:
        -:  439:    public: // operators
        -:  440:        auto operator == ( StringRef const& other ) const noexcept -> bool;
        -:  441:        auto operator != ( StringRef const& other ) const noexcept -> bool;
        -:  442:
        -:  443:        auto operator[] ( size_type index ) const noexcept -> char;
        -:  444:
        -:  445:    public: // named queries
        1:  446:        auto empty() const noexcept -> bool {
        1:  447:            return m_size == 0;
        -:  448:        }
    #####:  449:        auto size() const noexcept -> size_type {
    #####:  450:            return m_size;
        -:  451:        }
        -:  452:
        -:  453:        auto numberOfCharacters() const noexcept -> size_type;
        -:  454:        auto c_str() const -> char const*;
        -:  455:
        -:  456:    public: // substrings and searches
        -:  457:        auto substr( size_type start, size_type size ) const noexcept -> StringRef;
        -:  458:
        -:  459:        // Returns the current start pointer.
        -:  460:        // Note that the pointer can change when if the StringRef is a substring
        -:  461:        auto currentData() const noexcept -> char const*;
        -:  462:
        -:  463:    private: // ownership queries - may not be consistent between calls
        -:  464:        auto isOwned() const noexcept -> bool;
        -:  465:        auto isSubstring() const noexcept -> bool;
        -:  466:    };
        -:  467:
        -:  468:    auto operator + ( StringRef const& lhs, StringRef const& rhs ) -> std::string;
        -:  469:    auto operator + ( StringRef const& lhs, char const* rhs ) -> std::string;
        -:  470:    auto operator + ( char const* lhs, StringRef const& rhs ) -> std::string;
        -:  471:
        -:  472:    auto operator += ( std::string& lhs, StringRef const& sr ) -> std::string&;
        -:  473:    auto operator << ( std::ostream& os, StringRef const& sr ) -> std::ostream&;
        -:  474:
       51:  475:    inline auto operator "" _sr( char const* rawChars, std::size_t size ) noexcept -> StringRef {
       51:  476:        return StringRef( rawChars, size );
        -:  477:    }
        -:  478:
        -:  479:} // namespace Catch
        -:  480:
        -:  481:// end catch_stringref.h
        -:  482:namespace Catch {
        -:  483:
        -:  484:template<typename C>
        -:  485:class TestInvokerAsMethod : public ITestInvoker {
        -:  486:    void (C::*m_testAsMethod)();
        -:  487:public:
        -:  488:    TestInvokerAsMethod( void (C::*testAsMethod)() ) noexcept : m_testAsMethod( testAsMethod ) {}
        -:  489:
        -:  490:    void invoke() const override {
        -:  491:        C obj;
        -:  492:        (obj.*m_testAsMethod)();
        -:  493:    }
        -:  494:};
        -:  495:
        -:  496:auto makeTestInvoker( void(*testAsFunction)() ) noexcept -> ITestInvoker*;
        -:  497:
        -:  498:template<typename C>
        -:  499:auto makeTestInvoker( void (C::*testAsMethod)() ) noexcept -> ITestInvoker* {
        -:  500:    return new(std::nothrow) TestInvokerAsMethod<C>( testAsMethod );
        -:  501:}
        -:  502:
        -:  503:struct NameAndTags {
        -:  504:    NameAndTags( StringRef const& name_ = StringRef(), StringRef const& tags_ = StringRef() ) noexcept;
        -:  505:    StringRef name;
        -:  506:    StringRef tags;
        -:  507:};
        -:  508:
        -:  509:struct AutoReg : NonCopyable {
        -:  510:    AutoReg( ITestInvoker* invoker, SourceLineInfo const& lineInfo, StringRef const& classOrMethod, NameAndTags const& nameAndTags ) noexcept;
        -:  511:    ~AutoReg();
        -:  512:};
        -:  513:
        -:  514:} // end namespace Catch
        -:  515:
        -:  516:#if defined(CATCH_CONFIG_DISABLE)
        -:  517:    #define INTERNAL_CATCH_TESTCASE_NO_REGISTRATION( TestName, ... ) \
        -:  518:        static void TestName()
        -:  519:    #define INTERNAL_CATCH_TESTCASE_METHOD_NO_REGISTRATION( TestName, ClassName, ... ) \
        -:  520:        namespace{                        \
        -:  521:            struct TestName : ClassName { \
        -:  522:                void test();              \
        -:  523:            };                            \
        -:  524:        }                                 \
        -:  525:        void TestName::test()
        -:  526:
        -:  527:#endif
        -:  528:
        -:  529:    ///////////////////////////////////////////////////////////////////////////////
        -:  530:    #define INTERNAL_CATCH_TESTCASE2( TestName, ... ) \
        -:  531:        static void TestName(); \
        -:  532:        CATCH_INTERNAL_SUPPRESS_GLOBALS_WARNINGS \
        -:  533:        namespace{ Catch::AutoReg INTERNAL_CATCH_UNIQUE_NAME( autoRegistrar )( Catch::makeTestInvoker( &TestName ), CATCH_INTERNAL_LINEINFO, "", Catch::NameAndTags{ __VA_ARGS__ } ); } /* NOLINT */ \
        -:  534:        CATCH_INTERNAL_UNSUPPRESS_GLOBALS_WARNINGS \
        -:  535:        static void TestName()
        -:  536:    #define INTERNAL_CATCH_TESTCASE( ... ) \
        -:  537:        INTERNAL_CATCH_TESTCASE2( INTERNAL_CATCH_UNIQUE_NAME( ____C_A_T_C_H____T_E_S_T____ ), __VA_ARGS__ )
        -:  538:
        -:  539:    ///////////////////////////////////////////////////////////////////////////////
        -:  540:    #define INTERNAL_CATCH_METHOD_AS_TEST_CASE( QualifiedMethod, ... ) \
        -:  541:        CATCH_INTERNAL_SUPPRESS_GLOBALS_WARNINGS \
        -:  542:        namespace{ Catch::AutoReg INTERNAL_CATCH_UNIQUE_NAME( autoRegistrar )( Catch::makeTestInvoker( &QualifiedMethod ), CATCH_INTERNAL_LINEINFO, "&" #QualifiedMethod, Catch::NameAndTags{ __VA_ARGS__ } ); } /* NOLINT */ \
        -:  543:        CATCH_INTERNAL_UNSUPPRESS_GLOBALS_WARNINGS
        -:  544:
        -:  545:    ///////////////////////////////////////////////////////////////////////////////
        -:  546:    #define INTERNAL_CATCH_TEST_CASE_METHOD2( TestName, ClassName, ... )\
        -:  547:        CATCH_INTERNAL_SUPPRESS_GLOBALS_WARNINGS \
        -:  548:        namespace{ \
        -:  549:            struct TestName : ClassName{ \
        -:  550:                void test(); \
        -:  551:            }; \
        -:  552:            Catch::AutoReg INTERNAL_CATCH_UNIQUE_NAME( autoRegistrar ) ( Catch::makeTestInvoker( &TestName::test ), CATCH_INTERNAL_LINEINFO, #ClassName, Catch::NameAndTags{ __VA_ARGS__ } ); /* NOLINT */ \
        -:  553:        } \
        -:  554:        CATCH_INTERNAL_UNSUPPRESS_GLOBALS_WARNINGS \
        -:  555:        void TestName::test()
        -:  556:    #define INTERNAL_CATCH_TEST_CASE_METHOD( ClassName, ... ) \
        -:  557:        INTERNAL_CATCH_TEST_CASE_METHOD2( INTERNAL_CATCH_UNIQUE_NAME( ____C_A_T_C_H____T_E_S_T____ ), ClassName, __VA_ARGS__ )
        -:  558:
        -:  559:    ///////////////////////////////////////////////////////////////////////////////
        -:  560:    #define INTERNAL_CATCH_REGISTER_TESTCASE( Function, ... ) \
        -:  561:        CATCH_INTERNAL_SUPPRESS_GLOBALS_WARNINGS \
        -:  562:        Catch::AutoReg INTERNAL_CATCH_UNIQUE_NAME( autoRegistrar )( Catch::makeTestInvoker( Function ), CATCH_INTERNAL_LINEINFO, "", Catch::NameAndTags{ __VA_ARGS__ } ); /* NOLINT */ \
        -:  563:        CATCH_INTERNAL_UNSUPPRESS_GLOBALS_WARNINGS
        -:  564:
        -:  565:// end catch_test_registry.h
        -:  566:// start catch_capture.hpp
        -:  567:
        -:  568:// start catch_assertionhandler.h
        -:  569:
        -:  570:// start catch_assertioninfo.h
        -:  571:
        -:  572:// start catch_result_type.h
        -:  573:
        -:  574:namespace Catch {
        -:  575:
        -:  576:    // ResultWas::OfType enum
        -:  577:    struct ResultWas { enum OfType {
        -:  578:        Unknown = -1,
        -:  579:        Ok = 0,
        -:  580:        Info = 1,
        -:  581:        Warning = 2,
        -:  582:
        -:  583:        FailureBit = 0x10,
        -:  584:
        -:  585:        ExpressionFailed = FailureBit | 1,
        -:  586:        ExplicitFailure = FailureBit | 2,
        -:  587:
        -:  588:        Exception = 0x100 | FailureBit,
        -:  589:
        -:  590:        ThrewException = Exception | 1,
        -:  591:        DidntThrowException = Exception | 2,
        -:  592:
        -:  593:        FatalErrorCondition = 0x200 | FailureBit
        -:  594:
        -:  595:    }; };
        -:  596:
        -:  597:    bool isOk( ResultWas::OfType resultType );
        -:  598:    bool isJustInfo( int flags );
        -:  599:
        -:  600:    // ResultDisposition::Flags enum
        -:  601:    struct ResultDisposition { enum Flags {
        -:  602:        Normal = 0x01,
        -:  603:
        -:  604:        ContinueOnFailure = 0x02,   // Failures fail test, but execution continues
        -:  605:        FalseTest = 0x04,           // Prefix expression with !
        -:  606:        SuppressFail = 0x08         // Failures are reported but do not fail the test
        -:  607:    }; };
        -:  608:
        -:  609:    ResultDisposition::Flags operator | ( ResultDisposition::Flags lhs, ResultDisposition::Flags rhs );
        -:  610:
        -:  611:    bool shouldContinueOnFailure( int flags );
       41:  612:    inline bool isFalseTest( int flags ) { return ( flags & ResultDisposition::FalseTest ) != 0; }
        -:  613:    bool shouldSuppressFailure( int flags );
        -:  614:
        -:  615:} // end namespace Catch
        -:  616:
        -:  617:// end catch_result_type.h
        -:  618:namespace Catch {
        -:  619:
        -:  620:    struct AssertionInfo
        -:  621:    {
        -:  622:        StringRef macroName;
        -:  623:        SourceLineInfo lineInfo;
        -:  624:        StringRef capturedExpression;
        -:  625:        ResultDisposition::Flags resultDisposition;
        -:  626:
        -:  627:        // We want to delete this constructor but a compiler bug in 4.8 means
        -:  628:        // the struct is then treated as non-aggregate
        -:  629:        //AssertionInfo() = delete;
        -:  630:    };
        -:  631:
        -:  632:} // end namespace Catch
        -:  633:
        -:  634:// end catch_assertioninfo.h
        -:  635:// start catch_decomposer.h
        -:  636:
        -:  637:// start catch_tostring.h
        -:  638:
        -:  639:#include <vector>
        -:  640:#include <cstddef>
        -:  641:#include <type_traits>
        -:  642:#include <string>
        -:  643:// start catch_stream.h
        -:  644:
        -:  645:#include <iosfwd>
        -:  646:#include <cstddef>
        -:  647:#include <ostream>
        -:  648:
        -:  649:namespace Catch {
        -:  650:
        -:  651:    std::ostream& cout();
        -:  652:    std::ostream& cerr();
        -:  653:    std::ostream& clog();
        -:  654:
        -:  655:    class StringRef;
        -:  656:
        -:  657:    struct IStream {
        -:  658:        virtual ~IStream();
        -:  659:        virtual std::ostream& stream() const = 0;
        -:  660:    };
        -:  661:
        -:  662:    auto makeStream( StringRef const &filename ) -> IStream const*;
        -:  663:
        -:  664:    class ReusableStringStream {
        -:  665:        std::size_t m_index;
        -:  666:        std::ostream* m_oss;
        -:  667:    public:
        -:  668:        ReusableStringStream();
        -:  669:        ~ReusableStringStream();
        -:  670:
        -:  671:        auto str() const -> std::string;
        -:  672:
        -:  673:        template<typename T>
    #####:  674:        auto operator << ( T const& value ) -> ReusableStringStream& {
    #####:  675:            *m_oss << value;
    #####:  676:            return *this;
        -:  677:        }
------------------
_ZN5Catch20ReusableStringStreamlsIA27_cEERS0_RKT_:
    #####:  674:        auto operator << ( T const& value ) -> ReusableStringStream& {
    #####:  675:            *m_oss << value;
    #####:  676:            return *this;
        -:  677:        }
------------------
_ZN5Catch20ReusableStringStreamlsIA17_cEERS0_RKT_:
    #####:  674:        auto operator << ( T const& value ) -> ReusableStringStream& {
    #####:  675:            *m_oss << value;
    #####:  676:            return *this;
        -:  677:        }
------------------
_ZN5Catch20ReusableStringStreamlsIA37_cEERS0_RKT_:
    #####:  674:        auto operator << ( T const& value ) -> ReusableStringStream& {
    #####:  675:            *m_oss << value;
    #####:  676:            return *this;
        -:  677:        }
------------------
_ZN5Catch20ReusableStringStreamlsIA20_cEERS0_RKT_:
    #####:  674:        auto operator << ( T const& value ) -> ReusableStringStream& {
    #####:  675:            *m_oss << value;
    #####:  676:            return *this;
        -:  677:        }
------------------
_ZN5Catch20ReusableStringStreamlsINS_9StringRefEEERS0_RKT_:
    #####:  674:        auto operator << ( T const& value ) -> ReusableStringStream& {
    #####:  675:            *m_oss << value;
    #####:  676:            return *this;
        -:  677:        }
------------------
_ZN5Catch20ReusableStringStreamlsIA23_cEERS0_RKT_:
    #####:  674:        auto operator << ( T const& value ) -> ReusableStringStream& {
    #####:  675:            *m_oss << value;
    #####:  676:            return *this;
        -:  677:        }
------------------
_ZN5Catch20ReusableStringStreamlsIA53_cEERS0_RKT_:
    #####:  674:        auto operator << ( T const& value ) -> ReusableStringStream& {
    #####:  675:            *m_oss << value;
    #####:  676:            return *this;
        -:  677:        }
------------------
_ZN5Catch20ReusableStringStreamlsIcEERS0_RKT_:
    #####:  674:        auto operator << ( T const& value ) -> ReusableStringStream& {
    #####:  675:            *m_oss << value;
    #####:  676:            return *this;
        -:  677:        }
------------------
_ZN5Catch20ReusableStringStreamlsIA2_cEERS0_RKT_:
    #####:  674:        auto operator << ( T const& value ) -> ReusableStringStream& {
    #####:  675:            *m_oss << value;
    #####:  676:            return *this;
        -:  677:        }
------------------
_ZN5Catch20ReusableStringStreamlsIA36_cEERS0_RKT_:
    #####:  674:        auto operator << ( T const& value ) -> ReusableStringStream& {
    #####:  675:            *m_oss << value;
    #####:  676:            return *this;
        -:  677:        }
------------------
_ZN5Catch20ReusableStringStreamlsIA16_cEERS0_RKT_:
    #####:  674:        auto operator << ( T const& value ) -> ReusableStringStream& {
    #####:  675:            *m_oss << value;
    #####:  676:            return *this;
        -:  677:        }
------------------
_ZN5Catch20ReusableStringStreamlsImEERS0_RKT_:
    #####:  674:        auto operator << ( T const& value ) -> ReusableStringStream& {
    #####:  675:            *m_oss << value;
    #####:  676:            return *this;
        -:  677:        }
------------------
_ZN5Catch20ReusableStringStreamlsISt5_SetwEERS0_RKT_:
    #####:  674:        auto operator << ( T const& value ) -> ReusableStringStream& {
    #####:  675:            *m_oss << value;
    #####:  676:            return *this;
        -:  677:        }
------------------
_ZN5Catch20ReusableStringStreamlsIA13_cEERS0_RKT_:
    #####:  674:        auto operator << ( T const& value ) -> ReusableStringStream& {
    #####:  675:            *m_oss << value;
    #####:  676:            return *this;
        -:  677:        }
------------------
_ZN5Catch20ReusableStringStreamlsIA25_cEERS0_RKT_:
    #####:  674:        auto operator << ( T const& value ) -> ReusableStringStream& {
    #####:  675:            *m_oss << value;
    #####:  676:            return *this;
        -:  677:        }
------------------
_ZN5Catch20ReusableStringStreamlsINS_14SourceLineInfoEEERS0_RKT_:
    #####:  674:        auto operator << ( T const& value ) -> ReusableStringStream& {
    #####:  675:            *m_oss << value;
    #####:  676:            return *this;
        -:  677:        }
------------------
_ZN5Catch20ReusableStringStreamlsINS_14LazyExpressionEEERS0_RKT_:
    #####:  674:        auto operator << ( T const& value ) -> ReusableStringStream& {
    #####:  675:            *m_oss << value;
    #####:  676:            return *this;
        -:  677:        }
------------------
_ZN5Catch20ReusableStringStreamlsIA3_cEERS0_RKT_:
    #####:  674:        auto operator << ( T const& value ) -> ReusableStringStream& {
    #####:  675:            *m_oss << value;
    #####:  676:            return *this;
        -:  677:        }
------------------
_ZN5Catch20ReusableStringStreamlsINSt7__cxx1112basic_stringIcSt11char_traitsIcESaIcEEEEERS0_RKT_:
    #####:  674:        auto operator << ( T const& value ) -> ReusableStringStream& {
    #####:  675:            *m_oss << value;
    #####:  676:            return *this;
        -:  677:        }
------------------
_ZN5Catch20ReusableStringStreamlsIA9_cEERS0_RKT_:
    #####:  674:        auto operator << ( T const& value ) -> ReusableStringStream& {
    #####:  675:            *m_oss << value;
    #####:  676:            return *this;
        -:  677:        }
------------------
_ZN5Catch20ReusableStringStreamlsIFRSt8ios_baseS3_EEERS0_RKT_:
    #####:  674:        auto operator << ( T const& value ) -> ReusableStringStream& {
    #####:  675:            *m_oss << value;
    #####:  676:            return *this;
        -:  677:        }
------------------
_ZN5Catch20ReusableStringStreamlsIA1_cEERS0_RKT_:
    #####:  674:        auto operator << ( T const& value ) -> ReusableStringStream& {
    #####:  675:            *m_oss << value;
    #####:  676:            return *this;
        -:  677:        }
------------------
_ZN5Catch20ReusableStringStreamlsIdEERS0_RKT_:
    #####:  674:        auto operator << ( T const& value ) -> ReusableStringStream& {
    #####:  675:            *m_oss << value;
    #####:  676:            return *this;
        -:  677:        }
------------------
_ZN5Catch20ReusableStringStreamlsIfEERS0_RKT_:
    #####:  674:        auto operator << ( T const& value ) -> ReusableStringStream& {
    #####:  675:            *m_oss << value;
    #####:  676:            return *this;
        -:  677:        }
------------------
_ZN5Catch20ReusableStringStreamlsISt13_SetprecisionEERS0_RKT_:
    #####:  674:        auto operator << ( T const& value ) -> ReusableStringStream& {
    #####:  675:            *m_oss << value;
    #####:  676:            return *this;
        -:  677:        }
------------------
_ZN5Catch20ReusableStringStreamlsIA4_cEERS0_RKT_:
    #####:  674:        auto operator << ( T const& value ) -> ReusableStringStream& {
    #####:  675:            *m_oss << value;
    #####:  676:            return *this;
        -:  677:        }
------------------
_ZN5Catch20ReusableStringStreamlsIyEERS0_RKT_:
    #####:  674:        auto operator << ( T const& value ) -> ReusableStringStream& {
    #####:  675:            *m_oss << value;
    #####:  676:            return *this;
        -:  677:        }
------------------
_ZN5Catch20ReusableStringStreamlsIA5_cEERS0_RKT_:
    #####:  674:        auto operator << ( T const& value ) -> ReusableStringStream& {
    #####:  675:            *m_oss << value;
    #####:  676:            return *this;
        -:  677:        }
------------------
_ZN5Catch20ReusableStringStreamlsIxEERS0_RKT_:
    #####:  674:        auto operator << ( T const& value ) -> ReusableStringStream& {
    #####:  675:            *m_oss << value;
    #####:  676:            return *this;
        -:  677:        }
------------------
_ZN5Catch20ReusableStringStreamlsIjEERS0_RKT_:
    #####:  674:        auto operator << ( T const& value ) -> ReusableStringStream& {
    #####:  675:            *m_oss << value;
    #####:  676:            return *this;
        -:  677:        }
------------------
_ZN5Catch20ReusableStringStreamlsIPKcEERS0_RKT_:
    #####:  674:        auto operator << ( T const& value ) -> ReusableStringStream& {
    #####:  675:            *m_oss << value;
    #####:  676:            return *this;
        -:  677:        }
------------------
_ZN5Catch20ReusableStringStreamlsISt8_SetfillIcEEERS0_RKT_:
    #####:  674:        auto operator << ( T const& value ) -> ReusableStringStream& {
    #####:  675:            *m_oss << value;
    #####:  676:            return *this;
        -:  677:        }
------------------
_ZN5Catch20ReusableStringStreamlsINS_16TestCaseTracking11TrackerBase10CycleStateEEERS0_RKT_:
    #####:  674:        auto operator << ( T const& value ) -> ReusableStringStream& {
    #####:  675:            *m_oss << value;
    #####:  676:            return *this;
        -:  677:        }
------------------
_ZN5Catch20ReusableStringStreamlsIA18_cEERS0_RKT_:
    #####:  674:        auto operator << ( T const& value ) -> ReusableStringStream& {
    #####:  675:            *m_oss << value;
    #####:  676:            return *this;
        -:  677:        }
------------------
_ZN5Catch20ReusableStringStreamlsIA21_cEERS0_RKT_:
    #####:  674:        auto operator << ( T const& value ) -> ReusableStringStream& {
    #####:  675:            *m_oss << value;
    #####:  676:            return *this;
        -:  677:        }
------------------
_ZN5Catch20ReusableStringStreamlsIA15_cEERS0_RKT_:
    #####:  674:        auto operator << ( T const& value ) -> ReusableStringStream& {
    #####:  675:            *m_oss << value;
    #####:  676:            return *this;
        -:  677:        }
------------------
_ZN5Catch20ReusableStringStreamlsIA22_cEERS0_RKT_:
    #####:  674:        auto operator << ( T const& value ) -> ReusableStringStream& {
    #####:  675:            *m_oss << value;
    #####:  676:            return *this;
        -:  677:        }
------------------
_ZN5Catch20ReusableStringStreamlsIA67_cEERS0_RKT_:
    #####:  674:        auto operator << ( T const& value ) -> ReusableStringStream& {
    #####:  675:            *m_oss << value;
    #####:  676:            return *this;
        -:  677:        }
------------------
_ZN5Catch20ReusableStringStreamlsIA19_cEERS0_RKT_:
    #####:  674:        auto operator << ( T const& value ) -> ReusableStringStream& {
    #####:  675:            *m_oss << value;
    #####:  676:            return *this;
        -:  677:        }
------------------
_ZN5Catch20ReusableStringStreamlsIA12_cEERS0_RKT_:
    #####:  674:        auto operator << ( T const& value ) -> ReusableStringStream& {
    #####:  675:            *m_oss << value;
    #####:  676:            return *this;
        -:  677:        }
------------------
    #####:  678:        auto get() -> std::ostream& { return *m_oss; }
        -:  679:
        -:  680:        static void cleanup();
        -:  681:    };
        -:  682:}
        -:  683:
        -:  684:// end catch_stream.h
        -:  685:
        -:  686:#ifdef __OBJC__
        -:  687:// start catch_objc_arc.hpp
        -:  688:
        -:  689:#import <Foundation/Foundation.h>
        -:  690:
        -:  691:#ifdef __has_feature
        -:  692:#define CATCH_ARC_ENABLED __has_feature(objc_arc)
        -:  693:#else
        -:  694:#define CATCH_ARC_ENABLED 0
        -:  695:#endif
        -:  696:
        -:  697:void arcSafeRelease( NSObject* obj );
        -:  698:id performOptionalSelector( id obj, SEL sel );
        -:  699:
        -:  700:#if !CATCH_ARC_ENABLED
        -:  701:inline void arcSafeRelease( NSObject* obj ) {
        -:  702:    [obj release];
        -:  703:}
        -:  704:inline id performOptionalSelector( id obj, SEL sel ) {
        -:  705:    if( [obj respondsToSelector: sel] )
        -:  706:        return [obj performSelector: sel];
        -:  707:    return nil;
        -:  708:}
        -:  709:#define CATCH_UNSAFE_UNRETAINED
        -:  710:#define CATCH_ARC_STRONG
        -:  711:#else
        -:  712:inline void arcSafeRelease( NSObject* ){}
        -:  713:inline id performOptionalSelector( id obj, SEL sel ) {
        -:  714:#ifdef __clang__
        -:  715:#pragma clang diagnostic push
        -:  716:#pragma clang diagnostic ignored "-Warc-performSelector-leaks"
        -:  717:#endif
        -:  718:    if( [obj respondsToSelector: sel] )
        -:  719:        return [obj performSelector: sel];
        -:  720:#ifdef __clang__
        -:  721:#pragma clang diagnostic pop
        -:  722:#endif
        -:  723:    return nil;
        -:  724:}
        -:  725:#define CATCH_UNSAFE_UNRETAINED __unsafe_unretained
        -:  726:#define CATCH_ARC_STRONG __strong
        -:  727:#endif
        -:  728:
        -:  729:// end catch_objc_arc.hpp
        -:  730:#endif
        -:  731:
        -:  732:#ifdef _MSC_VER
        -:  733:#pragma warning(push)
        -:  734:#pragma warning(disable:4180) // We attempt to stream a function (address) by const&, which MSVC complains about but is harmless
        -:  735:#endif
        -:  736:
        -:  737:// We need a dummy global operator<< so we can bring it into Catch namespace later
        -:  738:struct Catch_global_namespace_dummy {};
        -:  739:std::ostream& operator<<(std::ostream&, Catch_global_namespace_dummy);
        -:  740:
        -:  741:namespace Catch {
        -:  742:    // Bring in operator<< from global namespace into Catch namespace
        -:  743:    using ::operator<<;
        -:  744:
        -:  745:    namespace Detail {
        -:  746:
        -:  747:        extern const std::string unprintableString;
        -:  748:
        -:  749:        std::string rawMemoryToString( const void *object, std::size_t size );
        -:  750:
        -:  751:        template<typename T>
        -:  752:        std::string rawMemoryToString( const T& object ) {
        -:  753:          return rawMemoryToString( &object, sizeof(object) );
        -:  754:        }
        -:  755:
        -:  756:        template<typename T>
        -:  757:        class IsStreamInsertable {
        -:  758:            template<typename SS, typename TT>
        -:  759:            static auto test(int)
        -:  760:                -> decltype(std::declval<SS&>() << std::declval<TT>(), std::true_type());
        -:  761:
        -:  762:            template<typename, typename>
        -:  763:            static auto test(...)->std::false_type;
        -:  764:
        -:  765:        public:
        -:  766:            static const bool value = decltype(test<std::ostream, const T&>(0))::value;
        -:  767:        };
        -:  768:
        -:  769:        template<typename E>
        -:  770:        std::string convertUnknownEnumToString( E e );
        -:  771:
        -:  772:        template<typename T>
        -:  773:        typename std::enable_if<!std::is_enum<T>::value, std::string>::type convertUnstreamable( T const& value ) {
        -:  774:#if !defined(CATCH_CONFIG_FALLBACK_STRINGIFIER)
        -:  775:            (void)value;
        -:  776:            return Detail::unprintableString;
        -:  777:#else
        -:  778:            return CATCH_CONFIG_FALLBACK_STRINGIFIER(value);
        -:  779:#endif
        -:  780:        }
        -:  781:        template<typename T>
        -:  782:        typename std::enable_if<std::is_enum<T>::value, std::string>::type convertUnstreamable( T const& value ) {
        -:  783:            return convertUnknownEnumToString( value );
        -:  784:        }
        -:  785:
        -:  786:    } // namespace Detail
        -:  787:
        -:  788:    // If we decide for C++14, change these to enable_if_ts
        -:  789:    template <typename T, typename = void>
        -:  790:    struct StringMaker {
        -:  791:        template <typename Fake = T>
        -:  792:        static
        -:  793:        typename std::enable_if<::Catch::Detail::IsStreamInsertable<Fake>::value, std::string>::type
    #####:  794:            convert(const Fake& value) {
    #####:  795:                ReusableStringStream rss;
    #####:  796:                rss << value;
    #####:  797:                return rss.str();
    #####:  798:        }
        -:  799:
        -:  800:        template <typename Fake = T>
        -:  801:        static
        -:  802:        typename std::enable_if<!::Catch::Detail::IsStreamInsertable<Fake>::value, std::string>::type
        -:  803:            convert( const Fake& value ) {
        -:  804:                return Detail::convertUnstreamable( value );
        -:  805:        }
        -:  806:    };
        -:  807:
        -:  808:    namespace Detail {
        -:  809:
        -:  810:        // This function dispatches all stringification requests inside of Catch.
        -:  811:        // Should be preferably called fully qualified, like ::Catch::Detail::stringify
        -:  812:        template <typename T>
    #####:  813:        std::string stringify(const T& e) {
    #####:  814:            return ::Catch::StringMaker<typename std::remove_cv<typename std::remove_reference<T>::type>::type>::convert(e);
        -:  815:        }
------------------
_ZN5Catch6Detail9stringifyIiEENSt7__cxx1112basic_stringIcSt11char_traitsIcESaIcEEERKT_:
    #####:  813:        std::string stringify(const T& e) {
    #####:  814:            return ::Catch::StringMaker<typename std::remove_cv<typename std::remove_reference<T>::type>::type>::convert(e);
        -:  815:        }
------------------
_ZN5Catch6Detail9stringifyIcEENSt7__cxx1112basic_stringIcSt11char_traitsIcESaIcEEERKT_:
    #####:  813:        std::string stringify(const T& e) {
    #####:  814:            return ::Catch::StringMaker<typename std::remove_cv<typename std::remove_reference<T>::type>::type>::convert(e);
        -:  815:        }
------------------
_ZN5Catch6Detail9stringifyIjEENSt7__cxx1112basic_stringIcSt11char_traitsIcESaIcEEERKT_:
    #####:  813:        std::string stringify(const T& e) {
    #####:  814:            return ::Catch::StringMaker<typename std::remove_cv<typename std::remove_reference<T>::type>::type>::convert(e);
        -:  815:        }
------------------
_ZN5Catch6Detail9stringifyIyEENSt7__cxx1112basic_stringIcSt11char_traitsIcESaIcEEERKT_:
    #####:  813:        std::string stringify(const T& e) {
    #####:  814:            return ::Catch::StringMaker<typename std::remove_cv<typename std::remove_reference<T>::type>::type>::convert(e);
        -:  815:        }
------------------
_ZN5Catch6Detail9stringifyIxEENSt7__cxx1112basic_stringIcSt11char_traitsIcESaIcEEERKT_:
    #####:  813:        std::string stringify(const T& e) {
    #####:  814:            return ::Catch::StringMaker<typename std::remove_cv<typename std::remove_reference<T>::type>::type>::convert(e);
        -:  815:        }
------------------
_ZN5Catch6Detail9stringifyINSt7__cxx1112basic_stringIwSt11char_traitsIwESaIwEEEEENS3_IcS4_IcESaIcEEERKT_:
    #####:  813:        std::string stringify(const T& e) {
    #####:  814:            return ::Catch::StringMaker<typename std::remove_cv<typename std::remove_reference<T>::type>::type>::convert(e);
        -:  815:        }
------------------
_ZN5Catch6Detail9stringifyINSt7__cxx1112basic_stringIcSt11char_traitsIcESaIcEEEEES7_RKT_:
    #####:  813:        std::string stringify(const T& e) {
    #####:  814:            return ::Catch::StringMaker<typename std::remove_cv<typename std::remove_reference<T>::type>::type>::convert(e);
        -:  815:        }
------------------
_ZN5Catch6Detail9stringifyINS_14SourceLineInfoEEENSt7__cxx1112basic_stringIcSt11char_traitsIcESaIcEEERKT_:
    #####:  813:        std::string stringify(const T& e) {
    #####:  814:            return ::Catch::StringMaker<typename std::remove_cv<typename std::remove_reference<T>::type>::type>::convert(e);
        -:  815:        }
------------------
_ZN5Catch6Detail9stringifyIdEENSt7__cxx1112basic_stringIcSt11char_traitsIcESaIcEEERKT_:
    #####:  813:        std::string stringify(const T& e) {
    #####:  814:            return ::Catch::StringMaker<typename std::remove_cv<typename std::remove_reference<T>::type>::type>::convert(e);
        -:  815:        }
------------------
        -:  816:
        -:  817:        template<typename E>
        -:  818:        std::string convertUnknownEnumToString( E e ) {
        -:  819:            return ::Catch::Detail::stringify(static_cast<typename std::underlying_type<E>::type>(e));
        -:  820:        }
        -:  821:
        -:  822:    } // namespace Detail
        -:  823:
        -:  824:    // Some predefined specializations
        -:  825:
        -:  826:    template<>
        -:  827:    struct StringMaker<std::string> {
        -:  828:        static std::string convert(const std::string& str);
        -:  829:    };
        -:  830:#ifdef CATCH_CONFIG_WCHAR
        -:  831:    template<>
        -:  832:    struct StringMaker<std::wstring> {
        -:  833:        static std::string convert(const std::wstring& wstr);
        -:  834:    };
        -:  835:#endif
        -:  836:
        -:  837:    template<>
        -:  838:    struct StringMaker<char const *> {
        -:  839:        static std::string convert(char const * str);
        -:  840:    };
        -:  841:    template<>
        -:  842:    struct StringMaker<char *> {
        -:  843:        static std::string convert(char * str);
        -:  844:    };
        -:  845:#ifdef CATCH_CONFIG_WCHAR
        -:  846:    template<>
        -:  847:    struct StringMaker<wchar_t const *> {
        -:  848:        static std::string convert(wchar_t const * str);
        -:  849:    };
        -:  850:    template<>
        -:  851:    struct StringMaker<wchar_t *> {
        -:  852:        static std::string convert(wchar_t * str);
        -:  853:    };
        -:  854:#endif
        -:  855:
        -:  856:    template<int SZ>
        -:  857:    struct StringMaker<char[SZ]> {
        -:  858:        static std::string convert(const char* str) {
        -:  859:            return ::Catch::Detail::stringify(std::string{ str });
        -:  860:        }
        -:  861:    };
        -:  862:    template<int SZ>
        -:  863:    struct StringMaker<signed char[SZ]> {
        -:  864:        static std::string convert(const char* str) {
        -:  865:            return ::Catch::Detail::stringify(std::string{ str });
        -:  866:        }
        -:  867:    };
        -:  868:    template<int SZ>
        -:  869:    struct StringMaker<unsigned char[SZ]> {
        -:  870:        static std::string convert(const char* str) {
        -:  871:            return ::Catch::Detail::stringify(std::string{ str });
        -:  872:        }
        -:  873:    };
        -:  874:
        -:  875:    template<>
        -:  876:    struct StringMaker<int> {
        -:  877:        static std::string convert(int value);
        -:  878:    };
        -:  879:    template<>
        -:  880:    struct StringMaker<long> {
        -:  881:        static std::string convert(long value);
        -:  882:    };
        -:  883:    template<>
        -:  884:    struct StringMaker<long long> {
        -:  885:        static std::string convert(long long value);
        -:  886:    };
        -:  887:    template<>
        -:  888:    struct StringMaker<unsigned int> {
        -:  889:        static std::string convert(unsigned int value);
        -:  890:    };
        -:  891:    template<>
        -:  892:    struct StringMaker<unsigned long> {
        -:  893:        static std::string convert(unsigned long value);
        -:  894:    };
        -:  895:    template<>
        -:  896:    struct StringMaker<unsigned long long> {
        -:  897:        static std::string convert(unsigned long long value);
        -:  898:    };
        -:  899:
        -:  900:    template<>
        -:  901:    struct StringMaker<bool> {
        -:  902:        static std::string convert(bool b);
        -:  903:    };
        -:  904:
        -:  905:    template<>
        -:  906:    struct StringMaker<char> {
        -:  907:        static std::string convert(char c);
        -:  908:    };
        -:  909:    template<>
        -:  910:    struct StringMaker<signed char> {
        -:  911:        static std::string convert(signed char c);
        -:  912:    };
        -:  913:    template<>
        -:  914:    struct StringMaker<unsigned char> {
        -:  915:        static std::string convert(unsigned char c);
        -:  916:    };
        -:  917:
        -:  918:    template<>
        -:  919:    struct StringMaker<std::nullptr_t> {
        -:  920:        static std::string convert(std::nullptr_t);
        -:  921:    };
        -:  922:
        -:  923:    template<>
        -:  924:    struct StringMaker<float> {
        -:  925:        static std::string convert(float value);
        -:  926:    };
        -:  927:    template<>
        -:  928:    struct StringMaker<double> {
        -:  929:        static std::string convert(double value);
        -:  930:    };
        -:  931:
        -:  932:    template <typename T>
        -:  933:    struct StringMaker<T*> {
        -:  934:        template <typename U>
        -:  935:        static std::string convert(U* p) {
        -:  936:            if (p) {
        -:  937:                return ::Catch::Detail::rawMemoryToString(p);
        -:  938:            } else {
        -:  939:                return "nullptr";
        -:  940:            }
        -:  941:        }
        -:  942:    };
        -:  943:
        -:  944:    template <typename R, typename C>
        -:  945:    struct StringMaker<R C::*> {
        -:  946:        static std::string convert(R C::* p) {
        -:  947:            if (p) {
        -:  948:                return ::Catch::Detail::rawMemoryToString(p);
        -:  949:            } else {
        -:  950:                return "nullptr";
        -:  951:            }
        -:  952:        }
        -:  953:    };
        -:  954:
        -:  955:    namespace Detail {
        -:  956:        template<typename InputIterator>
        -:  957:        std::string rangeToString(InputIterator first, InputIterator last) {
        -:  958:            ReusableStringStream rss;
        -:  959:            rss << "{ ";
        -:  960:            if (first != last) {
        -:  961:                rss << ::Catch::Detail::stringify(*first);
        -:  962:                for (++first; first != last; ++first)
        -:  963:                    rss << ", " << ::Catch::Detail::stringify(*first);
        -:  964:            }
        -:  965:            rss << " }";
        -:  966:            return rss.str();
        -:  967:        }
        -:  968:    }
        -:  969:
        -:  970:#ifdef __OBJC__
        -:  971:    template<>
        -:  972:    struct StringMaker<NSString*> {
        -:  973:        static std::string convert(NSString * nsstring) {
        -:  974:            if (!nsstring)
        -:  975:                return "nil";
        -:  976:            return std::string("@") + [nsstring UTF8String];
        -:  977:        }
        -:  978:    };
        -:  979:    template<>
        -:  980:    struct StringMaker<NSObject*> {
        -:  981:        static std::string convert(NSObject* nsObject) {
        -:  982:            return ::Catch::Detail::stringify([nsObject description]);
        -:  983:        }
        -:  984:
        -:  985:    };
        -:  986:    namespace Detail {
        -:  987:        inline std::string stringify( NSString* nsstring ) {
        -:  988:            return StringMaker<NSString*>::convert( nsstring );
        -:  989:        }
        -:  990:
        -:  991:    } // namespace Detail
        -:  992:#endif // __OBJC__
        -:  993:
        -:  994:} // namespace Catch
        -:  995:
        -:  996://////////////////////////////////////////////////////
        -:  997:// Separate std-lib types stringification, so it can be selectively enabled
        -:  998:// This means that we do not bring in
        -:  999:
        -: 1000:#if defined(CATCH_CONFIG_ENABLE_ALL_STRINGMAKERS)
        -: 1001:#  define CATCH_CONFIG_ENABLE_PAIR_STRINGMAKER
        -: 1002:#  define CATCH_CONFIG_ENABLE_TUPLE_STRINGMAKER
        -: 1003:#  define CATCH_CONFIG_ENABLE_CHRONO_STRINGMAKER
        -: 1004:#endif
        -: 1005:
        -: 1006:// Separate std::pair specialization
        -: 1007:#if defined(CATCH_CONFIG_ENABLE_PAIR_STRINGMAKER)
        -: 1008:#include <utility>
        -: 1009:namespace Catch {
        -: 1010:    template<typename T1, typename T2>
        -: 1011:    struct StringMaker<std::pair<T1, T2> > {
        -: 1012:        static std::string convert(const std::pair<T1, T2>& pair) {
        -: 1013:            ReusableStringStream rss;
        -: 1014:            rss << "{ "
        -: 1015:                << ::Catch::Detail::stringify(pair.first)
        -: 1016:                << ", "
        -: 1017:                << ::Catch::Detail::stringify(pair.second)
        -: 1018:                << " }";
        -: 1019:            return rss.str();
        -: 1020:        }
        -: 1021:    };
        -: 1022:}
        -: 1023:#endif // CATCH_CONFIG_ENABLE_PAIR_STRINGMAKER
        -: 1024:
        -: 1025:// Separate std::tuple specialization
        -: 1026:#if defined(CATCH_CONFIG_ENABLE_TUPLE_STRINGMAKER)
        -: 1027:#include <tuple>
        -: 1028:namespace Catch {
        -: 1029:    namespace Detail {
        -: 1030:        template<
        -: 1031:            typename Tuple,
        -: 1032:            std::size_t N = 0,
        -: 1033:            bool = (N < std::tuple_size<Tuple>::value)
        -: 1034:            >
        -: 1035:            struct TupleElementPrinter {
        -: 1036:            static void print(const Tuple& tuple, std::ostream& os) {
        -: 1037:                os << (N ? ", " : " ")
        -: 1038:                    << ::Catch::Detail::stringify(std::get<N>(tuple));
        -: 1039:                TupleElementPrinter<Tuple, N + 1>::print(tuple, os);
        -: 1040:            }
        -: 1041:        };
        -: 1042:
        -: 1043:        template<
        -: 1044:            typename Tuple,
        -: 1045:            std::size_t N
        -: 1046:        >
        -: 1047:            struct TupleElementPrinter<Tuple, N, false> {
        -: 1048:            static void print(const Tuple&, std::ostream&) {}
        -: 1049:        };
        -: 1050:
        -: 1051:    }
        -: 1052:
        -: 1053:    template<typename ...Types>
        -: 1054:    struct StringMaker<std::tuple<Types...>> {
        -: 1055:        static std::string convert(const std::tuple<Types...>& tuple) {
        -: 1056:            ReusableStringStream rss;
        -: 1057:            rss << '{';
        -: 1058:            Detail::TupleElementPrinter<std::tuple<Types...>>::print(tuple, rss.get());
        -: 1059:            rss << " }";
        -: 1060:            return rss.str();
        -: 1061:        }
        -: 1062:    };
        -: 1063:}
        -: 1064:#endif // CATCH_CONFIG_ENABLE_TUPLE_STRINGMAKER
        -: 1065:
        -: 1066:namespace Catch {
        -: 1067:    struct not_this_one {}; // Tag type for detecting which begin/ end are being selected
        -: 1068:
        -: 1069:    // Import begin/ end from std here so they are considered alongside the fallback (...) overloads in this namespace
        -: 1070:    using std::begin;
        -: 1071:    using std::end;
        -: 1072:
        -: 1073:    not_this_one begin( ... );
        -: 1074:    not_this_one end( ... );
        -: 1075:
        -: 1076:    template <typename T>
        -: 1077:    struct is_range {
        -: 1078:        static const bool value =
        -: 1079:            !std::is_same<decltype(begin(std::declval<T>())), not_this_one>::value &&
        -: 1080:            !std::is_same<decltype(end(std::declval<T>())), not_this_one>::value;
        -: 1081:    };
        -: 1082:
        -: 1083:    template<typename Range>
        -: 1084:    std::string rangeToString( Range const& range ) {
        -: 1085:        return ::Catch::Detail::rangeToString( begin( range ), end( range ) );
        -: 1086:    }
        -: 1087:
        -: 1088:    // Handle vector<bool> specially
        -: 1089:    template<typename Allocator>
        -: 1090:    std::string rangeToString( std::vector<bool, Allocator> const& v ) {
        -: 1091:        ReusableStringStream rss;
        -: 1092:        rss << "{ ";
        -: 1093:        bool first = true;
        -: 1094:        for( bool b : v ) {
        -: 1095:            if( first )
        -: 1096:                first = false;
        -: 1097:            else
        -: 1098:                rss << ", ";
        -: 1099:            rss << ::Catch::Detail::stringify( b );
        -: 1100:        }
        -: 1101:        rss << " }";
        -: 1102:        return rss.str();
        -: 1103:    }
        -: 1104:
        -: 1105:    template<typename R>
        -: 1106:    struct StringMaker<R, typename std::enable_if<is_range<R>::value && !::Catch::Detail::IsStreamInsertable<R>::value>::type> {
        -: 1107:        static std::string convert( R const& range ) {
        -: 1108:            return rangeToString( range );
        -: 1109:        }
        -: 1110:    };
        -: 1111:
        -: 1112:    template <typename T, int SZ>
        -: 1113:    struct StringMaker<T[SZ]> {
        -: 1114:        static std::string convert(T const(&arr)[SZ]) {
        -: 1115:            return rangeToString(arr);
        -: 1116:        }
        -: 1117:    };
        -: 1118:
        -: 1119:} // namespace Catch
        -: 1120:
        -: 1121:// Separate std::chrono::duration specialization
        -: 1122:#if defined(CATCH_CONFIG_ENABLE_CHRONO_STRINGMAKER)
        -: 1123:#include <ctime>
        -: 1124:#include <ratio>
        -: 1125:#include <chrono>
        -: 1126:
        -: 1127:namespace Catch {
        -: 1128:
        -: 1129:template <class Ratio>
        -: 1130:struct ratio_string {
        -: 1131:    static std::string symbol();
        -: 1132:};
        -: 1133:
        -: 1134:template <class Ratio>
        -: 1135:std::string ratio_string<Ratio>::symbol() {
        -: 1136:    Catch::ReusableStringStream rss;
        -: 1137:    rss << '[' << Ratio::num << '/'
        -: 1138:        << Ratio::den << ']';
        -: 1139:    return rss.str();
        -: 1140:}
        -: 1141:template <>
        -: 1142:struct ratio_string<std::atto> {
        -: 1143:    static std::string symbol();
        -: 1144:};
        -: 1145:template <>
        -: 1146:struct ratio_string<std::femto> {
        -: 1147:    static std::string symbol();
        -: 1148:};
        -: 1149:template <>
        -: 1150:struct ratio_string<std::pico> {
        -: 1151:    static std::string symbol();
        -: 1152:};
        -: 1153:template <>
        -: 1154:struct ratio_string<std::nano> {
        -: 1155:    static std::string symbol();
        -: 1156:};
        -: 1157:template <>
        -: 1158:struct ratio_string<std::micro> {
        -: 1159:    static std::string symbol();
        -: 1160:};
        -: 1161:template <>
        -: 1162:struct ratio_string<std::milli> {
        -: 1163:    static std::string symbol();
        -: 1164:};
        -: 1165:
        -: 1166:    ////////////
        -: 1167:    // std::chrono::duration specializations
        -: 1168:    template<typename Value, typename Ratio>
        -: 1169:    struct StringMaker<std::chrono::duration<Value, Ratio>> {
        -: 1170:        static std::string convert(std::chrono::duration<Value, Ratio> const& duration) {
        -: 1171:            ReusableStringStream rss;
        -: 1172:            rss << duration.count() << ' ' << ratio_string<Ratio>::symbol() << 's';
        -: 1173:            return rss.str();
        -: 1174:        }
        -: 1175:    };
        -: 1176:    template<typename Value>
        -: 1177:    struct StringMaker<std::chrono::duration<Value, std::ratio<1>>> {
        -: 1178:        static std::string convert(std::chrono::duration<Value, std::ratio<1>> const& duration) {
        -: 1179:            ReusableStringStream rss;
        -: 1180:            rss << duration.count() << " s";
        -: 1181:            return rss.str();
        -: 1182:        }
        -: 1183:    };
        -: 1184:    template<typename Value>
        -: 1185:    struct StringMaker<std::chrono::duration<Value, std::ratio<60>>> {
        -: 1186:        static std::string convert(std::chrono::duration<Value, std::ratio<60>> const& duration) {
        -: 1187:            ReusableStringStream rss;
        -: 1188:            rss << duration.count() << " m";
        -: 1189:            return rss.str();
        -: 1190:        }
        -: 1191:    };
        -: 1192:    template<typename Value>
        -: 1193:    struct StringMaker<std::chrono::duration<Value, std::ratio<3600>>> {
        -: 1194:        static std::string convert(std::chrono::duration<Value, std::ratio<3600>> const& duration) {
        -: 1195:            ReusableStringStream rss;
        -: 1196:            rss << duration.count() << " h";
        -: 1197:            return rss.str();
        -: 1198:        }
        -: 1199:    };
        -: 1200:
        -: 1201:    ////////////
        -: 1202:    // std::chrono::time_point specialization
        -: 1203:    // Generic time_point cannot be specialized, only std::chrono::time_point<system_clock>
        -: 1204:    template<typename Clock, typename Duration>
        -: 1205:    struct StringMaker<std::chrono::time_point<Clock, Duration>> {
        -: 1206:        static std::string convert(std::chrono::time_point<Clock, Duration> const& time_point) {
        -: 1207:            return ::Catch::Detail::stringify(time_point.time_since_epoch()) + " since epoch";
        -: 1208:        }
        -: 1209:    };
        -: 1210:    // std::chrono::time_point<system_clock> specialization
        -: 1211:    template<typename Duration>
        -: 1212:    struct StringMaker<std::chrono::time_point<std::chrono::system_clock, Duration>> {
        -: 1213:        static std::string convert(std::chrono::time_point<std::chrono::system_clock, Duration> const& time_point) {
        -: 1214:            auto converted = std::chrono::system_clock::to_time_t(time_point);
        -: 1215:
        -: 1216:#ifdef _MSC_VER
        -: 1217:            std::tm timeInfo = {};
        -: 1218:            gmtime_s(&timeInfo, &converted);
        -: 1219:#else
        -: 1220:            std::tm* timeInfo = std::gmtime(&converted);
        -: 1221:#endif
        -: 1222:
        -: 1223:            auto const timeStampSize = sizeof("2017-01-16T17:06:45Z");
        -: 1224:            char timeStamp[timeStampSize];
        -: 1225:            const char * const fmt = "%Y-%m-%dT%H:%M:%SZ";
        -: 1226:
        -: 1227:#ifdef _MSC_VER
        -: 1228:            std::strftime(timeStamp, timeStampSize, fmt, &timeInfo);
        -: 1229:#else
        -: 1230:            std::strftime(timeStamp, timeStampSize, fmt, timeInfo);
        -: 1231:#endif
        -: 1232:            return std::string(timeStamp);
        -: 1233:        }
        -: 1234:    };
        -: 1235:}
        -: 1236:#endif // CATCH_CONFIG_ENABLE_CHRONO_STRINGMAKER
        -: 1237:
        -: 1238:#ifdef _MSC_VER
        -: 1239:#pragma warning(pop)
        -: 1240:#endif
        -: 1241:
        -: 1242:// end catch_tostring.h
        -: 1243:#include <iosfwd>
        -: 1244:
        -: 1245:#ifdef _MSC_VER
        -: 1246:#pragma warning(push)
        -: 1247:#pragma warning(disable:4389) // '==' : signed/unsigned mismatch
        -: 1248:#pragma warning(disable:4018) // more "signed/unsigned mismatch"
        -: 1249:#pragma warning(disable:4312) // Converting int to T* using reinterpret_cast (issue on x64 platform)
        -: 1250:#pragma warning(disable:4180) // qualifier applied to function type has no meaning
        -: 1251:#endif
        -: 1252:
        -: 1253:namespace Catch {
        -: 1254:
        -: 1255:    struct ITransientExpression {
    #####: 1256:        auto isBinaryExpression() const -> bool { return m_isBinaryExpression; }
       41: 1257:        auto getResult() const -> bool { return m_result; }
        -: 1258:        virtual void streamReconstructedExpression( std::ostream &os ) const = 0;
        -: 1259:
       41: 1260:        ITransientExpression( bool isBinaryExpression, bool result )
       41: 1261:        :   m_isBinaryExpression( isBinaryExpression ),
       41: 1262:            m_result( result )
       41: 1263:        {}
        -: 1264:
        -: 1265:        // We don't actually need a virtual destructor, but many static analysers
        -: 1266:        // complain if it's not here :-(
        -: 1267:        virtual ~ITransientExpression();
        -: 1268:
        -: 1269:        bool m_isBinaryExpression;
        -: 1270:        bool m_result;
        -: 1271:
        -: 1272:    };
        -: 1273:
        -: 1274:    void formatReconstructedExpression( std::ostream &os, std::string const& lhs, StringRef op, std::string const& rhs );
        -: 1275:
        -: 1276:    template<typename LhsT, typename RhsT>
        -: 1277:    class BinaryExpr  : public ITransientExpression {
        -: 1278:        LhsT m_lhs;
        -: 1279:        StringRef m_op;
        -: 1280:        RhsT m_rhs;
        -: 1281:
    #####: 1282:        void streamReconstructedExpression( std::ostream &os ) const override {
        -: 1283:            formatReconstructedExpression
    #####: 1284:                    ( os, Catch::Detail::stringify( m_lhs ), m_op, Catch::Detail::stringify( m_rhs ) );
    #####: 1285:        }
        -: 1286:
        -: 1287:    public:
       41: 1288:        BinaryExpr( bool comparisonResult, LhsT lhs, StringRef op, RhsT rhs )
        -: 1289:        :   ITransientExpression{ true, comparisonResult },
       41: 1290:            m_lhs( lhs ),
       41: 1291:            m_op( op ),
       41: 1292:            m_rhs( rhs )
       41: 1293:        {}
        -: 1294:    };
        -: 1295:
        -: 1296:    template<typename LhsT>
        -: 1297:    class UnaryExpr : public ITransientExpression {
        -: 1298:        LhsT m_lhs;
        -: 1299:
        -: 1300:        void streamReconstructedExpression( std::ostream &os ) const override {
        -: 1301:            os << Catch::Detail::stringify( m_lhs );
        -: 1302:        }
        -: 1303:
        -: 1304:    public:
        -: 1305:        explicit UnaryExpr( LhsT lhs )
        -: 1306:        :   ITransientExpression{ false, lhs ? true : false },
        -: 1307:            m_lhs( lhs )
        -: 1308:        {}
        -: 1309:    };
        -: 1310:
        -: 1311:    // Specialised comparison functions to handle equality comparisons between ints and pointers (NULL deduces as an int)
        -: 1312:    template<typename LhsT, typename RhsT>
       41: 1313:    auto compareEqual( LhsT const& lhs, RhsT const& rhs ) -> bool { return static_cast<bool>(lhs == rhs); }
        -: 1314:    template<typename T>
        -: 1315:    auto compareEqual( T* const& lhs, int rhs ) -> bool { return lhs == reinterpret_cast<void const*>( rhs ); }
        -: 1316:    template<typename T>
        -: 1317:    auto compareEqual( T* const& lhs, long rhs ) -> bool { return lhs == reinterpret_cast<void const*>( rhs ); }
        -: 1318:    template<typename T>
        -: 1319:    auto compareEqual( int lhs, T* const& rhs ) -> bool { return reinterpret_cast<void const*>( lhs ) == rhs; }
        -: 1320:    template<typename T>
        -: 1321:    auto compareEqual( long lhs, T* const& rhs ) -> bool { return reinterpret_cast<void const*>( lhs ) == rhs; }
        -: 1322:
        -: 1323:    template<typename LhsT, typename RhsT>
        -: 1324:    auto compareNotEqual( LhsT const& lhs, RhsT&& rhs ) -> bool { return static_cast<bool>(lhs != rhs); }
        -: 1325:    template<typename T>
        -: 1326:    auto compareNotEqual( T* const& lhs, int rhs ) -> bool { return lhs != reinterpret_cast<void const*>( rhs ); }
        -: 1327:    template<typename T>
        -: 1328:    auto compareNotEqual( T* const& lhs, long rhs ) -> bool { return lhs != reinterpret_cast<void const*>( rhs ); }
        -: 1329:    template<typename T>
        -: 1330:    auto compareNotEqual( int lhs, T* const& rhs ) -> bool { return reinterpret_cast<void const*>( lhs ) != rhs; }
        -: 1331:    template<typename T>
        -: 1332:    auto compareNotEqual( long lhs, T* const& rhs ) -> bool { return reinterpret_cast<void const*>( lhs ) != rhs; }
        -: 1333:
        -: 1334:    template<typename LhsT>
        -: 1335:    class ExprLhs {
        -: 1336:        LhsT m_lhs;
        -: 1337:    public:
       41: 1338:        explicit ExprLhs( LhsT lhs ) : m_lhs( lhs ) {}
        -: 1339:
        -: 1340:        template<typename RhsT>
       41: 1341:        auto operator == ( RhsT const& rhs ) -> BinaryExpr<LhsT, RhsT const&> const {
       41: 1342:            return { compareEqual( m_lhs, rhs ), m_lhs, "==", rhs };
        -: 1343:        }
        -: 1344:        auto operator == ( bool rhs ) -> BinaryExpr<LhsT, bool> const {
        -: 1345:            return { m_lhs == rhs, m_lhs, "==", rhs };
        -: 1346:        }
        -: 1347:
        -: 1348:        template<typename RhsT>
        -: 1349:        auto operator != ( RhsT const& rhs ) -> BinaryExpr<LhsT, RhsT const&> const {
        -: 1350:            return { compareNotEqual( m_lhs, rhs ), m_lhs, "!=", rhs };
        -: 1351:        }
        -: 1352:        auto operator != ( bool rhs ) -> BinaryExpr<LhsT, bool> const {
        -: 1353:            return { m_lhs != rhs, m_lhs, "!=", rhs };
        -: 1354:        }
        -: 1355:
        -: 1356:        template<typename RhsT>
        -: 1357:        auto operator > ( RhsT const& rhs ) -> BinaryExpr<LhsT, RhsT const&> const {
        -: 1358:            return { static_cast<bool>(m_lhs > rhs), m_lhs, ">", rhs };
        -: 1359:        }
        -: 1360:        template<typename RhsT>
        -: 1361:        auto operator < ( RhsT const& rhs ) -> BinaryExpr<LhsT, RhsT const&> const {
        -: 1362:            return { static_cast<bool>(m_lhs < rhs), m_lhs, "<", rhs };
        -: 1363:        }
        -: 1364:        template<typename RhsT>
[...]
        -:12587:#ifdef CATCH_CONFIG_PREFIX_ALL
        -:12588:
        -:12589:#define CATCH_REQUIRE( ... ) INTERNAL_CATCH_TEST( "CATCH_REQUIRE", Catch::ResultDisposition::Normal, __VA_ARGS__ )
        -:12590:#define CATCH_REQUIRE_FALSE( ... ) INTERNAL_CATCH_TEST( "CATCH_REQUIRE_FALSE", Catch::ResultDisposition::Normal | Catch::ResultDisposition::FalseTest, __VA_ARGS__ )
        -:12591:
        -:12592:#define CATCH_REQUIRE_THROWS( ... ) INTERNAL_CATCH_THROWS( "CATCH_REQUIRE_THROWS", Catch::ResultDisposition::Normal, "", __VA_ARGS__ )
        -:12593:#define CATCH_REQUIRE_THROWS_AS( expr, exceptionType ) INTERNAL_CATCH_THROWS_AS( "CATCH_REQUIRE_THROWS_AS", exceptionType, Catch::ResultDisposition::Normal, expr )
        -:12594:#define CATCH_REQUIRE_THROWS_WITH( expr, matcher ) INTERNAL_CATCH_THROWS_STR_MATCHES( "CATCH_REQUIRE_THROWS_WITH", Catch::ResultDisposition::Normal, matcher, expr )
        -:12595:#if !defined(CATCH_CONFIG_DISABLE_MATCHERS)
        -:12596:#define CATCH_REQUIRE_THROWS_MATCHES( expr, exceptionType, matcher ) INTERNAL_CATCH_THROWS_MATCHES( "CATCH_REQUIRE_THROWS_MATCHES", exceptionType, Catch::ResultDisposition::Normal, matcher, expr )
        -:12597:#endif// CATCH_CONFIG_DISABLE_MATCHERS
        -:12598:#define CATCH_REQUIRE_NOTHROW( ... ) INTERNAL_CATCH_NO_THROW( "CATCH_REQUIRE_NOTHROW", Catch::ResultDisposition::Normal, __VA_ARGS__ )
        -:12599:
        -:12600:#define CATCH_CHECK( ... ) INTERNAL_CATCH_TEST( "CATCH_CHECK", Catch::ResultDisposition::ContinueOnFailure, __VA_ARGS__ )
        -:12601:#define CATCH_CHECK_FALSE( ... ) INTERNAL_CATCH_TEST( "CATCH_CHECK_FALSE", Catch::ResultDisposition::ContinueOnFailure | Catch::ResultDisposition::FalseTest, __VA_ARGS__ )
        -:12602:#define CATCH_CHECKED_IF( ... ) INTERNAL_CATCH_IF( "CATCH_CHECKED_IF", Catch::ResultDisposition::ContinueOnFailure, __VA_ARGS__ )
        -:12603:#define CATCH_CHECKED_ELSE( ... ) INTERNAL_CATCH_ELSE( "CATCH_CHECKED_ELSE", Catch::ResultDisposition::ContinueOnFailure, __VA_ARGS__ )
        -:12604:#define CATCH_CHECK_NOFAIL( ... ) INTERNAL_CATCH_TEST( "CATCH_CHECK_NOFAIL", Catch::ResultDisposition::ContinueOnFailure | Catch::ResultDisposition::SuppressFail, __VA_ARGS__ )
        -:12605:
        -:12606:#define CATCH_CHECK_THROWS( ... )  INTERNAL_CATCH_THROWS( "CATCH_CHECK_THROWS", Catch::ResultDisposition::ContinueOnFailure, "", __VA_ARGS__ )
        -:12607:#define CATCH_CHECK_THROWS_AS( expr, exceptionType ) INTERNAL_CATCH_THROWS_AS( "CATCH_CHECK_THROWS_AS", exceptionType, Catch::ResultDisposition::ContinueOnFailure, expr )
        -:12608:#define CATCH_CHECK_THROWS_WITH( expr, matcher ) INTERNAL_CATCH_THROWS_STR_MATCHES( "CATCH_CHECK_THROWS_WITH", Catch::ResultDisposition::ContinueOnFailure, matcher, expr )
        -:12609:#if !defined(CATCH_CONFIG_DISABLE_MATCHERS)
        -:12610:#define CATCH_CHECK_THROWS_MATCHES( expr, exceptionType, matcher ) INTERNAL_CATCH_THROWS_MATCHES( "CATCH_CHECK_THROWS_MATCHES", exceptionType, Catch::ResultDisposition::ContinueOnFailure, matcher, expr )
        -:12611:#endif // CATCH_CONFIG_DISABLE_MATCHERS
        -:12612:#define CATCH_CHECK_NOTHROW( ... ) INTERNAL_CATCH_NO_THROW( "CATCH_CHECK_NOTHROW", Catch::ResultDisposition::ContinueOnFailure, __VA_ARGS__ )
        -:12613:
        -:12614:#if !defined(CATCH_CONFIG_DISABLE_MATCHERS)
        -:12615:#define CATCH_CHECK_THAT( arg, matcher ) INTERNAL_CHECK_THAT( "CATCH_CHECK_THAT", matcher, Catch::ResultDisposition::ContinueOnFailure, arg )
        -:12616:
        -:12617:#define CATCH_REQUIRE_THAT( arg, matcher ) INTERNAL_CHECK_THAT( "CATCH_REQUIRE_THAT", matcher, Catch::ResultDisposition::Normal, arg )
        -:12618:#endif // CATCH_CONFIG_DISABLE_MATCHERS
        -:12619:
        -:12620:#define CATCH_INFO( msg ) INTERNAL_CATCH_INFO( "CATCH_INFO", msg )
        -:12621:#define CATCH_WARN( msg ) INTERNAL_CATCH_MSG( "CATCH_WARN", Catch::ResultWas::Warning, Catch::ResultDisposition::ContinueOnFailure, msg )
        -:12622:#define CATCH_CAPTURE( msg ) INTERNAL_CATCH_INFO( "CATCH_CAPTURE", #msg " := " << ::Catch::Detail::stringify(msg) )
        -:12623:
        -:12624:#define CATCH_TEST_CASE( ... ) INTERNAL_CATCH_TESTCASE( __VA_ARGS__ )
        -:12625:#define CATCH_TEST_CASE_METHOD( className, ... ) INTERNAL_CATCH_TEST_CASE_METHOD( className, __VA_ARGS__ )
        -:12626:#define CATCH_METHOD_AS_TEST_CASE( method, ... ) INTERNAL_CATCH_METHOD_AS_TEST_CASE( method, __VA_ARGS__ )
        -:12627:#define CATCH_REGISTER_TEST_CASE( Function, ... ) INTERNAL_CATCH_REGISTER_TESTCASE( Function, __VA_ARGS__ )
        -:12628:#define CATCH_SECTION( ... ) INTERNAL_CATCH_SECTION( __VA_ARGS__ )
        -:12629:#define CATCH_FAIL( ... ) INTERNAL_CATCH_MSG( "CATCH_FAIL", Catch::ResultWas::ExplicitFailure, Catch::ResultDisposition::Normal, __VA_ARGS__ )
        -:12630:#define CATCH_FAIL_CHECK( ... ) INTERNAL_CATCH_MSG( "CATCH_FAIL_CHECK", Catch::ResultWas::ExplicitFailure, Catch::ResultDisposition::ContinueOnFailure, __VA_ARGS__ )
        -:12631:#define CATCH_SUCCEED( ... ) INTERNAL_CATCH_MSG( "CATCH_SUCCEED", Catch::ResultWas::Ok, Catch::ResultDisposition::ContinueOnFailure, __VA_ARGS__ )
        -:12632:
        -:12633:#define CATCH_ANON_TEST_CASE() INTERNAL_CATCH_TESTCASE()
        -:12634:
        -:12635:// "BDD-style" convenience wrappers
        -:12636:#define CATCH_SCENARIO( ... ) CATCH_TEST_CASE( "Scenario: " __VA_ARGS__ )
        -:12637:#define CATCH_SCENARIO_METHOD( className, ... ) INTERNAL_CATCH_TEST_CASE_METHOD( className, "Scenario: " __VA_ARGS__ )
        -:12638:#define CATCH_GIVEN( desc )    CATCH_SECTION( std::string( "Given: ") + desc )
        -:12639:#define CATCH_WHEN( desc )     CATCH_SECTION( std::string( " When: ") + desc )
        -:12640:#define CATCH_AND_WHEN( desc ) CATCH_SECTION( std::string( "  And: ") + desc )
        -:12641:#define CATCH_THEN( desc )     CATCH_SECTION( std::string( " Then: ") + desc )
        -:12642:#define CATCH_AND_THEN( desc ) CATCH_SECTION( std::string( "  And: ") + desc )
        -:12643:
        -:12644:// If CATCH_CONFIG_PREFIX_ALL is not defined then the CATCH_ prefix is not required
        -:12645:#else
        -:12646:
        -:12647:#define REQUIRE( ... ) INTERNAL_CATCH_TEST( "REQUIRE", Catch::ResultDisposition::Normal, __VA_ARGS__  )
        -:12648:#define REQUIRE_FALSE( ... ) INTERNAL_CATCH_TEST( "REQUIRE_FALSE", Catch::ResultDisposition::Normal | Catch::ResultDisposition::FalseTest, __VA_ARGS__ )
        -:12649:
        -:12650:#define REQUIRE_THROWS( ... ) INTERNAL_CATCH_THROWS( "REQUIRE_THROWS", Catch::ResultDisposition::Normal, __VA_ARGS__ )
        -:12651:#define REQUIRE_THROWS_AS( expr, exceptionType ) INTERNAL_CATCH_THROWS_AS( "REQUIRE_THROWS_AS", exceptionType, Catch::ResultDisposition::Normal, expr )
        -:12652:#define REQUIRE_THROWS_WITH( expr, matcher ) INTERNAL_CATCH_THROWS_STR_MATCHES( "REQUIRE_THROWS_WITH", Catch::ResultDisposition::Normal, matcher, expr )
        -:12653:#if !defined(CATCH_CONFIG_DISABLE_MATCHERS)
        -:12654:#define REQUIRE_THROWS_MATCHES( expr, exceptionType, matcher ) INTERNAL_CATCH_THROWS_MATCHES( "REQUIRE_THROWS_MATCHES", exceptionType, Catch::ResultDisposition::Normal, matcher, expr )
        -:12655:#endif // CATCH_CONFIG_DISABLE_MATCHERS
        -:12656:#define REQUIRE_NOTHROW( ... ) INTERNAL_CATCH_NO_THROW( "REQUIRE_NOTHROW", Catch::ResultDisposition::Normal, __VA_ARGS__ )
        -:12657:
        -:12658:#define CHECK( ... ) INTERNAL_CATCH_TEST( "CHECK", Catch::ResultDisposition::ContinueOnFailure, __VA_ARGS__ )
        -:12659:#define CHECK_FALSE( ... ) INTERNAL_CATCH_TEST( "CHECK_FALSE", Catch::ResultDisposition::ContinueOnFailure | Catch::ResultDisposition::FalseTest, __VA_ARGS__ )
        -:12660:#define CHECKED_IF( ... ) INTERNAL_CATCH_IF( "CHECKED_IF", Catch::ResultDisposition::ContinueOnFailure, __VA_ARGS__ )
        -:12661:#define CHECKED_ELSE( ... ) INTERNAL_CATCH_ELSE( "CHECKED_ELSE", Catch::ResultDisposition::ContinueOnFailure, __VA_ARGS__ )
        -:12662:#define CHECK_NOFAIL( ... ) INTERNAL_CATCH_TEST( "CHECK_NOFAIL", Catch::ResultDisposition::ContinueOnFailure | Catch::ResultDisposition::SuppressFail, __VA_ARGS__ )
        -:12663:
        -:12664:#define CHECK_THROWS( ... )  INTERNAL_CATCH_THROWS( "CHECK_THROWS", Catch::ResultDisposition::ContinueOnFailure, __VA_ARGS__ )
        -:12665:#define CHECK_THROWS_AS( expr, exceptionType ) INTERNAL_CATCH_THROWS_AS( "CHECK_THROWS_AS", exceptionType, Catch::ResultDisposition::ContinueOnFailure, expr )
        -:12666:#define CHECK_THROWS_WITH( expr, matcher ) INTERNAL_CATCH_THROWS_STR_MATCHES( "CHECK_THROWS_WITH", Catch::ResultDisposition::ContinueOnFailure, matcher, expr )
        -:12667:#if !defined(CATCH_CONFIG_DISABLE_MATCHERS)
        -:12668:#define CHECK_THROWS_MATCHES( expr, exceptionType, matcher ) INTERNAL_CATCH_THROWS_MATCHES( "CHECK_THROWS_MATCHES", exceptionType, Catch::ResultDisposition::ContinueOnFailure, matcher, expr )
        -:12669:#endif // CATCH_CONFIG_DISABLE_MATCHERS
        -:12670:#define CHECK_NOTHROW( ... ) INTERNAL_CATCH_NO_THROW( "CHECK_NOTHROW", Catch::ResultDisposition::ContinueOnFailure, __VA_ARGS__ )
        -:12671:
        -:12672:#if !defined(CATCH_CONFIG_DISABLE_MATCHERS)
        -:12673:#define CHECK_THAT( arg, matcher ) INTERNAL_CHECK_THAT( "CHECK_THAT", matcher, Catch::ResultDisposition::ContinueOnFailure, arg )
        -:12674:
        -:12675:#define REQUIRE_THAT( arg, matcher ) INTERNAL_CHECK_THAT( "REQUIRE_THAT", matcher, Catch::ResultDisposition::Normal, arg )
        -:12676:#endif // CATCH_CONFIG_DISABLE_MATCHERS
        -:12677:
        -:12678:#define INFO( msg ) INTERNAL_CATCH_INFO( "INFO", msg )
        -:12679:#define WARN( msg ) INTERNAL_CATCH_MSG( "WARN", Catch::ResultWas::Warning, Catch::ResultDisposition::ContinueOnFailure, msg )
        -:12680:#define CAPTURE( msg ) INTERNAL_CATCH_INFO( "CAPTURE", #msg " := " << ::Catch::Detail::stringify(msg) )
        -:12681:
        -:12682:#define TEST_CASE( ... ) INTERNAL_CATCH_TESTCASE( __VA_ARGS__ )
        -:12683:#define TEST_CASE_METHOD( className, ... ) INTERNAL_CATCH_TEST_CASE_METHOD( className, __VA_ARGS__ )
        -:12684:#define METHOD_AS_TEST_CASE( method, ... ) INTERNAL_CATCH_METHOD_AS_TEST_CASE( method, __VA_ARGS__ )
        -:12685:#define REGISTER_TEST_CASE( Function, ... ) INTERNAL_CATCH_REGISTER_TESTCASE( Function, __VA_ARGS__ )
        -:12686:#define SECTION( ... ) INTERNAL_CATCH_SECTION( __VA_ARGS__ )
        -:12687:#define FAIL( ... ) INTERNAL_CATCH_MSG( "FAIL", Catch::ResultWas::ExplicitFailure, Catch::ResultDisposition::Normal, __VA_ARGS__ )
        -:12688:#define FAIL_CHECK( ... ) INTERNAL_CATCH_MSG( "FAIL_CHECK", Catch::ResultWas::ExplicitFailure, Catch::ResultDisposition::ContinueOnFailure, __VA_ARGS__ )
        -:12689:#define SUCCEED( ... ) INTERNAL_CATCH_MSG( "SUCCEED", Catch::ResultWas::Ok, Catch::ResultDisposition::ContinueOnFailure, __VA_ARGS__ )
        -:12690:#define ANON_TEST_CASE() INTERNAL_CATCH_TESTCASE()
        -:12691:
        -:12692:#endif
        -:12693:
        -:12694:#define CATCH_TRANSLATE_EXCEPTION( signature ) INTERNAL_CATCH_TRANSLATE_EXCEPTION( signature )
        -:12695:
        -:12696:// "BDD-style" convenience wrappers
        -:12697:#define SCENARIO( ... ) TEST_CASE( "Scenario: " __VA_ARGS__ )
        -:12698:#define SCENARIO_METHOD( className, ... ) INTERNAL_CATCH_TEST_CASE_METHOD( className, "Scenario: " __VA_ARGS__ )
        -:12699:
        -:12700:#define GIVEN( desc )    SECTION( std::string("   Given: ") + desc )
        -:12701:#define WHEN( desc )     SECTION( std::string("    When: ") + desc )
        -:12702:#define AND_WHEN( desc ) SECTION( std::string("And when: ") + desc )
        -:12703:#define THEN( desc )     SECTION( std::string("    Then: ") + desc )
        -:12704:#define AND_THEN( desc ) SECTION( std::string("     And: ") + desc )
        -:12705:
        -:12706:using Catch::Detail::Approx;
        -:12707:
        -:12708:#else
        -:12709://////
        -:12710:// If this config identifier is defined then all CATCH macros are prefixed with CATCH_
        -:12711:#ifdef CATCH_CONFIG_PREFIX_ALL
        -:12712:
        -:12713:#define CATCH_REQUIRE( ... )        (void)(0)
        -:12714:#define CATCH_REQUIRE_FALSE( ... )  (void)(0)
        -:12715:
        -:12716:#define CATCH_REQUIRE_THROWS( ... ) (void)(0)
        -:12717:#define CATCH_REQUIRE_THROWS_AS( expr, exceptionType ) (void)(0)
        -:12718:#define CATCH_REQUIRE_THROWS_WITH( expr, matcher )     (void)(0)
        -:12719:#if !defined(CATCH_CONFIG_DISABLE_MATCHERS)
        -:12720:#define CATCH_REQUIRE_THROWS_MATCHES( expr, exceptionType, matcher ) (void)(0)
        -:12721:#endif// CATCH_CONFIG_DISABLE_MATCHERS
        -:12722:#define CATCH_REQUIRE_NOTHROW( ... ) (void)(0)
        -:12723:
        -:12724:#define CATCH_CHECK( ... )         (void)(0)
        -:12725:#define CATCH_CHECK_FALSE( ... )   (void)(0)
        -:12726:#define CATCH_CHECKED_IF( ... )    if (__VA_ARGS__)
        -:12727:#define CATCH_CHECKED_ELSE( ... )  if (!(__VA_ARGS__))
        -:12728:#define CATCH_CHECK_NOFAIL( ... )  (void)(0)
        -:12729:
        -:12730:#define CATCH_CHECK_THROWS( ... )  (void)(0)
        -:12731:#define CATCH_CHECK_THROWS_AS( expr, exceptionType ) (void)(0)
        -:12732:#define CATCH_CHECK_THROWS_WITH( expr, matcher )     (void)(0)
        -:12733:#if !defined(CATCH_CONFIG_DISABLE_MATCHERS)
        -:12734:#define CATCH_CHECK_THROWS_MATCHES( expr, exceptionType, matcher ) (void)(0)
        -:12735:#endif // CATCH_CONFIG_DISABLE_MATCHERS
        -:12736:#define CATCH_CHECK_NOTHROW( ... ) (void)(0)
        -:12737:
        -:12738:#if !defined(CATCH_CONFIG_DISABLE_MATCHERS)
        -:12739:#define CATCH_CHECK_THAT( arg, matcher )   (void)(0)
        -:12740:
        -:12741:#define CATCH_REQUIRE_THAT( arg, matcher ) (void)(0)
        -:12742:#endif // CATCH_CONFIG_DISABLE_MATCHERS
        -:12743:
        -:12744:#define CATCH_INFO( msg )    (void)(0)
        -:12745:#define CATCH_WARN( msg )    (void)(0)
        -:12746:#define CATCH_CAPTURE( msg ) (void)(0)
        -:12747:
        -:12748:#define CATCH_TEST_CASE( ... ) INTERNAL_CATCH_TESTCASE_NO_REGISTRATION(INTERNAL_CATCH_UNIQUE_NAME( ____C_A_T_C_H____T_E_S_T____ ))
        -:12749:#define CATCH_TEST_CASE_METHOD( className, ... ) INTERNAL_CATCH_TESTCASE_NO_REGISTRATION(INTERNAL_CATCH_UNIQUE_NAME( ____C_A_T_C_H____T_E_S_T____ ))
        -:12750:#define CATCH_METHOD_AS_TEST_CASE( method, ... )
        -:12751:#define CATCH_REGISTER_TEST_CASE( Function, ... ) (void)(0)
        -:12752:#define CATCH_SECTION( ... )
        -:12753:#define CATCH_FAIL( ... ) (void)(0)
        -:12754:#define CATCH_FAIL_CHECK( ... ) (void)(0)
        -:12755:#define CATCH_SUCCEED( ... ) (void)(0)
        -:12756:
        -:12757:#define CATCH_ANON_TEST_CASE() INTERNAL_CATCH_TESTCASE_NO_REGISTRATION(INTERNAL_CATCH_UNIQUE_NAME( ____C_A_T_C_H____T_E_S_T____ ))
        -:12758:
        -:12759:// "BDD-style" convenience wrappers
        -:12760:#define CATCH_SCENARIO( ... ) INTERNAL_CATCH_TESTCASE_NO_REGISTRATION(INTERNAL_CATCH_UNIQUE_NAME( ____C_A_T_C_H____T_E_S_T____ ))
        -:12761:#define CATCH_SCENARIO_METHOD( className, ... ) INTERNAL_CATCH_TESTCASE_METHOD_NO_REGISTRATION(INTERNAL_CATCH_UNIQUE_NAME( ____C_A_T_C_H____T_E_S_T____ ), className )
        -:12762:#define CATCH_GIVEN( desc )
        -:12763:#define CATCH_WHEN( desc )
        -:12764:#define CATCH_AND_WHEN( desc )
        -:12765:#define CATCH_THEN( desc )
        -:12766:#define CATCH_AND_THEN( desc )
        -:12767:
        -:12768:// If CATCH_CONFIG_PREFIX_ALL is not defined then the CATCH_ prefix is not required
        -:12769:#else
        -:12770:
        -:12771:#define REQUIRE( ... )       (void)(0)
        -:12772:#define REQUIRE_FALSE( ... ) (void)(0)
        -:12773:
        -:12774:#define REQUIRE_THROWS( ... ) (void)(0)
        -:12775:#define REQUIRE_THROWS_AS( expr, exceptionType ) (void)(0)
        -:12776:#define REQUIRE_THROWS_WITH( expr, matcher ) (void)(0)
        -:12777:#if !defined(CATCH_CONFIG_DISABLE_MATCHERS)
        -:12778:#define REQUIRE_THROWS_MATCHES( expr, exceptionType, matcher ) (void)(0)
        -:12779:#endif // CATCH_CONFIG_DISABLE_MATCHERS
        -:12780:#define REQUIRE_NOTHROW( ... ) (void)(0)
        -:12781:
        -:12782:#define CHECK( ... ) (void)(0)
        -:12783:#define CHECK_FALSE( ... ) (void)(0)
        -:12784:#define CHECKED_IF( ... ) if (__VA_ARGS__)
        -:12785:#define CHECKED_ELSE( ... ) if (!(__VA_ARGS__))
        -:12786:#define CHECK_NOFAIL( ... ) (void)(0)
        -:12787:
        -:12788:#define CHECK_THROWS( ... )  (void)(0)
        -:12789:#define CHECK_THROWS_AS( expr, exceptionType ) (void)(0)
        -:12790:#define CHECK_THROWS_WITH( expr, matcher ) (void)(0)
        -:12791:#if !defined(CATCH_CONFIG_DISABLE_MATCHERS)
        -:12792:#define CHECK_THROWS_MATCHES( expr, exceptionType, matcher ) (void)(0)
        -:12793:#endif // CATCH_CONFIG_DISABLE_MATCHERS
        -:12794:#define CHECK_NOTHROW( ... ) (void)(0)
        -:12795:
        -:12796:#if !defined(CATCH_CONFIG_DISABLE_MATCHERS)
        -:12797:#define CHECK_THAT( arg, matcher ) (void)(0)
        -:12798:
        -:12799:#define REQUIRE_THAT( arg, matcher ) (void)(0)
        -:12800:#endif // CATCH_CONFIG_DISABLE_MATCHERS
        -:12801:
        -:12802:#define INFO( msg ) (void)(0)
        -:12803:#define WARN( msg ) (void)(0)
        -:12804:#define CAPTURE( msg ) (void)(0)
        -:12805:
        -:12806:#define TEST_CASE( ... )  INTERNAL_CATCH_TESTCASE_NO_REGISTRATION(INTERNAL_CATCH_UNIQUE_NAME( ____C_A_T_C_H____T_E_S_T____ ))
        -:12807:#define TEST_CASE_METHOD( className, ... ) INTERNAL_CATCH_TESTCASE_NO_REGISTRATION(INTERNAL_CATCH_UNIQUE_NAME( ____C_A_T_C_H____T_E_S_T____ ))
        -:12808:#define METHOD_AS_TEST_CASE( method, ... )
        -:12809:#define REGISTER_TEST_CASE( Function, ... ) (void)(0)
        -:12810:#define SECTION( ... )
        -:12811:#define FAIL( ... ) (void)(0)
        -:12812:#define FAIL_CHECK( ... ) (void)(0)
        -:12813:#define SUCCEED( ... ) (void)(0)
        -:12814:#define ANON_TEST_CASE() INTERNAL_CATCH_TESTCASE_NO_REGISTRATION(INTERNAL_CATCH_UNIQUE_NAME( ____C_A_T_C_H____T_E_S_T____ ))
        -:12815:
        -:12816:#endif
        -:12817:
        -:12818:#define CATCH_TRANSLATE_EXCEPTION( signature ) INTERNAL_CATCH_TRANSLATE_EXCEPTION_NO_REG( INTERNAL_CATCH_UNIQUE_NAME( catch_internal_ExceptionTranslator ), signature )
        -:12819:
        -:12820:// "BDD-style" convenience wrappers
        -:12821:#define SCENARIO( ... ) INTERNAL_CATCH_TESTCASE_NO_REGISTRATION(INTERNAL_CATCH_UNIQUE_NAME( ____C_A_T_C_H____T_E_S_T____ ) )
        -:12822:#define SCENARIO_METHOD( className, ... ) INTERNAL_CATCH_TESTCASE_METHOD_NO_REGISTRATION(INTERNAL_CATCH_UNIQUE_NAME( ____C_A_T_C_H____T_E_S_T____ ), className )
        -:12823:
        -:12824:#define GIVEN( desc )
        -:12825:#define WHEN( desc )
        -:12826:#define AND_WHEN( desc )
        -:12827:#define THEN( desc )
        -:12828:#define AND_THEN( desc )
        -:12829:
        -:12830:using Catch::Detail::Approx;
        -:12831:
        -:12832:#endif
        -:12833:
        -:12834:#endif // ! CATCH_CONFIG_IMPL_ONLY
        -:12835:
        -:12836:// start catch_reenable_warnings.h
        -:12837:
        -:12838:
        -:12839:#ifdef __clang__
        -:12840:#    ifdef __ICC // icpc defines the __clang__ macro
        -:12841:#        pragma warning(pop)
        -:12842:#    else
        -:12843:#        pragma clang diagnostic pop
        -:12844:#    endif
        -:12845:#elif defined __GNUC__
        -:12846:#    pragma GCC diagnostic pop
        -:12847:#endif
        -:12848:
        -:12849:// end catch_reenable_warnings.h
        -:12850:// end catch.hpp
        -:12851:#endif // TWOBLUECUBES_SINGLE_INCLUDE_CATCH_HPP_INCLUDED
        -:12852:
