        -:    0:Source:/usr/include/c++/11/bits/move.h
        -:    0:Graph:testa_rainhas.gcno
        -:    0:Data:testa_rainhas.gcda
        -:    0:Runs:1
        -:    1:// Move, forward and identity for C++11 + swap -*- C++ -*-
        -:    2:
        -:    3:// Copyright (C) 2007-2021 Free Software Foundation, Inc.
        -:    4://
        -:    5:// This file is part of the GNU ISO C++ Library.  This library is free
        -:    6:// software; you can redistribute it and/or modify it under the
        -:    7:// terms of the GNU General Public License as published by the
        -:    8:// Free Software Foundation; either version 3, or (at your option)
        -:    9:// any later version.
        -:   10:
        -:   11:// This library is distributed in the hope that it will be useful,
        -:   12:// but WITHOUT ANY WARRANTY; without even the implied warranty of
        -:   13:// MERCHANTABILITY or FITNESS FOR A PARTICULAR PURPOSE.  See the
        -:   14:// GNU General Public License for more details.
        -:   15:
        -:   16:// Under Section 7 of GPL version 3, you are granted additional
        -:   17:// permissions described in the GCC Runtime Library Exception, version
        -:   18:// 3.1, as published by the Free Software Foundation.
        -:   19:
        -:   20:// You should have received a copy of the GNU General Public License and
        -:   21:// a copy of the GCC Runtime Library Exception along with this program;
        -:   22:// see the files COPYING3 and COPYING.RUNTIME respectively.  If not, see
        -:   23:// <http://www.gnu.org/licenses/>.
        -:   24:
        -:   25:/** @file bits/move.h
        -:   26: *  This is an internal header file, included by other library headers.
        -:   27: *  Do not attempt to use it directly. @headername{utility}
        -:   28: */
        -:   29:
        -:   30:#ifndef _MOVE_H
        -:   31:#define _MOVE_H 1
        -:   32:
        -:   33:#include <bits/c++config.h>
        -:   34:#if __cplusplus < 201103L
        -:   35:# include <bits/concept_check.h>
        -:   36:#endif
        -:   37:
        -:   38:namespace std _GLIBCXX_VISIBILITY(default)
        -:   39:{
        -:   40:_GLIBCXX_BEGIN_NAMESPACE_VERSION
        -:   41:
        -:   42:  // Used, in C++03 mode too, by allocators, etc.
        -:   43:  /**
        -:   44:   *  @brief Same as C++11 std::addressof
        -:   45:   *  @ingroup utilities
        -:   46:   */
        -:   47:  template<typename _Tp>
        -:   48:    inline _GLIBCXX_CONSTEXPR _Tp*
    2654*:   49:    __addressof(_Tp& __r) _GLIBCXX_NOEXCEPT
    2654*:   50:    { return __builtin_addressof(__r); }
------------------
_ZSt11__addressofISaISt23_Sp_counted_ptr_inplaceIN5Catch5clara6detail13BoundValueRefINSt7__cxx1112basic_stringIcSt11char_traitsIcESaIcEEEEESaISB_ELN9__gnu_cxx12_Lock_policyE2EEEEPT_RSH_:
        6:   49:    __addressof(_Tp& __r) _GLIBCXX_NOEXCEPT
        6:   50:    { return __builtin_addressof(__r); }
------------------
_ZSt11__addressofIN5Catch12_GLOBAL__N_110ColumnInfoEEPT_RS3_:
        8:   49:    __addressof(_Tp& __r) _GLIBCXX_NOEXCEPT
        8:   50:    { return __builtin_addressof(__r); }
------------------
_ZSt11__addressofIN5Catch13SummaryColumnEEPT_RS2_:
    #####:   49:    __addressof(_Tp& __r) _GLIBCXX_NOEXCEPT
    #####:   50:    { return __builtin_addressof(__r); }
------------------
_ZSt11__addressofIN5Catch14AssertionStatsEEPT_RS2_:
    #####:   49:    __addressof(_Tp& __r) _GLIBCXX_NOEXCEPT
    #####:   50:    { return __builtin_addressof(__r); }
------------------
_ZSt11__addressofISt6vectorISt10shared_ptrIN5Catch22CumulativeReporterBaseINS2_13JunitReporterEE11SectionNodeEESaIS7_EEEPT_RSA_:
    #####:   49:    __addressof(_Tp& __r) _GLIBCXX_NOEXCEPT
    #####:   50:    { return __builtin_addressof(__r); }
------------------
_ZSt11__addressofISt10shared_ptrIN5Catch22CumulativeReporterBaseINS1_13JunitReporterEE4NodeINS1_13TestCaseStatsENS4_11SectionNodeEEEEEPT_RSA_:
    #####:   49:    __addressof(_Tp& __r) _GLIBCXX_NOEXCEPT
    #####:   50:    { return __builtin_addressof(__r); }
------------------
_ZSt11__addressofISt10shared_ptrIN5Catch22CumulativeReporterBaseINS1_13JunitReporterEE4NodeINS1_14TestGroupStatsENS5_INS1_13TestCaseStatsENS4_11SectionNodeEEEEEEEPT_RSC_:
    #####:   49:    __addressof(_Tp& __r) _GLIBCXX_NOEXCEPT
    #####:   50:    { return __builtin_addressof(__r); }
------------------
_ZSt11__addressofISt10shared_ptrIN5Catch22CumulativeReporterBaseINS1_13JunitReporterEE4NodeINS1_12TestRunStatsENS5_INS1_14TestGroupStatsENS5_INS1_13TestCaseStatsENS4_11SectionNodeEEEEEEEEEPT_RSE_:
    #####:   49:    __addressof(_Tp& __r) _GLIBCXX_NOEXCEPT
    #####:   50:    { return __builtin_addressof(__r); }
------------------
_ZSt11__addressofISt10shared_ptrIN5Catch22CumulativeReporterBaseINS1_13JunitReporterEE11SectionNodeEEEPT_RS7_:
    #####:   49:    __addressof(_Tp& __r) _GLIBCXX_NOEXCEPT
    #####:   50:    { return __builtin_addressof(__r); }
------------------
_ZSt11__addressofISaISt23_Sp_counted_ptr_inplaceINSt7__cxx1112basic_stringIcSt11char_traitsIcESaIcEEESaIS6_ELN9__gnu_cxx12_Lock_policyE2EEEEPT_RSC_:
        6:   49:    __addressof(_Tp& __r) _GLIBCXX_NOEXCEPT
        6:   50:    { return __builtin_addressof(__r); }
------------------
_ZSt11__addressofIN5Catch11SectionInfoEEPT_RS2_:
        3:   49:    __addressof(_Tp& __r) _GLIBCXX_NOEXCEPT
        3:   50:    { return __builtin_addressof(__r); }
------------------
_ZSt11__addressofISaISt23_Sp_counted_ptr_inplaceIN5Catch5clara6detail12BoundFlagRefESaIS4_ELN9__gnu_cxx12_Lock_policyE2EEEEPT_RSA_:
       20:   49:    __addressof(_Tp& __r) _GLIBCXX_NOEXCEPT
       20:   50:    { return __builtin_addressof(__r); }
------------------
_ZSt11__addressofISaISt23_Sp_counted_ptr_inplaceIN5Catch6ConfigESaIS2_ELN9__gnu_cxx12_Lock_policyE2EEEEPT_RS8_:
        2:   49:    __addressof(_Tp& __r) _GLIBCXX_NOEXCEPT
        2:   50:    { return __builtin_addressof(__r); }
------------------
_ZSt11__addressofISaISt23_Sp_counted_ptr_inplaceIN5Catch16TestCaseTracking14SectionTrackerESaIS3_ELN9__gnu_cxx12_Lock_policyE2EEEEPT_RS9_:
       34:   49:    __addressof(_Tp& __r) _GLIBCXX_NOEXCEPT
       34:   50:    { return __builtin_addressof(__r); }
------------------
_ZSt11__addressofISaISt23_Sp_counted_ptr_inplaceIN5Catch16TestCaseTracking12IndexTrackerESaIS3_ELN9__gnu_cxx12_Lock_policyE2EEEEPT_RS9_:
    #####:   49:    __addressof(_Tp& __r) _GLIBCXX_NOEXCEPT
    #####:   50:    { return __builtin_addressof(__r); }
------------------
_ZSt11__addressofISaISt23_Sp_counted_ptr_inplaceIN5Catch5clara6detail15BoundFlagLambdaIZNS3_4HelpC4ERbEUlbE_EESaIS8_ELN9__gnu_cxx12_Lock_policyE2EEEEPT_RSE_:
        2:   49:    __addressof(_Tp& __r) _GLIBCXX_NOEXCEPT
        2:   50:    { return __builtin_addressof(__r); }
------------------
_ZSt11__addressofISaISt23_Sp_counted_ptr_inplaceIN5Catch5clara6detail15BoundFlagLambdaIZNS1_21makeCommandLineParserERNS1_10ConfigDataEEUlbE6_EESaIS8_ELN9__gnu_cxx12_Lock_policyE2EEEEPT_RSE_:
        2:   49:    __addressof(_Tp& __r) _GLIBCXX_NOEXCEPT
        2:   50:    { return __builtin_addressof(__r); }
------------------
_ZSt11__addressofISaISt23_Sp_counted_ptr_inplaceIN5Catch5clara6detail13BoundValueRefISt6vectorINSt7__cxx1112basic_stringIcSt11char_traitsIcESaIcEEESaISB_EEEESaISE_ELN9__gnu_cxx12_Lock_policyE2EEEEPT_RSK_:
        6:   49:    __addressof(_Tp& __r) _GLIBCXX_NOEXCEPT
        6:   50:    { return __builtin_addressof(__r); }
------------------
_ZSt11__addressofISt4pairIlSt6vectorINSt7__cxx119sub_matchIN9__gnu_cxx17__normal_iteratorIPKcNS2_12basic_stringIcSt11char_traitsIcESaIcEEEEEEESaISE_EEEEPT_RSI_:
    #####:   49:    __addressof(_Tp& __r) _GLIBCXX_NOEXCEPT
    #####:   50:    { return __builtin_addressof(__r); }
------------------
_ZSt11__addressofISaISt23_Sp_counted_ptr_inplaceIN5Catch8TestSpec11NamePatternESaIS3_ELN9__gnu_cxx12_Lock_policyE2EEEEPT_RS9_:
    #####:   49:    __addressof(_Tp& __r) _GLIBCXX_NOEXCEPT
    #####:   50:    { return __builtin_addressof(__r); }
------------------
_ZSt11__addressofISt10unique_ptrIKN5Catch20IExceptionTranslatorESt14default_deleteIS3_EEEPT_RS7_:
    #####:   49:    __addressof(_Tp& __r) _GLIBCXX_NOEXCEPT
    #####:   50:    { return __builtin_addressof(__r); }
------------------
_ZSt11__addressofINSt7__cxx1112basic_stringIcSt11char_traitsIcESaIcEEEEPT_RS6_:
    #####:   49:    __addressof(_Tp& __r) _GLIBCXX_NOEXCEPT
    #####:   50:    { return __builtin_addressof(__r); }
------------------
_ZSt11__addressofIN5Catch5clara8TextFlow6Column8iteratorEEPT_RS5_:
    #####:   49:    __addressof(_Tp& __r) _GLIBCXX_NOEXCEPT
    #####:   50:    { return __builtin_addressof(__r); }
------------------
_ZSt11__addressofIN5Catch5clara8TextFlow6ColumnEEPT_RS4_:
    #####:   49:    __addressof(_Tp& __r) _GLIBCXX_NOEXCEPT
    #####:   50:    { return __builtin_addressof(__r); }
------------------
_ZSt11__addressofIN5Catch5clara6detail5TokenEEPT_RS4_:
    #####:   49:    __addressof(_Tp& __r) _GLIBCXX_NOEXCEPT
    #####:   50:    { return __builtin_addressof(__r); }
------------------
_ZSt11__addressofIN5Catch5clara6detail11HelpColumnsEEPT_RS4_:
    #####:   49:    __addressof(_Tp& __r) _GLIBCXX_NOEXCEPT
    #####:   50:    { return __builtin_addressof(__r); }
------------------
_ZSt11__addressofIN5Catch5clara6detail3OptEEPT_RS4_:
     2457:   49:    __addressof(_Tp& __r) _GLIBCXX_NOEXCEPT
     2457:   50:    { return __builtin_addressof(__r); }
------------------
_ZSt11__addressofIN5Catch5clara6detail3ArgEEPT_RS4_:
        3:   49:    __addressof(_Tp& __r) _GLIBCXX_NOEXCEPT
        3:   50:    { return __builtin_addressof(__r); }
------------------
_ZSt11__addressofIN5Catch8TestSpec6FilterEEPT_RS3_:
        5:   49:    __addressof(_Tp& __r) _GLIBCXX_NOEXCEPT
        5:   50:    { return __builtin_addressof(__r); }
------------------
_ZSt11__addressofISt10shared_ptrIN5Catch8TestSpec7PatternEEEPT_RS5_:
        7:   49:    __addressof(_Tp& __r) _GLIBCXX_NOEXCEPT
        7:   50:    { return __builtin_addressof(__r); }
------------------
_ZSt11__addressofISaISt23_Sp_counted_ptr_inplaceIN5Catch8TestSpec15ExcludedPatternESaIS3_ELN9__gnu_cxx12_Lock_policyE2EEEEPT_RS9_:
        2:   49:    __addressof(_Tp& __r) _GLIBCXX_NOEXCEPT
        2:   50:    { return __builtin_addressof(__r); }
------------------
_ZSt11__addressofIN5Catch11MessageInfoEEPT_RS2_:
    #####:   49:    __addressof(_Tp& __r) _GLIBCXX_NOEXCEPT
    #####:   50:    { return __builtin_addressof(__r); }
------------------
_ZSt11__addressofISt10unique_ptrIN5Catch18IStreamingReporterESt14default_deleteIS2_EEEPT_RS6_:
    #####:   49:    __addressof(_Tp& __r) _GLIBCXX_NOEXCEPT
    #####:   50:    { return __builtin_addressof(__r); }
------------------
_ZSt11__addressofIN5Catch8TestCaseEEPT_RS2_:
       21:   49:    __addressof(_Tp& __r) _GLIBCXX_NOEXCEPT
       21:   50:    { return __builtin_addressof(__r); }
------------------
_ZSt11__addressofISt10shared_ptrIN5Catch16IReporterFactoryEEEPT_RS4_:
    #####:   49:    __addressof(_Tp& __r) _GLIBCXX_NOEXCEPT
    #####:   50:    { return __builtin_addressof(__r); }
------------------
_ZSt11__addressofINSt15__exception_ptr13exception_ptrEEPT_RS2_:
    #####:   49:    __addressof(_Tp& __r) _GLIBCXX_NOEXCEPT
    #####:   50:    { return __builtin_addressof(__r); }
------------------
_ZSt11__addressofIN5Catch14SectionEndInfoEEPT_RS2_:
    #####:   49:    __addressof(_Tp& __r) _GLIBCXX_NOEXCEPT
    #####:   50:    { return __builtin_addressof(__r); }
------------------
_ZSt11__addressofISt10unique_ptrINSt7__cxx1119basic_ostringstreamIcSt11char_traitsIcESaIcEEESt14default_deleteIS6_EEEPT_RSA_:
    #####:   49:    __addressof(_Tp& __r) _GLIBCXX_NOEXCEPT
    #####:   50:    { return __builtin_addressof(__r); }
------------------
_ZSt11__addressofISt10shared_ptrIN5Catch16TestCaseTracking8ITrackerEEEPT_RS5_:
       40:   49:    __addressof(_Tp& __r) _GLIBCXX_NOEXCEPT
       40:   50:    { return __builtin_addressof(__r); }
------------------
_ZSt11__addressofIKNSt8__detail11_AnyMatcherINSt7__cxx1112regex_traitsIcEELb1ELb1ELb1EEEEPT_RS7_:
    #####:   49:    __addressof(_Tp& __r) _GLIBCXX_NOEXCEPT
    #####:   50:    { return __builtin_addressof(__r); }
------------------
_ZSt11__addressofISt4pairIN9__gnu_cxx17__normal_iteratorIPKcNSt7__cxx1112basic_stringIcSt11char_traitsIcESaIcEEEEEiEEPT_RSD_:
    #####:   49:    __addressof(_Tp& __r) _GLIBCXX_NOEXCEPT
    #####:   50:    { return __builtin_addressof(__r); }
------------------
_ZSt11__addressofINSt8__detail6_StateIcEEEPT_RS3_:
    #####:   49:    __addressof(_Tp& __r) _GLIBCXX_NOEXCEPT
    #####:   50:    { return __builtin_addressof(__r); }
------------------
_ZSt11__addressofIKNSt8__detail11_AnyMatcherINSt7__cxx1112regex_traitsIcEELb0ELb0ELb0EEEEPT_RS7_:
    #####:   49:    __addressof(_Tp& __r) _GLIBCXX_NOEXCEPT
    #####:   50:    { return __builtin_addressof(__r); }
------------------
_ZSt11__addressofIKNSt8__detail11_AnyMatcherINSt7__cxx1112regex_traitsIcEELb0ELb0ELb1EEEEPT_RS7_:
    #####:   49:    __addressof(_Tp& __r) _GLIBCXX_NOEXCEPT
    #####:   50:    { return __builtin_addressof(__r); }
------------------
_ZSt11__addressofIKNSt8__detail11_AnyMatcherINSt7__cxx1112regex_traitsIcEELb0ELb1ELb0EEEEPT_RS7_:
    #####:   49:    __addressof(_Tp& __r) _GLIBCXX_NOEXCEPT
    #####:   50:    { return __builtin_addressof(__r); }
------------------
_ZSt11__addressofIKNSt8__detail11_AnyMatcherINSt7__cxx1112regex_traitsIcEELb0ELb1ELb1EEEEPT_RS7_:
    #####:   49:    __addressof(_Tp& __r) _GLIBCXX_NOEXCEPT
    #####:   50:    { return __builtin_addressof(__r); }
------------------
_ZSt11__addressofIKNSt8__detail11_AnyMatcherINSt7__cxx1112regex_traitsIcEELb1ELb0ELb0EEEEPT_RS7_:
    #####:   49:    __addressof(_Tp& __r) _GLIBCXX_NOEXCEPT
    #####:   50:    { return __builtin_addressof(__r); }
------------------
_ZSt11__addressofIKNSt8__detail11_AnyMatcherINSt7__cxx1112regex_traitsIcEELb1ELb0ELb1EEEEPT_RS7_:
    #####:   49:    __addressof(_Tp& __r) _GLIBCXX_NOEXCEPT
    #####:   50:    { return __builtin_addressof(__r); }
------------------
_ZSt11__addressofIKNSt8__detail11_AnyMatcherINSt7__cxx1112regex_traitsIcEELb1ELb1ELb0EEEEPT_RS7_:
    #####:   49:    __addressof(_Tp& __r) _GLIBCXX_NOEXCEPT
    #####:   50:    { return __builtin_addressof(__r); }
------------------
_ZSt11__addressofINSt7__cxx119sub_matchIN9__gnu_cxx17__normal_iteratorIPKcNS0_12basic_stringIcSt11char_traitsIcESaIcEEEEEEEEPT_RSD_:
    #####:   49:    __addressof(_Tp& __r) _GLIBCXX_NOEXCEPT
    #####:   50:    { return __builtin_addressof(__r); }
------------------
_ZSt11__addressofIKNSt8__detail12_CharMatcherINSt7__cxx1112regex_traitsIcEELb0ELb0EEEEPT_RS7_:
    #####:   49:    __addressof(_Tp& __r) _GLIBCXX_NOEXCEPT
    #####:   50:    { return __builtin_addressof(__r); }
------------------
_ZSt11__addressofIKNSt8__detail12_CharMatcherINSt7__cxx1112regex_traitsIcEELb0ELb1EEEEPT_RS7_:
    #####:   49:    __addressof(_Tp& __r) _GLIBCXX_NOEXCEPT
    #####:   50:    { return __builtin_addressof(__r); }
------------------
_ZSt11__addressofIKNSt8__detail12_CharMatcherINSt7__cxx1112regex_traitsIcEELb1ELb0EEEEPT_RS7_:
    #####:   49:    __addressof(_Tp& __r) _GLIBCXX_NOEXCEPT
    #####:   50:    { return __builtin_addressof(__r); }
------------------
_ZSt11__addressofIKNSt8__detail12_CharMatcherINSt7__cxx1112regex_traitsIcEELb1ELb1EEEEPT_RS7_:
    #####:   49:    __addressof(_Tp& __r) _GLIBCXX_NOEXCEPT
    #####:   50:    { return __builtin_addressof(__r); }
------------------
_ZSt11__addressofISt4pairINSt7__cxx1112basic_stringIcSt11char_traitsIcESaIcEEES6_EEPT_RS8_:
    #####:   49:    __addressof(_Tp& __r) _GLIBCXX_NOEXCEPT
    #####:   50:    { return __builtin_addressof(__r); }
------------------
_ZSt11__addressofINSt7__cxx1112regex_traitsIcE10_RegexMaskEEPT_RS4_:
    #####:   49:    __addressof(_Tp& __r) _GLIBCXX_NOEXCEPT
    #####:   50:    { return __builtin_addressof(__r); }
------------------
_ZSt11__addressofISt4pairIccEEPT_RS2_:
    #####:   49:    __addressof(_Tp& __r) _GLIBCXX_NOEXCEPT
    #####:   50:    { return __builtin_addressof(__r); }
------------------
_ZSt11__addressofISaISt23_Sp_counted_ptr_inplaceIN5Catch22CumulativeReporterBaseINS1_13JunitReporterEE11SectionNodeESaIS5_ELN9__gnu_cxx12_Lock_policyE2EEEEPT_RSB_:
    #####:   49:    __addressof(_Tp& __r) _GLIBCXX_NOEXCEPT
    #####:   50:    { return __builtin_addressof(__r); }
------------------
_ZSt11__addressofISaISt23_Sp_counted_ptr_inplaceIN5Catch5clara6detail11BoundLambdaIZNS1_21makeCommandLineParserERNS1_10ConfigDataEEUlbE8_EESaIS8_ELN9__gnu_cxx12_Lock_policyE2EEEEPT_RSE_:
        2:   49:    __addressof(_Tp& __r) _GLIBCXX_NOEXCEPT
        2:   50:    { return __builtin_addressof(__r); }
------------------
_ZSt11__addressofISaISt23_Sp_counted_ptr_inplaceIN5Catch8TestSpec10TagPatternESaIS3_ELN9__gnu_cxx12_Lock_policyE2EEEEPT_RS9_:
        2:   49:    __addressof(_Tp& __r) _GLIBCXX_NOEXCEPT
        2:   50:    { return __builtin_addressof(__r); }
------------------
_ZSt11__addressofISaISt23_Sp_counted_ptr_inplaceIN5Catch17ReporterRegistrarINS1_15CompactReporterEE15ReporterFactoryESaIS5_ELN9__gnu_cxx12_Lock_policyE2EEEEPT_RSB_:
        2:   49:    __addressof(_Tp& __r) _GLIBCXX_NOEXCEPT
        2:   50:    { return __builtin_addressof(__r); }
------------------
_ZSt11__addressofISaISt23_Sp_counted_ptr_inplaceIN5Catch17ReporterRegistrarINS1_15ConsoleReporterEE15ReporterFactoryESaIS5_ELN9__gnu_cxx12_Lock_policyE2EEEEPT_RSB_:
        2:   49:    __addressof(_Tp& __r) _GLIBCXX_NOEXCEPT
        2:   50:    { return __builtin_addressof(__r); }
------------------
_ZSt11__addressofISaISt23_Sp_counted_ptr_inplaceIN5Catch22CumulativeReporterBaseINS1_13JunitReporterEE4NodeINS1_13TestCaseStatsENS4_11SectionNodeEEESaIS8_ELN9__gnu_cxx12_Lock_policyE2EEEEPT_RSE_:
    #####:   49:    __addressof(_Tp& __r) _GLIBCXX_NOEXCEPT
    #####:   50:    { return __builtin_addressof(__r); }
------------------
_ZSt11__addressofISaISt23_Sp_counted_ptr_inplaceIN5Catch22CumulativeReporterBaseINS1_13JunitReporterEE4NodeINS1_14TestGroupStatsENS5_INS1_13TestCaseStatsENS4_11SectionNodeEEEEESaISA_ELN9__gnu_cxx12_Lock_policyE2EEEEPT_RSG_:
    #####:   49:    __addressof(_Tp& __r) _GLIBCXX_NOEXCEPT
    #####:   50:    { return __builtin_addressof(__r); }
------------------
_ZSt11__addressofISaISt23_Sp_counted_ptr_inplaceIN5Catch17ReporterRegistrarINS1_13JunitReporterEE15ReporterFactoryESaIS5_ELN9__gnu_cxx12_Lock_policyE2EEEEPT_RSB_:
        2:   49:    __addressof(_Tp& __r) _GLIBCXX_NOEXCEPT
        2:   50:    { return __builtin_addressof(__r); }
------------------
_ZSt11__addressofISaISt23_Sp_counted_ptr_inplaceIN5Catch17ReporterRegistrarINS1_11XmlReporterEE15ReporterFactoryESaIS5_ELN9__gnu_cxx12_Lock_policyE2EEEEPT_RSB_:
        2:   49:    __addressof(_Tp& __r) _GLIBCXX_NOEXCEPT
        2:   50:    { return __builtin_addressof(__r); }
------------------
_ZSt11__addressofISaISt23_Sp_counted_ptr_inplaceIN5Catch5clara6detail11BoundLambdaIZNS1_21makeCommandLineParserERNS1_10ConfigDataEEUliE7_EESaIS8_ELN9__gnu_cxx12_Lock_policyE2EEEEPT_RSE_:
        2:   49:    __addressof(_Tp& __r) _GLIBCXX_NOEXCEPT
        2:   50:    { return __builtin_addressof(__r); }
------------------
_ZSt11__addressofISaISt23_Sp_counted_ptr_inplaceIN5Catch5clara6detail11BoundLambdaIZNS1_21makeCommandLineParserERNS1_10ConfigDataEEUlRKNSt7__cxx1112basic_stringIcSt11char_traitsIcESaIcEEEE_EESaISG_ELN9__gnu_cxx12_Lock_policyE2EEEEPT_RSM_:
        2:   49:    __addressof(_Tp& __r) _GLIBCXX_NOEXCEPT
        2:   50:    { return __builtin_addressof(__r); }
------------------
_ZSt11__addressofISaISt23_Sp_counted_ptr_inplaceIN5Catch22CumulativeReporterBaseINS1_13JunitReporterEE4NodeINS1_12TestRunStatsENS5_INS1_14TestGroupStatsENS5_INS1_13TestCaseStatsENS4_11SectionNodeEEEEEEESaISC_ELN9__gnu_cxx12_Lock_policyE2EEEEPT_RSI_:
    #####:   49:    __addressof(_Tp& __r) _GLIBCXX_NOEXCEPT
    #####:   50:    { return __builtin_addressof(__r); }
------------------
_ZSt11__addressofISaISt23_Sp_counted_ptr_inplaceIN5Catch5clara6detail11BoundLambdaIZNS1_21makeCommandLineParserERNS1_10ConfigDataEEUlRKNSt7__cxx1112basic_stringIcSt11char_traitsIcESaIcEEEE0_EESaISG_ELN9__gnu_cxx12_Lock_policyE2EEEEPT_RSM_:
        2:   49:    __addressof(_Tp& __r) _GLIBCXX_NOEXCEPT
        2:   50:    { return __builtin_addressof(__r); }
------------------
_ZSt11__addressofISaISt23_Sp_counted_ptr_inplaceIN5Catch5clara6detail11BoundLambdaIZNS1_21makeCommandLineParserERNS1_10ConfigDataEEUlRKNSt7__cxx1112basic_stringIcSt11char_traitsIcESaIcEEEE5_EESaISG_ELN9__gnu_cxx12_Lock_policyE2EEEEPT_RSM_:
        2:   49:    __addressof(_Tp& __r) _GLIBCXX_NOEXCEPT
        2:   50:    { return __builtin_addressof(__r); }
------------------
_ZSt11__addressofISaISt23_Sp_counted_ptr_inplaceIN5Catch5clara6detail11BoundLambdaIZNS1_21makeCommandLineParserERNS1_10ConfigDataEEUlRKNSt7__cxx1112basic_stringIcSt11char_traitsIcESaIcEEEE1_EESaISG_ELN9__gnu_cxx12_Lock_policyE2EEEEPT_RSM_:
        2:   49:    __addressof(_Tp& __r) _GLIBCXX_NOEXCEPT
        2:   50:    { return __builtin_addressof(__r); }
------------------
_ZSt11__addressofISaISt23_Sp_counted_ptr_inplaceIN5Catch5clara6detail11BoundLambdaIZNS1_21makeCommandLineParserERNS1_10ConfigDataEEUlRKNSt7__cxx1112basic_stringIcSt11char_traitsIcESaIcEEEE2_EESaISG_ELN9__gnu_cxx12_Lock_policyE2EEEEPT_RSM_:
        2:   49:    __addressof(_Tp& __r) _GLIBCXX_NOEXCEPT
        2:   50:    { return __builtin_addressof(__r); }
------------------
_ZSt11__addressofISaISt23_Sp_counted_ptr_inplaceIN5Catch5clara6detail11BoundLambdaIZNS1_21makeCommandLineParserERNS1_10ConfigDataEEUlRKNSt7__cxx1112basic_stringIcSt11char_traitsIcESaIcEEEE3_EESaISG_ELN9__gnu_cxx12_Lock_policyE2EEEEPT_RSM_:
        2:   49:    __addressof(_Tp& __r) _GLIBCXX_NOEXCEPT
        2:   50:    { return __builtin_addressof(__r); }
------------------
_ZSt11__addressofISaISt23_Sp_counted_ptr_inplaceIN5Catch5clara6detail11BoundLambdaIZNS1_21makeCommandLineParserERNS1_10ConfigDataEEUlRKNSt7__cxx1112basic_stringIcSt11char_traitsIcESaIcEEEE4_EESaISG_ELN9__gnu_cxx12_Lock_policyE2EEEEPT_RSM_:
        2:   49:    __addressof(_Tp& __r) _GLIBCXX_NOEXCEPT
        2:   50:    { return __builtin_addressof(__r); }
------------------
_ZSt11__addressofISaISt23_Sp_counted_ptr_inplaceIN5Catch5clara6detail13BoundValueRefIiEESaIS5_ELN9__gnu_cxx12_Lock_policyE2EEEEPT_RSB_:
        2:   49:    __addressof(_Tp& __r) _GLIBCXX_NOEXCEPT
        2:   50:    { return __builtin_addressof(__r); }
------------------
_ZSt11__addressofISaISt23_Sp_counted_ptr_inplaceINSt8__detail4_NFAINSt7__cxx1112regex_traitsIcEEEESaIS6_ELN9__gnu_cxx12_Lock_policyE2EEEEPT_RSC_:
    #####:   49:    __addressof(_Tp& __r) _GLIBCXX_NOEXCEPT
    #####:   50:    { return __builtin_addressof(__r); }
------------------
        -:   51:
        -:   52:#if __cplusplus >= 201103L
        -:   53:
        -:   54:_GLIBCXX_END_NAMESPACE_VERSION
        -:   55:} // namespace
        -:   56:
        -:   57:#include <type_traits> // Brings in std::declval too.
        -:   58:
        -:   59:namespace std _GLIBCXX_VISIBILITY(default)
        -:   60:{
        -:   61:_GLIBCXX_BEGIN_NAMESPACE_VERSION
        -:   62:
        -:   63:  /**
        -:   64:   *  @addtogroup utilities
        -:   65:   *  @{
        -:   66:   */
        -:   67:
        -:   68:  /**
        -:   69:   *  @brief  Forward an lvalue.
        -:   70:   *  @return The parameter cast to the specified type.
        -:   71:   *
        -:   72:   *  This function is used to implement "perfect forwarding".
        -:   73:   */
        -:   74:  template<typename _Tp>
        -:   75:    _GLIBCXX_NODISCARD
        -:   76:    constexpr _Tp&&
    2452*:   77:    forward(typename std::remove_reference<_Tp>::type& __t) noexcept
    2452*:   78:    { return static_cast<_Tp&&>(__t); }
------------------
_ZSt7forwardIbEOT_RNSt16remove_referenceIS0_E4typeE:
        8:   77:    forward(typename std::remove_reference<_Tp>::type& __t) noexcept
        8:   78:    { return static_cast<_Tp&&>(__t); }
------------------
_ZSt7forwardIRKSt10shared_ptrIN5Catch22CumulativeReporterBaseINS1_13JunitReporterEE4NodeINS1_14TestGroupStatsENS5_INS1_13TestCaseStatsENS4_11SectionNodeEEEEEEEOT_RNSt16remove_referenceISE_E4typeE:
    #####:   77:    forward(typename std::remove_reference<_Tp>::type& __t) noexcept
    #####:   78:    { return static_cast<_Tp&&>(__t); }
------------------
_ZSt7forwardIRKSt10shared_ptrIN5Catch22CumulativeReporterBaseINS1_13JunitReporterEE4NodeINS1_13TestCaseStatsENS4_11SectionNodeEEEEEOT_RNSt16remove_referenceISC_E4typeE:
    #####:   77:    forward(typename std::remove_reference<_Tp>::type& __t) noexcept
    #####:   78:    { return static_cast<_Tp&&>(__t); }
------------------
_ZSt7forwardIRKSt10shared_ptrIN5Catch22CumulativeReporterBaseINS1_13JunitReporterEE11SectionNodeEEEOT_RNSt16remove_referenceIS9_E4typeE:
    #####:   77:    forward(typename std::remove_reference<_Tp>::type& __t) noexcept
    #####:   78:    { return static_cast<_Tp&&>(__t); }
------------------
_ZSt7forwardIRKN5Catch14AssertionStatsEEOT_RNSt16remove_referenceIS4_E4typeE:
    #####:   77:    forward(typename std::remove_reference<_Tp>::type& __t) noexcept
    #####:   78:    { return static_cast<_Tp&&>(__t); }
------------------
_ZSt7forwardIRKN5Catch11SectionInfoEEOT_RNSt16remove_referenceIS4_E4typeE:
       40:   77:    forward(typename std::remove_reference<_Tp>::type& __t) noexcept
       40:   78:    { return static_cast<_Tp&&>(__t); }
------------------
_ZSt7forwardIRKSt10shared_ptrIN5Catch8TestSpec7PatternEEEOT_RNSt16remove_referenceIS7_E4typeE:
        6:   77:    forward(typename std::remove_reference<_Tp>::type& __t) noexcept
        6:   78:    { return static_cast<_Tp&&>(__t); }
------------------
_ZSt7forwardISt17_Rb_tree_iteratorIN5Catch8TestCaseEEEOT_RNSt16remove_referenceIS4_E4typeE:
        4:   77:    forward(typename std::remove_reference<_Tp>::type& __t) noexcept
        4:   78:    { return static_cast<_Tp&&>(__t); }
------------------
_ZSt7forwardISt17_Rb_tree_iteratorISt4pairIKNSt7__cxx1112basic_stringIcSt11char_traitsIcESaIcEEEN5Catch8TagAliasEEEEOT_RNSt16remove_referenceISD_E4typeE:
    #####:   77:    forward(typename std::remove_reference<_Tp>::type& __t) noexcept
    #####:   78:    { return static_cast<_Tp&&>(__t); }
------------------
_ZSt7forwardISt17_Rb_tree_iteratorISt4pairIKNSt7__cxx1112basic_stringIcSt11char_traitsIcESaIcEEESt10shared_ptrIN5Catch16IReporterFactoryEEEEEOT_RNSt16remove_referenceISF_E4typeE:
        4:   77:    forward(typename std::remove_reference<_Tp>::type& __t) noexcept
        4:   78:    { return static_cast<_Tp&&>(__t); }
------------------
_ZSt7forwardISt17_Rb_tree_iteratorISt4pairIKNSt7__cxx1112basic_stringIcSt11char_traitsIcESaIcEEEN5Catch7TagInfoEEEEOT_RNSt16remove_referenceISD_E4typeE:
    #####:   77:    forward(typename std::remove_reference<_Tp>::type& __t) noexcept
    #####:   78:    { return static_cast<_Tp&&>(__t); }
------------------
_ZSt7forwardIRPSt13_Rb_tree_nodeINSt7__cxx1112basic_stringIcSt11char_traitsIcESaIcEEEEEOT_RNSt16remove_referenceISA_E4typeE:
    #####:   77:    forward(typename std::remove_reference<_Tp>::type& __t) noexcept
    #####:   78:    { return static_cast<_Tp&&>(__t); }
------------------
_ZSt7forwardISt17_Rb_tree_iteratorINSt7__cxx1112basic_stringIcSt11char_traitsIcESaIcEEEEEOT_RNSt16remove_referenceIS8_E4typeE:
    #####:   77:    forward(typename std::remove_reference<_Tp>::type& __t) noexcept
    #####:   78:    { return static_cast<_Tp&&>(__t); }
------------------
_ZSt7forwardIRKZN5Catch21makeCommandLineParserERNS0_10ConfigDataEEUlRKNSt7__cxx1112basic_stringIcSt11char_traitsIcESaIcEEEE4_EOT_RNSt16remove_referenceISE_E4typeE:
        8:   77:    forward(typename std::remove_reference<_Tp>::type& __t) noexcept
        8:   78:    { return static_cast<_Tp&&>(__t); }
------------------
_ZSt7forwardIRKZN5Catch21makeCommandLineParserERNS0_10ConfigDataEEUlRKNSt7__cxx1112basic_stringIcSt11char_traitsIcESaIcEEEE3_EOT_RNSt16remove_referenceISE_E4typeE:
        8:   77:    forward(typename std::remove_reference<_Tp>::type& __t) noexcept
        8:   78:    { return static_cast<_Tp&&>(__t); }
------------------
_ZSt7forwardIRKZN5Catch21makeCommandLineParserERNS0_10ConfigDataEEUlRKNSt7__cxx1112basic_stringIcSt11char_traitsIcESaIcEEEE2_EOT_RNSt16remove_referenceISE_E4typeE:
        8:   77:    forward(typename std::remove_reference<_Tp>::type& __t) noexcept
        8:   78:    { return static_cast<_Tp&&>(__t); }
------------------
_ZSt7forwardIRKZN5Catch21makeCommandLineParserERNS0_10ConfigDataEEUlRKNSt7__cxx1112basic_stringIcSt11char_traitsIcESaIcEEEE1_EOT_RNSt16remove_referenceISE_E4typeE:
        8:   77:    forward(typename std::remove_reference<_Tp>::type& __t) noexcept
        8:   78:    { return static_cast<_Tp&&>(__t); }
------------------
_ZSt7forwardIRKZN5Catch21makeCommandLineParserERNS0_10ConfigDataEEUlRKNSt7__cxx1112basic_stringIcSt11char_traitsIcESaIcEEEE5_EOT_RNSt16remove_referenceISE_E4typeE:
        8:   77:    forward(typename std::remove_reference<_Tp>::type& __t) noexcept
        8:   78:    { return static_cast<_Tp&&>(__t); }
------------------
_ZSt7forwardIRKZN5Catch21makeCommandLineParserERNS0_10ConfigDataEEUlRKNSt7__cxx1112basic_stringIcSt11char_traitsIcESaIcEEEE0_EOT_RNSt16remove_referenceISE_E4typeE:
        8:   77:    forward(typename std::remove_reference<_Tp>::type& __t) noexcept
        8:   78:    { return static_cast<_Tp&&>(__t); }
------------------
_ZSt7forwardIRKZN5Catch21makeCommandLineParserERNS0_10ConfigDataEEUlbE8_EOT_RNSt16remove_referenceIS6_E4typeE:
        8:   77:    forward(typename std::remove_reference<_Tp>::type& __t) noexcept
        8:   78:    { return static_cast<_Tp&&>(__t); }
------------------
_ZSt7forwardIRKZN5Catch21makeCommandLineParserERNS0_10ConfigDataEEUlRKNSt7__cxx1112basic_stringIcSt11char_traitsIcESaIcEEEE_EOT_RNSt16remove_referenceISE_E4typeE:
        8:   77:    forward(typename std::remove_reference<_Tp>::type& __t) noexcept
        8:   78:    { return static_cast<_Tp&&>(__t); }
------------------
_ZSt7forwardIRKZN5Catch21makeCommandLineParserERNS0_10ConfigDataEEUliE7_EOT_RNSt16remove_referenceIS6_E4typeE:
        8:   77:    forward(typename std::remove_reference<_Tp>::type& __t) noexcept
        8:   78:    { return static_cast<_Tp&&>(__t); }
------------------
_ZSt7forwardIRN5Catch5clara6detail3ArgEEOT_RNSt16remove_referenceIS5_E4typeE:
    #####:   77:    forward(typename std::remove_reference<_Tp>::type& __t) noexcept
    #####:   78:    { return static_cast<_Tp&&>(__t); }
------------------
_ZSt7forwardIN5Catch11MessageInfoEEOT_RNSt16remove_referenceIS2_E4typeE:
    #####:   77:    forward(typename std::remove_reference<_Tp>::type& __t) noexcept
    #####:   78:    { return static_cast<_Tp&&>(__t); }
------------------
_ZSt7forwardIRN5Catch5clara6detail11HelpColumnsEEOT_RNSt16remove_referenceIS5_E4typeE:
    #####:   77:    forward(typename std::remove_reference<_Tp>::type& __t) noexcept
    #####:   78:    { return static_cast<_Tp&&>(__t); }
------------------
_ZSt7forwardIN5Catch5clara6detail3OptEEOT_RNSt16remove_referenceIS4_E4typeE:
      650:   77:    forward(typename std::remove_reference<_Tp>::type& __t) noexcept
      650:   78:    { return static_cast<_Tp&&>(__t); }
------------------
_ZSt7forwardIN5Catch5clara6detail3ArgEEOT_RNSt16remove_referenceIS4_E4typeE:
    #####:   77:    forward(typename std::remove_reference<_Tp>::type& __t) noexcept
    #####:   78:    { return static_cast<_Tp&&>(__t); }
------------------
_ZSt7forwardIN5Catch5clara8TextFlow6ColumnEEOT_RNSt16remove_referenceIS4_E4typeE:
    #####:   77:    forward(typename std::remove_reference<_Tp>::type& __t) noexcept
    #####:   78:    { return static_cast<_Tp&&>(__t); }
------------------
_ZSt7forwardIRKN5Catch12_GLOBAL__N_110ColumnInfoEEOT_RNSt16remove_referenceIS5_E4typeE:
        4:   77:    forward(typename std::remove_reference<_Tp>::type& __t) noexcept
        4:   78:    { return static_cast<_Tp&&>(__t); }
------------------
_ZSt7forwardIN5Catch8TestCaseEEOT_RNSt16remove_referenceIS2_E4typeE:
        6:   77:    forward(typename std::remove_reference<_Tp>::type& __t) noexcept
        6:   78:    { return static_cast<_Tp&&>(__t); }
------------------
_ZSt7forwardIRKN5Catch5clara6detail11HelpColumnsEEOT_RNSt16remove_referenceIS6_E4typeE:
    #####:   77:    forward(typename std::remove_reference<_Tp>::type& __t) noexcept
    #####:   78:    { return static_cast<_Tp&&>(__t); }
------------------
_ZSt7forwardIRKPKcEOT_RNSt16remove_referenceIS4_E4typeE:
    #####:   77:    forward(typename std::remove_reference<_Tp>::type& __t) noexcept
    #####:   78:    { return static_cast<_Tp&&>(__t); }
------------------
_ZSt7forwardIRKN5Catch9VerbosityEEOT_RNSt16remove_referenceIS4_E4typeE:
        7:   77:    forward(typename std::remove_reference<_Tp>::type& __t) noexcept
        7:   78:    { return static_cast<_Tp&&>(__t); }
------------------
_ZSt7forwardISt10unique_ptrIN5Catch18IStreamingReporterESt14default_deleteIS2_EEEOT_RNSt16remove_referenceIS6_E4typeE:
    #####:   77:    forward(typename std::remove_reference<_Tp>::type& __t) noexcept
    #####:   78:    { return static_cast<_Tp&&>(__t); }
------------------
_ZSt7forwardIRN5Catch5clara6detail3OptEEOT_RNSt16remove_referenceIS5_E4typeE:
    #####:   77:    forward(typename std::remove_reference<_Tp>::type& __t) noexcept
    #####:   78:    { return static_cast<_Tp&&>(__t); }
------------------
_ZSt7forwardIRKN5Catch5clara6detail5TokenEEOT_RNSt16remove_referenceIS6_E4typeE:
    #####:   77:    forward(typename std::remove_reference<_Tp>::type& __t) noexcept
    #####:   78:    { return static_cast<_Tp&&>(__t); }
------------------
_ZSt7forwardIRPSt13_Rb_tree_nodeIN5Catch8TestCaseEEEOT_RNSt16remove_referenceIS6_E4typeE:
        4:   77:    forward(typename std::remove_reference<_Tp>::type& __t) noexcept
        4:   78:    { return static_cast<_Tp&&>(__t); }
------------------
_ZSt7forwardImEOT_RNSt16remove_referenceIS0_E4typeE:
    #####:   77:    forward(typename std::remove_reference<_Tp>::type& __t) noexcept
    #####:   78:    { return static_cast<_Tp&&>(__t); }
------------------
_ZSt7forwardIRPSt13_Rb_tree_nodeISt4pairIKNSt7__cxx1112basic_stringIcSt11char_traitsIcESaIcEEEN5Catch8TagAliasEEEEOT_RNSt16remove_referenceISF_E4typeE:
    #####:   77:    forward(typename std::remove_reference<_Tp>::type& __t) noexcept
    #####:   78:    { return static_cast<_Tp&&>(__t); }
------------------
_ZSt7forwardIRPSt13_Rb_tree_nodeISt4pairIKNSt7__cxx1112basic_stringIcSt11char_traitsIcESaIcEEESt10shared_ptrIN5Catch16IReporterFactoryEEEEEOT_RNSt16remove_referenceISH_E4typeE:
        4:   77:    forward(typename std::remove_reference<_Tp>::type& __t) noexcept
        4:   78:    { return static_cast<_Tp&&>(__t); }
------------------
_ZSt7forwardIRNSt15regex_constants18syntax_option_typeEEOT_RNSt16remove_referenceIS3_E4typeE:
    #####:   77:    forward(typename std::remove_reference<_Tp>::type& __t) noexcept
    #####:   78:    { return static_cast<_Tp&&>(__t); }
------------------
_ZSt7forwardIRKSt6localeEOT_RNSt16remove_referenceIS3_E4typeE:
    #####:   77:    forward(typename std::remove_reference<_Tp>::type& __t) noexcept
    #####:   78:    { return static_cast<_Tp&&>(__t); }
------------------
_ZSt7forwardIRPSt13_Rb_tree_nodeISt4pairIKNSt7__cxx1112basic_stringIcSt11char_traitsIcESaIcEEEN5Catch7TagInfoEEEEOT_RNSt16remove_referenceISF_E4typeE:
    #####:   77:    forward(typename std::remove_reference<_Tp>::type& __t) noexcept
    #####:   78:    { return static_cast<_Tp&&>(__t); }
------------------
_ZSt7forwardIRPSt18_Rb_tree_node_baseEOT_RNSt16remove_referenceIS3_E4typeE:
        9:   77:    forward(typename std::remove_reference<_Tp>::type& __t) noexcept
        9:   78:    { return static_cast<_Tp&&>(__t); }
------------------
_ZSt7forwardIRN5Catch10ConfigDataEEOT_RNSt16remove_referenceIS3_E4typeE:
        8:   77:    forward(typename std::remove_reference<_Tp>::type& __t) noexcept
        8:   78:    { return static_cast<_Tp&&>(__t); }
------------------
_ZSt7forwardIRKN5Catch5clara8TextFlow6ColumnEEOT_RNSt16remove_referenceIS6_E4typeE:
    #####:   77:    forward(typename std::remove_reference<_Tp>::type& __t) noexcept
    #####:   78:    { return static_cast<_Tp&&>(__t); }
------------------
_ZSt7forwardIN5Catch5clara8TextFlow6Column8iteratorEEOT_RNSt16remove_referenceIS5_E4typeE:
    #####:   77:    forward(typename std::remove_reference<_Tp>::type& __t) noexcept
    #####:   78:    { return static_cast<_Tp&&>(__t); }
------------------
_ZSt7forwardIRiEOT_RNSt16remove_referenceIS1_E4typeE:
        8:   77:    forward(typename std::remove_reference<_Tp>::type& __t) noexcept
        8:   78:    { return static_cast<_Tp&&>(__t); }
------------------
_ZSt7forwardIPN5Catch16TestCaseTracking8ITrackerEEOT_RNSt16remove_referenceIS4_E4typeE:
      132:   77:    forward(typename std::remove_reference<_Tp>::type& __t) noexcept
      132:   78:    { return static_cast<_Tp&&>(__t); }
------------------
_ZSt7forwardIRKN5Catch16TestCaseTracking15NameAndLocationEEOT_RNSt16remove_referenceIS5_E4typeE:
      104:   77:    forward(typename std::remove_reference<_Tp>::type& __t) noexcept
      104:   78:    { return static_cast<_Tp&&>(__t); }
------------------
_ZSt7forwardIDnEOT_RNSt16remove_referenceIS0_E4typeE:
       32:   77:    forward(typename std::remove_reference<_Tp>::type& __t) noexcept
       32:   78:    { return static_cast<_Tp&&>(__t); }
------------------
_ZSt7forwardIRN5Catch16TestCaseTracking14TrackerContextEEOT_RNSt16remove_referenceIS4_E4typeE:
      136:   77:    forward(typename std::remove_reference<_Tp>::type& __t) noexcept
      136:   78:    { return static_cast<_Tp&&>(__t); }
------------------
_ZSt7forwardIN5Catch16TestCaseTracking15NameAndLocationEEOT_RNSt16remove_referenceIS3_E4typeE:
       32:   77:    forward(typename std::remove_reference<_Tp>::type& __t) noexcept
       32:   78:    { return static_cast<_Tp&&>(__t); }
------------------
_ZSt7forwardISt4pairINSt7__cxx1112basic_stringIcSt11char_traitsIcESaIcEEEN5Catch8TagAliasEEEOT_RNSt16remove_referenceISA_E4typeE:
    #####:   77:    forward(typename std::remove_reference<_Tp>::type& __t) noexcept
    #####:   78:    { return static_cast<_Tp&&>(__t); }
------------------
_ZSt7forwardIN5Catch8TagAliasEEOT_RNSt16remove_referenceIS2_E4typeE:
    #####:   77:    forward(typename std::remove_reference<_Tp>::type& __t) noexcept
    #####:   78:    { return static_cast<_Tp&&>(__t); }
------------------
_ZSt7forwardIN5Catch5clara6detail5TokenEEOT_RNSt16remove_referenceIS4_E4typeE:
    #####:   77:    forward(typename std::remove_reference<_Tp>::type& __t) noexcept
    #####:   78:    { return static_cast<_Tp&&>(__t); }
------------------
_ZSt7forwardIRKSt10shared_ptrIN5Catch16IReporterFactoryEEEOT_RNSt16remove_referenceIS6_E4typeE:
       24:   77:    forward(typename std::remove_reference<_Tp>::type& __t) noexcept
       24:   78:    { return static_cast<_Tp&&>(__t); }
------------------
_ZSt7forwardIRKNSt7__cxx1112basic_stringIcSt11char_traitsIcESaIcEEEEOT_RNSt16remove_referenceIS8_E4typeE:
    #####:   77:    forward(typename std::remove_reference<_Tp>::type& __t) noexcept
    #####:   78:    { return static_cast<_Tp&&>(__t); }
------------------
_ZSt7forwardISt4pairINSt7__cxx1112basic_stringIcSt11char_traitsIcESaIcEEEN5Catch7TagInfoEEEOT_RNSt16remove_referenceISA_E4typeE:
    #####:   77:    forward(typename std::remove_reference<_Tp>::type& __t) noexcept
    #####:   78:    { return static_cast<_Tp&&>(__t); }
------------------
_ZSt7forwardIN5Catch7TagInfoEEOT_RNSt16remove_referenceIS2_E4typeE:
    #####:   77:    forward(typename std::remove_reference<_Tp>::type& __t) noexcept
    #####:   78:    { return static_cast<_Tp&&>(__t); }
------------------
_ZSt7forwardISt14default_deleteIN5Catch17MultipleReportersEEEOT_RNSt16remove_referenceIS4_E4typeE:
    #####:   77:    forward(typename std::remove_reference<_Tp>::type& __t) noexcept
    #####:   78:    { return static_cast<_Tp&&>(__t); }
------------------
_ZSt7forwardISt14default_deleteIN5Catch18IStreamingReporterEEEOT_RNSt16remove_referenceIS4_E4typeE:
    #####:   77:    forward(typename std::remove_reference<_Tp>::type& __t) noexcept
    #####:   78:    { return static_cast<_Tp&&>(__t); }
------------------
_ZSt7forwardIRbEOT_RNSt16remove_referenceIS1_E4typeE:
       84:   77:    forward(typename std::remove_reference<_Tp>::type& __t) noexcept
       84:   78:    { return static_cast<_Tp&&>(__t); }
------------------
_ZSt7forwardIRNSt7__cxx1112basic_stringIcSt11char_traitsIcESaIcEEEEOT_RNSt16remove_referenceIS7_E4typeE:
       32:   77:    forward(typename std::remove_reference<_Tp>::type& __t) noexcept
       32:   78:    { return static_cast<_Tp&&>(__t); }
------------------
_ZSt7forwardIRA13_KcEOT_RNSt16remove_referenceIS3_E4typeE:
       24:   77:    forward(typename std::remove_reference<_Tp>::type& __t) noexcept
       24:   78:    { return static_cast<_Tp&&>(__t); }
------------------
_ZSt7forwardIcEOT_RNSt16remove_referenceIS0_E4typeE:
    #####:   77:    forward(typename std::remove_reference<_Tp>::type& __t) noexcept
    #####:   78:    { return static_cast<_Tp&&>(__t); }
------------------
_ZSt7forwardIRKNSt15__exception_ptr13exception_ptrEEOT_RNSt16remove_referenceIS4_E4typeE:
    #####:   77:    forward(typename std::remove_reference<_Tp>::type& __t) noexcept
    #####:   78:    { return static_cast<_Tp&&>(__t); }
------------------
_ZSt7forwardIRKN5Catch14TestGroupStatsEEOT_RNSt16remove_referenceIS4_E4typeE:
    #####:   77:    forward(typename std::remove_reference<_Tp>::type& __t) noexcept
    #####:   78:    { return static_cast<_Tp&&>(__t); }
------------------
_ZSt7forwardIRKN5Catch13TestCaseStatsEEOT_RNSt16remove_referenceIS4_E4typeE:
    #####:   77:    forward(typename std::remove_reference<_Tp>::type& __t) noexcept
    #####:   78:    { return static_cast<_Tp&&>(__t); }
------------------
_ZSt7forwardIN5Catch13SummaryColumnEEOT_RNSt16remove_referenceIS2_E4typeE:
    #####:   77:    forward(typename std::remove_reference<_Tp>::type& __t) noexcept
    #####:   78:    { return static_cast<_Tp&&>(__t); }
------------------
_ZSt7forwardIRKN5Catch8TestSpec6FilterEEOT_RNSt16remove_referenceIS5_E4typeE:
        5:   77:    forward(typename std::remove_reference<_Tp>::type& __t) noexcept
        5:   78:    { return static_cast<_Tp&&>(__t); }
------------------
_ZSt7forwardIRSt10shared_ptrIN5Catch8TestSpec7PatternEEEOT_RNSt16remove_referenceIS6_E4typeE:
        8:   77:    forward(typename std::remove_reference<_Tp>::type& __t) noexcept
        8:   78:    { return static_cast<_Tp&&>(__t); }
------------------
_ZSt7forwardIRKSt10shared_ptrIN5Catch16TestCaseTracking8ITrackerEEEOT_RNSt16remove_referenceIS7_E4typeE:
       38:   77:    forward(typename std::remove_reference<_Tp>::type& __t) noexcept
       38:   78:    { return static_cast<_Tp&&>(__t); }
------------------
_ZSt7forwardIRSt17_Rb_tree_iteratorIN5Catch8TestCaseEEEOT_RNSt16remove_referenceIS5_E4typeE:
        4:   77:    forward(typename std::remove_reference<_Tp>::type& __t) noexcept
        4:   78:    { return static_cast<_Tp&&>(__t); }
------------------
_ZSt7forwardIRKN5Catch8TestCaseEEOT_RNSt16remove_referenceIS4_E4typeE:
       43:   77:    forward(typename std::remove_reference<_Tp>::type& __t) noexcept
       43:   78:    { return static_cast<_Tp&&>(__t); }
------------------
_ZSt7forwardIRKmEOT_RNSt16remove_referenceIS2_E4typeE:
    #####:   77:    forward(typename std::remove_reference<_Tp>::type& __t) noexcept
    #####:   78:    { return static_cast<_Tp&&>(__t); }
------------------
_ZSt7forwardISt10unique_ptrINSt7__cxx1119basic_ostringstreamIcSt11char_traitsIcESaIcEEESt14default_deleteIS6_EEEOT_RNSt16remove_referenceISA_E4typeE:
    #####:   77:    forward(typename std::remove_reference<_Tp>::type& __t) noexcept
    #####:   78:    { return static_cast<_Tp&&>(__t); }
------------------
_ZSt7forwardINSt8__detail6_StateIcEEEOT_RNSt16remove_referenceIS3_E4typeE:
    #####:   77:    forward(typename std::remove_reference<_Tp>::type& __t) noexcept
    #####:   78:    { return static_cast<_Tp&&>(__t); }
------------------
_ZSt7forwardIRKN5Catch14SectionEndInfoEEOT_RNSt16remove_referenceIS4_E4typeE:
    #####:   77:    forward(typename std::remove_reference<_Tp>::type& __t) noexcept
    #####:   78:    { return static_cast<_Tp&&>(__t); }
------------------
_ZSt7forwardIRSt17_Rb_tree_iteratorINSt7__cxx1112basic_stringIcSt11char_traitsIcESaIcEEEEEOT_RNSt16remove_referenceIS9_E4typeE:
    #####:   77:    forward(typename std::remove_reference<_Tp>::type& __t) noexcept
    #####:   78:    { return static_cast<_Tp&&>(__t); }
------------------
_ZSt7forwardIRKN5Catch11MessageInfoEEOT_RNSt16remove_referenceIS4_E4typeE:
    #####:   77:    forward(typename std::remove_reference<_Tp>::type& __t) noexcept
    #####:   78:    { return static_cast<_Tp&&>(__t); }
------------------
_ZSt7forwardISt10unique_ptrIKN5Catch20IExceptionTranslatorESt14default_deleteIS3_EEEOT_RNSt16remove_referenceIS7_E4typeE:
    #####:   77:    forward(typename std::remove_reference<_Tp>::type& __t) noexcept
    #####:   78:    { return static_cast<_Tp&&>(__t); }
------------------
_ZSt7forwardIRSt6vectorINSt7__cxx1112basic_stringIcSt11char_traitsIcESaIcEEESaIS6_EEEOT_RNSt16remove_referenceISA_E4typeE:
       24:   77:    forward(typename std::remove_reference<_Tp>::type& __t) noexcept
       24:   78:    { return static_cast<_Tp&&>(__t); }
------------------
_ZSt7forwardIRKZN5Catch21makeCommandLineParserERNS0_10ConfigDataEEUlbE6_EOT_RNSt16remove_referenceIS6_E4typeE:
        8:   77:    forward(typename std::remove_reference<_Tp>::type& __t) noexcept
        8:   78:    { return static_cast<_Tp&&>(__t); }
------------------
_ZSt7forwardINSt7__cxx1112basic_stringIcSt11char_traitsIcESaIcEEEEOT_RNSt16remove_referenceIS6_E4typeE:
       40:   77:    forward(typename std::remove_reference<_Tp>::type& __t) noexcept
       40:   78:    { return static_cast<_Tp&&>(__t); }
------------------
_ZSt7forwardIRKN5Catch5clara6detail3OptEEOT_RNSt16remove_referenceIS6_E4typeE:
      806:   77:    forward(typename std::remove_reference<_Tp>::type& __t) noexcept
      806:   78:    { return static_cast<_Tp&&>(__t); }
------------------
_ZSt7forwardIRKN5Catch5clara6detail3ArgEEOT_RNSt16remove_referenceIS6_E4typeE:
        4:   77:    forward(typename std::remove_reference<_Tp>::type& __t) noexcept
        4:   78:    { return static_cast<_Tp&&>(__t); }
------------------
_ZSt7forwardIRKZN5Catch5clara6detail4HelpC4ERbEUlbE_EOT_RNSt16remove_referenceIS8_E4typeE:
        8:   77:    forward(typename std::remove_reference<_Tp>::type& __t) noexcept
        8:   78:    { return static_cast<_Tp&&>(__t); }
------------------
_ZSt7forwardIRKNSt7__cxx119sub_matchIN9__gnu_cxx17__normal_iteratorIPKcNS0_12basic_stringIcSt11char_traitsIcESaIcEEEEEEEEOT_RNSt16remove_referenceISF_E4typeE:
    #####:   77:    forward(typename std::remove_reference<_Tp>::type& __t) noexcept
    #####:   78:    { return static_cast<_Tp&&>(__t); }
------------------
_ZSt7forwardIRKNSt8__detail12_CharMatcherINSt7__cxx1112regex_traitsIcEELb0ELb1EEEEOT_RNSt16remove_referenceIS8_E4typeE:
    #####:   77:    forward(typename std::remove_reference<_Tp>::type& __t) noexcept
    #####:   78:    { return static_cast<_Tp&&>(__t); }
------------------
_ZSt7forwardIRKNSt8__detail12_CharMatcherINSt7__cxx1112regex_traitsIcEELb0ELb0EEEEOT_RNSt16remove_referenceIS8_E4typeE:
    #####:   77:    forward(typename std::remove_reference<_Tp>::type& __t) noexcept
    #####:   78:    { return static_cast<_Tp&&>(__t); }
------------------
_ZSt7forwardIRKNSt8__detail11_AnyMatcherINSt7__cxx1112regex_traitsIcEELb1ELb1ELb1EEEEOT_RNSt16remove_referenceIS8_E4typeE:
    #####:   77:    forward(typename std::remove_reference<_Tp>::type& __t) noexcept
    #####:   78:    { return static_cast<_Tp&&>(__t); }
------------------
_ZSt7forwardIRKNSt8__detail11_AnyMatcherINSt7__cxx1112regex_traitsIcEELb1ELb1ELb0EEEEOT_RNSt16remove_referenceIS8_E4typeE:
    #####:   77:    forward(typename std::remove_reference<_Tp>::type& __t) noexcept
    #####:   78:    { return static_cast<_Tp&&>(__t); }
------------------
_ZSt7forwardIRKNSt8__detail11_AnyMatcherINSt7__cxx1112regex_traitsIcEELb1ELb0ELb1EEEEOT_RNSt16remove_referenceIS8_E4typeE:
    #####:   77:    forward(typename std::remove_reference<_Tp>::type& __t) noexcept
    #####:   78:    { return static_cast<_Tp&&>(__t); }
------------------
_ZSt7forwardIRKNSt8__detail11_AnyMatcherINSt7__cxx1112regex_traitsIcEELb1ELb0ELb0EEEEOT_RNSt16remove_referenceIS8_E4typeE:
    #####:   77:    forward(typename std::remove_reference<_Tp>::type& __t) noexcept
    #####:   78:    { return static_cast<_Tp&&>(__t); }
------------------
_ZSt7forwardIRKNSt8__detail11_AnyMatcherINSt7__cxx1112regex_traitsIcEELb0ELb1ELb1EEEEOT_RNSt16remove_referenceIS8_E4typeE:
    #####:   77:    forward(typename std::remove_reference<_Tp>::type& __t) noexcept
    #####:   78:    { return static_cast<_Tp&&>(__t); }
------------------
_ZSt7forwardIRKNSt8__detail11_AnyMatcherINSt7__cxx1112regex_traitsIcEELb0ELb1ELb0EEEEOT_RNSt16remove_referenceIS8_E4typeE:
    #####:   77:    forward(typename std::remove_reference<_Tp>::type& __t) noexcept
    #####:   78:    { return static_cast<_Tp&&>(__t); }
------------------
_ZSt7forwardIRKNSt8__detail11_AnyMatcherINSt7__cxx1112regex_traitsIcEELb0ELb0ELb1EEEEOT_RNSt16remove_referenceIS8_E4typeE:
    #####:   77:    forward(typename std::remove_reference<_Tp>::type& __t) noexcept
    #####:   78:    { return static_cast<_Tp&&>(__t); }
------------------
_ZSt7forwardIRKNSt8__detail11_AnyMatcherINSt7__cxx1112regex_traitsIcEELb0ELb0ELb0EEEEOT_RNSt16remove_referenceIS8_E4typeE:
    #####:   77:    forward(typename std::remove_reference<_Tp>::type& __t) noexcept
    #####:   78:    { return static_cast<_Tp&&>(__t); }
------------------
_ZSt7forwardIRKNSt8__detail12_CharMatcherINSt7__cxx1112regex_traitsIcEELb1ELb0EEEEOT_RNSt16remove_referenceIS8_E4typeE:
    #####:   77:    forward(typename std::remove_reference<_Tp>::type& __t) noexcept
    #####:   78:    { return static_cast<_Tp&&>(__t); }
------------------
_ZSt7forwardIRNSt8__detail15_BracketMatcherINSt7__cxx1112regex_traitsIcEELb1ELb1EEEEOT_RNSt16remove_referenceIS7_E4typeE:
    #####:   77:    forward(typename std::remove_reference<_Tp>::type& __t) noexcept
    #####:   78:    { return static_cast<_Tp&&>(__t); }
------------------
_ZSt7forwardIRNSt8__detail15_BracketMatcherINSt7__cxx1112regex_traitsIcEELb1ELb0EEEEOT_RNSt16remove_referenceIS7_E4typeE:
    #####:   77:    forward(typename std::remove_reference<_Tp>::type& __t) noexcept
    #####:   78:    { return static_cast<_Tp&&>(__t); }
------------------
_ZSt7forwardIRNSt8__detail15_BracketMatcherINSt7__cxx1112regex_traitsIcEELb0ELb1EEEEOT_RNSt16remove_referenceIS7_E4typeE:
    #####:   77:    forward(typename std::remove_reference<_Tp>::type& __t) noexcept
    #####:   78:    { return static_cast<_Tp&&>(__t); }
------------------
_ZSt7forwardIRNSt8__detail15_BracketMatcherINSt7__cxx1112regex_traitsIcEELb0ELb0EEEEOT_RNSt16remove_referenceIS7_E4typeE:
    #####:   77:    forward(typename std::remove_reference<_Tp>::type& __t) noexcept
    #####:   78:    { return static_cast<_Tp&&>(__t); }
------------------
_ZSt7forwardIRKNSt7__cxx1112regex_traitsIcE10_RegexMaskEEOT_RNSt16remove_referenceIS6_E4typeE:
    #####:   77:    forward(typename std::remove_reference<_Tp>::type& __t) noexcept
    #####:   78:    { return static_cast<_Tp&&>(__t); }
------------------
_ZSt7forwardIRNSt8__detail12_CharMatcherINSt7__cxx1112regex_traitsIcEELb1ELb1EEEEOT_RNSt16remove_referenceIS7_E4typeE:
    #####:   77:    forward(typename std::remove_reference<_Tp>::type& __t) noexcept
    #####:   78:    { return static_cast<_Tp&&>(__t); }
------------------
_ZSt7forwardIRNSt8__detail12_CharMatcherINSt7__cxx1112regex_traitsIcEELb1ELb0EEEEOT_RNSt16remove_referenceIS7_E4typeE:
    #####:   77:    forward(typename std::remove_reference<_Tp>::type& __t) noexcept
    #####:   78:    { return static_cast<_Tp&&>(__t); }
------------------
_ZSt7forwardIRNSt8__detail12_CharMatcherINSt7__cxx1112regex_traitsIcEELb0ELb1EEEEOT_RNSt16remove_referenceIS7_E4typeE:
    #####:   77:    forward(typename std::remove_reference<_Tp>::type& __t) noexcept
    #####:   78:    { return static_cast<_Tp&&>(__t); }
------------------
_ZSt7forwardIRNSt8__detail12_CharMatcherINSt7__cxx1112regex_traitsIcEELb0ELb0EEEEOT_RNSt16remove_referenceIS7_E4typeE:
    #####:   77:    forward(typename std::remove_reference<_Tp>::type& __t) noexcept
    #####:   78:    { return static_cast<_Tp&&>(__t); }
------------------
_ZSt7forwardIRNSt8__detail11_AnyMatcherINSt7__cxx1112regex_traitsIcEELb1ELb1ELb1EEEEOT_RNSt16remove_referenceIS7_E4typeE:
    #####:   77:    forward(typename std::remove_reference<_Tp>::type& __t) noexcept
    #####:   78:    { return static_cast<_Tp&&>(__t); }
------------------
_ZSt7forwardINSt7__cxx1112regex_traitsIcE10_RegexMaskEEOT_RNSt16remove_referenceIS4_E4typeE:
    #####:   77:    forward(typename std::remove_reference<_Tp>::type& __t) noexcept
    #####:   78:    { return static_cast<_Tp&&>(__t); }
------------------
_ZSt7forwardIRPN5Catch18IStreamingReporterEEOT_RNSt16remove_referenceIS4_E4typeE:
        3:   77:    forward(typename std::remove_reference<_Tp>::type& __t) noexcept
        3:   78:    { return static_cast<_Tp&&>(__t); }
------------------
_ZSt7forwardIRKSt10shared_ptrIN5Catch22CumulativeReporterBaseINS1_13JunitReporterEE4NodeINS1_12TestRunStatsENS5_INS1_14TestGroupStatsENS5_INS1_13TestCaseStatsENS4_11SectionNodeEEEEEEEEEOT_RNSt16remove_referenceISG_E4typeE:
    #####:   77:    forward(typename std::remove_reference<_Tp>::type& __t) noexcept
    #####:   78:    { return static_cast<_Tp&&>(__t); }
------------------
_ZSt7forwardIRKN5Catch12TestRunStatsEEOT_RNSt16remove_referenceIS4_E4typeE:
    #####:   77:    forward(typename std::remove_reference<_Tp>::type& __t) noexcept
    #####:   78:    { return static_cast<_Tp&&>(__t); }
------------------
_ZSt7forwardIRN5Catch12SectionStatsEEOT_RNSt16remove_referenceIS3_E4typeE:
    #####:   77:    forward(typename std::remove_reference<_Tp>::type& __t) noexcept
    #####:   78:    { return static_cast<_Tp&&>(__t); }
------------------
_ZSt7forwardISt14default_deleteIN5Catch15CompactReporterEEEOT_RNSt16remove_referenceIS4_E4typeE:
    #####:   77:    forward(typename std::remove_reference<_Tp>::type& __t) noexcept
    #####:   78:    { return static_cast<_Tp&&>(__t); }
------------------
_ZSt7forwardISt14default_deleteIN5Catch15ConsoleReporterEEEOT_RNSt16remove_referenceIS4_E4typeE:
        6:   77:    forward(typename std::remove_reference<_Tp>::type& __t) noexcept
        6:   78:    { return static_cast<_Tp&&>(__t); }
------------------
_ZSt7forwardISt14default_deleteIN5Catch13JunitReporterEEEOT_RNSt16remove_referenceIS4_E4typeE:
    #####:   77:    forward(typename std::remove_reference<_Tp>::type& __t) noexcept
    #####:   78:    { return static_cast<_Tp&&>(__t); }
------------------
_ZSt7forwardISt14default_deleteIN5Catch11XmlReporterEEEOT_RNSt16remove_referenceIS4_E4typeE:
    #####:   77:    forward(typename std::remove_reference<_Tp>::type& __t) noexcept
    #####:   78:    { return static_cast<_Tp&&>(__t); }
------------------
_ZSt7forwardIRKSt4pairINSt7__cxx1112basic_stringIcSt11char_traitsIcESaIcEEES6_EEOT_RNSt16remove_referenceISA_E4typeE:
    #####:   77:    forward(typename std::remove_reference<_Tp>::type& __t) noexcept
    #####:   78:    { return static_cast<_Tp&&>(__t); }
------------------
_ZSt7forwardIRKSt4pairIccEEOT_RNSt16remove_referenceIS4_E4typeE:
    #####:   77:    forward(typename std::remove_reference<_Tp>::type& __t) noexcept
    #####:   78:    { return static_cast<_Tp&&>(__t); }
------------------
_ZSt7forwardIRNSt8__detail11_AnyMatcherINSt7__cxx1112regex_traitsIcEELb1ELb1ELb0EEEEOT_RNSt16remove_referenceIS7_E4typeE:
    #####:   77:    forward(typename std::remove_reference<_Tp>::type& __t) noexcept
    #####:   78:    { return static_cast<_Tp&&>(__t); }
------------------
_ZSt7forwardISt4pairIlSt6vectorINSt7__cxx119sub_matchIN9__gnu_cxx17__normal_iteratorIPKcNS2_12basic_stringIcSt11char_traitsIcESaIcEEEEEEESaISE_EEEEOT_RNSt16remove_referenceISI_E4typeE:
    #####:   77:    forward(typename std::remove_reference<_Tp>::type& __t) noexcept
    #####:   78:    { return static_cast<_Tp&&>(__t); }
------------------
_ZSt7forwardIRPSt13_Rb_tree_nodeISt4pairIKllEEEOT_RNSt16remove_referenceIS7_E4typeE:
    #####:   77:    forward(typename std::remove_reference<_Tp>::type& __t) noexcept
    #####:   78:    { return static_cast<_Tp&&>(__t); }
------------------
_ZSt7forwardISt4pairINSt7__cxx1112basic_stringIcSt11char_traitsIcESaIcEEES6_EEOT_RNSt16remove_referenceIS8_E4typeE:
    #####:   77:    forward(typename std::remove_reference<_Tp>::type& __t) noexcept
    #####:   78:    { return static_cast<_Tp&&>(__t); }
------------------
_ZSt7forwardISt4pairIccEEOT_RNSt16remove_referenceIS2_E4typeE:
    #####:   77:    forward(typename std::remove_reference<_Tp>::type& __t) noexcept
    #####:   78:    { return static_cast<_Tp&&>(__t); }
------------------
_ZSt7forwardIRNSt7__cxx119sub_matchIN9__gnu_cxx17__normal_iteratorIPKcNS0_12basic_stringIcSt11char_traitsIcESaIcEEEEEEEEOT_RNSt16remove_referenceISE_E4typeE:
    #####:   77:    forward(typename std::remove_reference<_Tp>::type& __t) noexcept
    #####:   78:    { return static_cast<_Tp&&>(__t); }
------------------
_ZSt7forwardIRKNSt8__detail15_BracketMatcherINSt7__cxx1112regex_traitsIcEELb1ELb1EEEEOT_RNSt16remove_referenceIS8_E4typeE:
    #####:   77:    forward(typename std::remove_reference<_Tp>::type& __t) noexcept
    #####:   78:    { return static_cast<_Tp&&>(__t); }
------------------
_ZSt7forwardIRKNSt8__detail15_BracketMatcherINSt7__cxx1112regex_traitsIcEELb1ELb0EEEEOT_RNSt16remove_referenceIS8_E4typeE:
    #####:   77:    forward(typename std::remove_reference<_Tp>::type& __t) noexcept
    #####:   78:    { return static_cast<_Tp&&>(__t); }
------------------
_ZSt7forwardIRKNSt8__detail15_BracketMatcherINSt7__cxx1112regex_traitsIcEELb0ELb1EEEEOT_RNSt16remove_referenceIS8_E4typeE:
    #####:   77:    forward(typename std::remove_reference<_Tp>::type& __t) noexcept
    #####:   78:    { return static_cast<_Tp&&>(__t); }
------------------
_ZSt7forwardIRKNSt8__detail15_BracketMatcherINSt7__cxx1112regex_traitsIcEELb0ELb0EEEEOT_RNSt16remove_referenceIS8_E4typeE:
    #####:   77:    forward(typename std::remove_reference<_Tp>::type& __t) noexcept
    #####:   78:    { return static_cast<_Tp&&>(__t); }
------------------
_ZSt7forwardIRKNSt8__detail12_CharMatcherINSt7__cxx1112regex_traitsIcEELb1ELb1EEEEOT_RNSt16remove_referenceIS8_E4typeE:
    #####:   77:    forward(typename std::remove_reference<_Tp>::type& __t) noexcept
    #####:   78:    { return static_cast<_Tp&&>(__t); }
------------------
_ZSt7forwardIN5Catch11SectionInfoEEOT_RNSt16remove_referenceIS2_E4typeE:
        2:   77:    forward(typename std::remove_reference<_Tp>::type& __t) noexcept
        2:   78:    { return static_cast<_Tp&&>(__t); }
------------------
_ZSt7forwardINSt8__detail11_AnyMatcherINSt7__cxx1112regex_traitsIcEELb1ELb1ELb0EEEEOT_RNSt16remove_referenceIS6_E4typeE:
    #####:   77:    forward(typename std::remove_reference<_Tp>::type& __t) noexcept
    #####:   78:    { return static_cast<_Tp&&>(__t); }
------------------
_ZSt7forwardINSt8__detail11_AnyMatcherINSt7__cxx1112regex_traitsIcEELb1ELb0ELb1EEEEOT_RNSt16remove_referenceIS6_E4typeE:
    #####:   77:    forward(typename std::remove_reference<_Tp>::type& __t) noexcept
    #####:   78:    { return static_cast<_Tp&&>(__t); }
------------------
_ZSt7forwardINSt8__detail11_AnyMatcherINSt7__cxx1112regex_traitsIcEELb1ELb0ELb0EEEEOT_RNSt16remove_referenceIS6_E4typeE:
    #####:   77:    forward(typename std::remove_reference<_Tp>::type& __t) noexcept
    #####:   78:    { return static_cast<_Tp&&>(__t); }
------------------
_ZSt7forwardINSt8__detail11_AnyMatcherINSt7__cxx1112regex_traitsIcEELb0ELb1ELb1EEEEOT_RNSt16remove_referenceIS6_E4typeE:
    #####:   77:    forward(typename std::remove_reference<_Tp>::type& __t) noexcept
    #####:   78:    { return static_cast<_Tp&&>(__t); }
------------------
_ZSt7forwardINSt8__detail11_AnyMatcherINSt7__cxx1112regex_traitsIcEELb0ELb1ELb0EEEEOT_RNSt16remove_referenceIS6_E4typeE:
    #####:   77:    forward(typename std::remove_reference<_Tp>::type& __t) noexcept
    #####:   78:    { return static_cast<_Tp&&>(__t); }
------------------
_ZSt7forwardINSt8__detail11_AnyMatcherINSt7__cxx1112regex_traitsIcEELb0ELb0ELb1EEEEOT_RNSt16remove_referenceIS6_E4typeE:
    #####:   77:    forward(typename std::remove_reference<_Tp>::type& __t) noexcept
    #####:   78:    { return static_cast<_Tp&&>(__t); }
------------------
_ZSt7forwardINSt8__detail11_AnyMatcherINSt7__cxx1112regex_traitsIcEELb0ELb0ELb0EEEEOT_RNSt16remove_referenceIS6_E4typeE:
    #####:   77:    forward(typename std::remove_reference<_Tp>::type& __t) noexcept
    #####:   78:    { return static_cast<_Tp&&>(__t); }
------------------
_ZSt7forwardISt10shared_ptrIN5Catch22CumulativeReporterBaseINS1_13JunitReporterEE4NodeINS1_14TestGroupStatsENS5_INS1_13TestCaseStatsENS4_11SectionNodeEEEEEEEOT_RNSt16remove_referenceISC_E4typeE:
    #####:   77:    forward(typename std::remove_reference<_Tp>::type& __t) noexcept
    #####:   78:    { return static_cast<_Tp&&>(__t); }
------------------
_ZSt7forwardISt10shared_ptrIN5Catch22CumulativeReporterBaseINS1_13JunitReporterEE4NodeINS1_13TestCaseStatsENS4_11SectionNodeEEEEEOT_RNSt16remove_referenceISA_E4typeE:
    #####:   77:    forward(typename std::remove_reference<_Tp>::type& __t) noexcept
    #####:   78:    { return static_cast<_Tp&&>(__t); }
------------------
_ZSt7forwardISt10shared_ptrIN5Catch22CumulativeReporterBaseINS1_13JunitReporterEE11SectionNodeEEEOT_RNSt16remove_referenceIS7_E4typeE:
    #####:   77:    forward(typename std::remove_reference<_Tp>::type& __t) noexcept
    #####:   78:    { return static_cast<_Tp&&>(__t); }
------------------
_ZSt7forwardINSt8__detail11_AnyMatcherINSt7__cxx1112regex_traitsIcEELb1ELb1ELb1EEEEOT_RNSt16remove_referenceIS6_E4typeE:
    #####:   77:    forward(typename std::remove_reference<_Tp>::type& __t) noexcept
    #####:   78:    { return static_cast<_Tp&&>(__t); }
------------------
_ZSt7forwardIRPSt13_Rb_tree_nodeIN5Catch9VerbosityEEEOT_RNSt16remove_referenceIS6_E4typeE:
        1:   77:    forward(typename std::remove_reference<_Tp>::type& __t) noexcept
        1:   78:    { return static_cast<_Tp&&>(__t); }
------------------
_ZSt7forwardISt10shared_ptrIN5Catch8TestSpec7PatternEEEOT_RNSt16remove_referenceIS5_E4typeE:
    #####:   77:    forward(typename std::remove_reference<_Tp>::type& __t) noexcept
    #####:   78:    { return static_cast<_Tp&&>(__t); }
------------------
_ZSt7forwardIRKNSt8__detail9_StateSeqINSt7__cxx1112regex_traitsIcEEEEEOT_RNSt16remove_referenceIS8_E4typeE:
    #####:   77:    forward(typename std::remove_reference<_Tp>::type& __t) noexcept
    #####:   78:    { return static_cast<_Tp&&>(__t); }
------------------
_ZSt7forwardIN5Catch5clara6detail11HelpColumnsEEOT_RNSt16remove_referenceIS4_E4typeE:
    #####:   77:    forward(typename std::remove_reference<_Tp>::type& __t) noexcept
    #####:   78:    { return static_cast<_Tp&&>(__t); }
------------------
_ZSt7forwardIN5Catch8TestSpec6FilterEEOT_RNSt16remove_referenceIS3_E4typeE:
    #####:   77:    forward(typename std::remove_reference<_Tp>::type& __t) noexcept
    #####:   78:    { return static_cast<_Tp&&>(__t); }
------------------
_ZSt7forwardISt10shared_ptrIN5Catch16TestCaseTracking8ITrackerEEEOT_RNSt16remove_referenceIS5_E4typeE:
       18:   77:    forward(typename std::remove_reference<_Tp>::type& __t) noexcept
       18:   78:    { return static_cast<_Tp&&>(__t); }
------------------
_ZSt7forwardINSt15__exception_ptr13exception_ptrEEOT_RNSt16remove_referenceIS2_E4typeE:
    #####:   77:    forward(typename std::remove_reference<_Tp>::type& __t) noexcept
    #####:   78:    { return static_cast<_Tp&&>(__t); }
------------------
_ZSt7forwardIN5Catch14SectionEndInfoEEOT_RNSt16remove_referenceIS2_E4typeE:
    #####:   77:    forward(typename std::remove_reference<_Tp>::type& __t) noexcept
    #####:   78:    { return static_cast<_Tp&&>(__t); }
------------------
_ZSt7forwardISt10shared_ptrIN5Catch16IReporterFactoryEEEOT_RNSt16remove_referenceIS4_E4typeE:
    #####:   77:    forward(typename std::remove_reference<_Tp>::type& __t) noexcept
    #####:   78:    { return static_cast<_Tp&&>(__t); }
------------------
_ZSt7forwardINSt8__detail9_StateSeqINSt7__cxx1112regex_traitsIcEEEEEOT_RNSt16remove_referenceIS6_E4typeE:
    #####:   77:    forward(typename std::remove_reference<_Tp>::type& __t) noexcept
    #####:   78:    { return static_cast<_Tp&&>(__t); }
------------------
_ZSt7forwardIRKSt6vectorINSt7__cxx119sub_matchIN9__gnu_cxx17__normal_iteratorIPKcNS1_12basic_stringIcSt11char_traitsIcESaIcEEEEEEESaISD_EEEOT_RNSt16remove_referenceISI_E4typeE:
    #####:   77:    forward(typename std::remove_reference<_Tp>::type& __t) noexcept
    #####:   78:    { return static_cast<_Tp&&>(__t); }
------------------
_ZSt7forwardIRNSt8__detail11_AnyMatcherINSt7__cxx1112regex_traitsIcEELb1ELb0ELb1EEEEOT_RNSt16remove_referenceIS7_E4typeE:
    #####:   77:    forward(typename std::remove_reference<_Tp>::type& __t) noexcept
    #####:   78:    { return static_cast<_Tp&&>(__t); }
------------------
_ZSt7forwardIRNSt8__detail11_AnyMatcherINSt7__cxx1112regex_traitsIcEELb1ELb0ELb0EEEEOT_RNSt16remove_referenceIS7_E4typeE:
    #####:   77:    forward(typename std::remove_reference<_Tp>::type& __t) noexcept
    #####:   78:    { return static_cast<_Tp&&>(__t); }
------------------
_ZSt7forwardIRNSt8__detail11_AnyMatcherINSt7__cxx1112regex_traitsIcEELb0ELb1ELb1EEEEOT_RNSt16remove_referenceIS7_E4typeE:
    #####:   77:    forward(typename std::remove_reference<_Tp>::type& __t) noexcept
    #####:   78:    { return static_cast<_Tp&&>(__t); }
------------------
_ZSt7forwardIRNSt8__detail11_AnyMatcherINSt7__cxx1112regex_traitsIcEELb0ELb1ELb0EEEEOT_RNSt16remove_referenceIS7_E4typeE:
    #####:   77:    forward(typename std::remove_reference<_Tp>::type& __t) noexcept
    #####:   78:    { return static_cast<_Tp&&>(__t); }
------------------
_ZSt7forwardIRNSt8__detail11_AnyMatcherINSt7__cxx1112regex_traitsIcEELb0ELb0ELb1EEEEOT_RNSt16remove_referenceIS7_E4typeE:
    #####:   77:    forward(typename std::remove_reference<_Tp>::type& __t) noexcept
    #####:   78:    { return static_cast<_Tp&&>(__t); }
------------------
_ZSt7forwardIRNSt8__detail11_AnyMatcherINSt7__cxx1112regex_traitsIcEELb0ELb0ELb0EEEEOT_RNSt16remove_referenceIS7_E4typeE:
    #####:   77:    forward(typename std::remove_reference<_Tp>::type& __t) noexcept
    #####:   78:    { return static_cast<_Tp&&>(__t); }
------------------
_ZSt7forwardIRKlEOT_RNSt16remove_referenceIS2_E4typeE:
    #####:   77:    forward(typename std::remove_reference<_Tp>::type& __t) noexcept
    #####:   78:    { return static_cast<_Tp&&>(__t); }
------------------
_ZSt7forwardISt5tupleIJEEEOT_RNSt16remove_referenceIS2_E4typeE:
    #####:   77:    forward(typename std::remove_reference<_Tp>::type& __t) noexcept
    #####:   78:    { return static_cast<_Tp&&>(__t); }
------------------
_ZSt7forwardISt5tupleIJRKlEEEOT_RNSt16remove_referenceIS4_E4typeE:
    #####:   77:    forward(typename std::remove_reference<_Tp>::type& __t) noexcept
    #####:   78:    { return static_cast<_Tp&&>(__t); }
------------------
_ZSt7forwardIRKSt21piecewise_construct_tEOT_RNSt16remove_referenceIS3_E4typeE:
    #####:   77:    forward(typename std::remove_reference<_Tp>::type& __t) noexcept
    #####:   78:    { return static_cast<_Tp&&>(__t); }
------------------
_ZSt7forwardISt10shared_ptrIN5Catch22CumulativeReporterBaseINS1_13JunitReporterEE4NodeINS1_12TestRunStatsENS5_INS1_14TestGroupStatsENS5_INS1_13TestCaseStatsENS4_11SectionNodeEEEEEEEEEOT_RNSt16remove_referenceISE_E4typeE:
    #####:   77:    forward(typename std::remove_reference<_Tp>::type& __t) noexcept
    #####:   78:    { return static_cast<_Tp&&>(__t); }
------------------
_ZSt7forwardIRlEOT_RNSt16remove_referenceIS1_E4typeE:
    #####:   77:    forward(typename std::remove_reference<_Tp>::type& __t) noexcept
    #####:   78:    { return static_cast<_Tp&&>(__t); }
------------------
_ZSt7forwardINSt8__detail15_BracketMatcherINSt7__cxx1112regex_traitsIcEELb1ELb1EEEEOT_RNSt16remove_referenceIS6_E4typeE:
    #####:   77:    forward(typename std::remove_reference<_Tp>::type& __t) noexcept
    #####:   78:    { return static_cast<_Tp&&>(__t); }
------------------
_ZSt7forwardINSt8__detail15_BracketMatcherINSt7__cxx1112regex_traitsIcEELb1ELb0EEEEOT_RNSt16remove_referenceIS6_E4typeE:
    #####:   77:    forward(typename std::remove_reference<_Tp>::type& __t) noexcept
    #####:   78:    { return static_cast<_Tp&&>(__t); }
------------------
_ZSt7forwardINSt8__detail15_BracketMatcherINSt7__cxx1112regex_traitsIcEELb0ELb1EEEEOT_RNSt16remove_referenceIS6_E4typeE:
    #####:   77:    forward(typename std::remove_reference<_Tp>::type& __t) noexcept
    #####:   78:    { return static_cast<_Tp&&>(__t); }
------------------
_ZSt7forwardINSt8__detail15_BracketMatcherINSt7__cxx1112regex_traitsIcEELb0ELb0EEEEOT_RNSt16remove_referenceIS6_E4typeE:
    #####:   77:    forward(typename std::remove_reference<_Tp>::type& __t) noexcept
    #####:   78:    { return static_cast<_Tp&&>(__t); }
------------------
_ZSt7forwardINSt8__detail12_CharMatcherINSt7__cxx1112regex_traitsIcEELb1ELb1EEEEOT_RNSt16remove_referenceIS6_E4typeE:
    #####:   77:    forward(typename std::remove_reference<_Tp>::type& __t) noexcept
    #####:   78:    { return static_cast<_Tp&&>(__t); }
------------------
_ZSt7forwardINSt8__detail12_CharMatcherINSt7__cxx1112regex_traitsIcEELb1ELb0EEEEOT_RNSt16remove_referenceIS6_E4typeE:
    #####:   77:    forward(typename std::remove_reference<_Tp>::type& __t) noexcept
    #####:   78:    { return static_cast<_Tp&&>(__t); }
------------------
_ZSt7forwardINSt8__detail12_CharMatcherINSt7__cxx1112regex_traitsIcEELb0ELb1EEEEOT_RNSt16remove_referenceIS6_E4typeE:
    #####:   77:    forward(typename std::remove_reference<_Tp>::type& __t) noexcept
    #####:   78:    { return static_cast<_Tp&&>(__t); }
------------------
_ZSt7forwardINSt8__detail12_CharMatcherINSt7__cxx1112regex_traitsIcEELb0ELb0EEEEOT_RNSt16remove_referenceIS6_E4typeE:
    #####:   77:    forward(typename std::remove_reference<_Tp>::type& __t) noexcept
    #####:   78:    { return static_cast<_Tp&&>(__t); }
------------------
        -:   79:
        -:   80:  /**
        -:   81:   *  @brief  Forward an rvalue.
        -:   82:   *  @return The parameter cast to the specified type.
        -:   83:   *
        -:   84:   *  This function is used to implement "perfect forwarding".
        -:   85:   */
        -:   86:  template<typename _Tp>
        -:   87:    _GLIBCXX_NODISCARD
        -:   88:    constexpr _Tp&&
        -:   89:    forward(typename std::remove_reference<_Tp>::type&& __t) noexcept
        -:   90:    {
        -:   91:      static_assert(!std::is_lvalue_reference<_Tp>::value,
        -:   92:	  "std::forward must not be used to convert an rvalue to an lvalue");
        -:   93:      return static_cast<_Tp&&>(__t);
        -:   94:    }
        -:   95:
        -:   96:  /**
        -:   97:   *  @brief  Convert a value to an rvalue.
        -:   98:   *  @param  __t  A thing of arbitrary type.
        -:   99:   *  @return The parameter cast to an rvalue-reference to allow moving it.
        -:  100:  */
        -:  101:  template<typename _Tp>
        -:  102:    _GLIBCXX_NODISCARD
        -:  103:    constexpr typename std::remove_reference<_Tp>::type&&
    1803*:  104:    move(_Tp&& __t) noexcept
    1803*:  105:    { return static_cast<typename std::remove_reference<_Tp>::type&&>(__t); }
------------------
_ZSt4moveIRSt10shared_ptrIN5Catch8TestSpec11NamePatternEEEONSt16remove_referenceIT_E4typeEOS7_:
    #####:  104:    move(_Tp&& __t) noexcept
    #####:  105:    { return static_cast<typename std::remove_reference<_Tp>::type&&>(__t); }
------------------
_ZSt4moveIRSt10shared_ptrIN5Catch17ReporterRegistrarINS1_11XmlReporterEE15ReporterFactoryEEEONSt16remove_referenceIT_E4typeEOS9_:
        1:  104:    move(_Tp&& __t) noexcept
        1:  105:    { return static_cast<typename std::remove_reference<_Tp>::type&&>(__t); }
------------------
_ZSt4moveIRSt10shared_ptrIN5Catch17ReporterRegistrarINS1_13JunitReporterEE15ReporterFactoryEEEONSt16remove_referenceIT_E4typeEOS9_:
        1:  104:    move(_Tp&& __t) noexcept
        1:  105:    { return static_cast<typename std::remove_reference<_Tp>::type&&>(__t); }
------------------
_ZSt4moveIRSt10shared_ptrIN5Catch22CumulativeReporterBaseINS1_13JunitReporterEE4NodeINS1_14TestGroupStatsENS5_INS1_13TestCaseStatsENS4_11SectionNodeEEEEEEEONSt16remove_referenceIT_E4typeEOSE_:
    #####:  104:    move(_Tp&& __t) noexcept
    #####:  105:    { return static_cast<typename std::remove_reference<_Tp>::type&&>(__t); }
------------------
_ZSt4moveIRSt10shared_ptrIN5Catch22CumulativeReporterBaseINS1_13JunitReporterEE4NodeINS1_13TestCaseStatsENS4_11SectionNodeEEEEEONSt16remove_referenceIT_E4typeEOSC_:
    #####:  104:    move(_Tp&& __t) noexcept
    #####:  105:    { return static_cast<typename std::remove_reference<_Tp>::type&&>(__t); }
------------------
_ZSt4moveIRZN5Catch12_GLOBAL__N_111fileNameTagERKSt6vectorINSt7__cxx1112basic_stringIcSt11char_traitsIcESaIcEEESaIS8_EEEUlRKS8_E_EONSt16remove_referenceIT_E4typeEOSI_:
    #####:  104:    move(_Tp&& __t) noexcept
    #####:  105:    { return static_cast<typename std::remove_reference<_Tp>::type&&>(__t); }
------------------
_ZSt4moveIRSt10shared_ptrIN5Catch17ReporterRegistrarINS1_15ConsoleReporterEE15ReporterFactoryEEEONSt16remove_referenceIT_E4typeEOS9_:
        1:  104:    move(_Tp&& __t) noexcept
        1:  105:    { return static_cast<typename std::remove_reference<_Tp>::type&&>(__t); }
------------------
_ZSt4moveIRSt10shared_ptrIN5Catch17ReporterRegistrarINS1_15CompactReporterEE15ReporterFactoryEEEONSt16remove_referenceIT_E4typeEOS9_:
        1:  104:    move(_Tp&& __t) noexcept
        1:  105:    { return static_cast<typename std::remove_reference<_Tp>::type&&>(__t); }
------------------
_ZSt4moveIRSt10shared_ptrIN5Catch8TestSpec10TagPatternEEEONSt16remove_referenceIT_E4typeEOS7_:
        1:  104:    move(_Tp&& __t) noexcept
        1:  105:    { return static_cast<typename std::remove_reference<_Tp>::type&&>(__t); }
------------------
_ZSt4moveIRSt10shared_ptrIN5Catch8TestSpec15ExcludedPatternEEEONSt16remove_referenceIT_E4typeEOS7_:
        1:  104:    move(_Tp&& __t) noexcept
        1:  105:    { return static_cast<typename std::remove_reference<_Tp>::type&&>(__t); }
------------------
_ZSt4moveIRSt10shared_ptrIN5Catch8TestSpec7PatternEEEONSt16remove_referenceIT_E4typeEOS7_:
    #####:  104:    move(_Tp&& __t) noexcept
    #####:  105:    { return static_cast<typename std::remove_reference<_Tp>::type&&>(__t); }
------------------
_ZSt4moveIRPN5Catch5clara8TextFlow6Column8iteratorEEONSt16remove_referenceIT_E4typeEOS8_:
    #####:  104:    move(_Tp&& __t) noexcept
    #####:  105:    { return static_cast<typename std::remove_reference<_Tp>::type&&>(__t); }
------------------
_ZSt4moveIRSt12__shared_ptrIN5Catch16TestCaseTracking12IndexTrackerELN9__gnu_cxx12_Lock_policyE2EEEONSt16remove_referenceIT_E4typeEOS9_:
    #####:  104:    move(_Tp&& __t) noexcept
    #####:  105:    { return static_cast<typename std::remove_reference<_Tp>::type&&>(__t); }
------------------
_ZSt4moveIRN5Catch16TestCaseTracking11TrackerBase14TrackerHasNameEEONSt16remove_referenceIT_E4typeEOS6_:
       86:  104:    move(_Tp&& __t) noexcept
       86:  105:    { return static_cast<typename std::remove_reference<_Tp>::type&&>(__t); }
------------------
_ZSt4moveIRSt12__shared_ptrIN5Catch16TestCaseTracking14SectionTrackerELN9__gnu_cxx12_Lock_policyE2EEEONSt16remove_referenceIT_E4typeEOS9_:
       47:  104:    move(_Tp&& __t) noexcept
       47:  105:    { return static_cast<typename std::remove_reference<_Tp>::type&&>(__t); }
------------------
_ZSt4moveIRSt12__shared_ptrIN5Catch6ConfigELN9__gnu_cxx12_Lock_policyE2EEEONSt16remove_referenceIT_E4typeEOS8_:
        1:  104:    move(_Tp&& __t) noexcept
        1:  105:    { return static_cast<typename std::remove_reference<_Tp>::type&&>(__t); }
------------------
_ZSt4moveIRPN5Catch6ConfigEEONSt16remove_referenceIT_E4typeEOS5_:
        6:  104:    move(_Tp&& __t) noexcept
        6:  105:    { return static_cast<typename std::remove_reference<_Tp>::type&&>(__t); }
------------------
_ZSt4moveIRSt12__shared_ptrIN5Catch5clara6detail17BoundValueRefBaseELN9__gnu_cxx12_Lock_policyE2EEEONSt16remove_referenceIT_E4typeEOSA_:
        1:  104:    move(_Tp&& __t) noexcept
        1:  105:    { return static_cast<typename std::remove_reference<_Tp>::type&&>(__t); }
------------------
_ZSt4moveIRSt12__shared_ptrINSt7__cxx1112basic_stringIcSt11char_traitsIcESaIcEEELN9__gnu_cxx12_Lock_policyE2EEEONSt16remove_referenceIT_E4typeEOSC_:
        1:  104:    move(_Tp&& __t) noexcept
        1:  105:    { return static_cast<typename std::remove_reference<_Tp>::type&&>(__t); }
------------------
_ZSt4moveIRN5Catch11MessageInfoEEONSt16remove_referenceIT_E4typeEOS4_:
    #####:  104:    move(_Tp&& __t) noexcept
    #####:  105:    { return static_cast<typename std::remove_reference<_Tp>::type&&>(__t); }
------------------
_ZSt4moveIRSt10shared_ptrIN5Catch5clara6detail13BoundValueRefISt6vectorINSt7__cxx1112basic_stringIcSt11char_traitsIcESaIcEEESaISB_EEEEEEONSt16remove_referenceIT_E4typeEOSI_:
        3:  104:    move(_Tp&& __t) noexcept
        3:  105:    { return static_cast<typename std::remove_reference<_Tp>::type&&>(__t); }
------------------
_ZSt4moveIRSt10shared_ptrIN5Catch5clara6detail15BoundFlagLambdaIZNS1_21makeCommandLineParserERNS1_10ConfigDataEEUlbE6_EEEEONSt16remove_referenceIT_E4typeEOSC_:
        1:  104:    move(_Tp&& __t) noexcept
        1:  105:    { return static_cast<typename std::remove_reference<_Tp>::type&&>(__t); }
------------------
_ZSt4moveIRSt10shared_ptrIN5Catch5clara6detail11BoundLambdaIZNS1_21makeCommandLineParserERNS1_10ConfigDataEEUlRKNSt7__cxx1112basic_stringIcSt11char_traitsIcESaIcEEEE4_EEEEONSt16remove_referenceIT_E4typeEOSK_:
        1:  104:    move(_Tp&& __t) noexcept
        1:  105:    { return static_cast<typename std::remove_reference<_Tp>::type&&>(__t); }
------------------
_ZSt4moveIRNSt8__detail6_StateIcEEEONSt16remove_referenceIT_E4typeEOS5_:
    #####:  104:    move(_Tp&& __t) noexcept
    #####:  105:    { return static_cast<typename std::remove_reference<_Tp>::type&&>(__t); }
------------------
_ZSt4moveIRSaIN5Catch8TestSpec6FilterEEEONSt16remove_referenceIT_E4typeEOS6_:
        1:  104:    move(_Tp&& __t) noexcept
        1:  105:    { return static_cast<typename std::remove_reference<_Tp>::type&&>(__t); }
------------------
_ZSt4moveIRPN5Catch22CumulativeReporterBaseINS0_13JunitReporterEE11SectionNodeEEONSt16remove_referenceIT_E4typeEOS8_:
    #####:  104:    move(_Tp&& __t) noexcept
    #####:  105:    { return static_cast<typename std::remove_reference<_Tp>::type&&>(__t); }
------------------
_ZSt4moveIRSt12__shared_ptrIN5Catch8TestSpec15ExcludedPatternELN9__gnu_cxx12_Lock_policyE2EEEONSt16remove_referenceIT_E4typeEOS9_:
        1:  104:    move(_Tp&& __t) noexcept
        1:  105:    { return static_cast<typename std::remove_reference<_Tp>::type&&>(__t); }
------------------
_ZSt4moveIRPN5Catch16TestCaseTracking12IndexTrackerEEONSt16remove_referenceIT_E4typeEOS6_:
    #####:  104:    move(_Tp&& __t) noexcept
[...]
        -:  129:
        -:  130:#if __cplusplus > 201402L
        -:  131:  // _GLIBCXX_RESOLVE_LIB_DEFECTS
        -:  132:  // 2296. std::addressof should be constexpr
        -:  133:# define __cpp_lib_addressof_constexpr 201603
        -:  134:#endif
        -:  135:  /**
        -:  136:   *  @brief Returns the actual address of the object or function
        -:  137:   *         referenced by r, even in the presence of an overloaded
        -:  138:   *         operator&.
        -:  139:   *  @param  __r  Reference to an object or function.
        -:  140:   *  @return   The actual address.
        -:  141:  */
        -:  142:  template<typename _Tp>
        -:  143:    _GLIBCXX_NODISCARD
        -:  144:    inline _GLIBCXX17_CONSTEXPR _Tp*
        -:  145:    addressof(_Tp& __r) noexcept
        -:  146:    { return std::__addressof(__r); }
        -:  147:
        -:  148:  // _GLIBCXX_RESOLVE_LIB_DEFECTS
        -:  149:  // 2598. addressof works on temporaries
        -:  150:  template<typename _Tp>
        -:  151:    const _Tp* addressof(const _Tp&&) = delete;
        -:  152:
        -:  153:  // C++11 version of std::exchange for internal use.
        -:  154:  template <typename _Tp, typename _Up = _Tp>
        -:  155:    _GLIBCXX20_CONSTEXPR
        -:  156:    inline _Tp
        -:  157:    __exchange(_Tp& __obj, _Up&& __new_val)
        -:  158:    {
        -:  159:      _Tp __old_val = std::move(__obj);
        -:  160:      __obj = std::forward<_Up>(__new_val);
        -:  161:      return __old_val;
        -:  162:    }
        -:  163:
        -:  164:  /// @} group utilities
        -:  165:
        -:  166:#define _GLIBCXX_FWDREF(_Tp) _Tp&&
        -:  167:#define _GLIBCXX_MOVE(__val) std::move(__val)
        -:  168:#define _GLIBCXX_FORWARD(_Tp, __val) std::forward<_Tp>(__val)
        -:  169:#else
        -:  170:#define _GLIBCXX_FWDREF(_Tp) const _Tp&
        -:  171:#define _GLIBCXX_MOVE(__val) (__val)
        -:  172:#define _GLIBCXX_FORWARD(_Tp, __val) (__val)
        -:  173:#endif
        -:  174:
        -:  175:  /**
        -:  176:   *  @addtogroup utilities
        -:  177:   *  @{
        -:  178:   */
        -:  179:
        -:  180:  /**
        -:  181:   *  @brief Swaps two values.
        -:  182:   *  @param  __a  A thing of arbitrary type.
        -:  183:   *  @param  __b  Another thing of arbitrary type.
        -:  184:   *  @return   Nothing.
        -:  185:  */
        -:  186:  template<typename _Tp>
        -:  187:    _GLIBCXX20_CONSTEXPR
        -:  188:    inline
        -:  189:#if __cplusplus >= 201103L
        -:  190:    typename enable_if<__and_<__not_<__is_tuple_like<_Tp>>,
        -:  191:			      is_move_constructible<_Tp>,
        -:  192:			      is_move_assignable<_Tp>>::value>::type
        -:  193:#else
        -:  194:    void
        -:  195:#endif
      53*:  196:    swap(_Tp& __a, _Tp& __b)
        -:  197:    _GLIBCXX_NOEXCEPT_IF(__and_<is_nothrow_move_constructible<_Tp>,
        -:  198:				is_nothrow_move_assignable<_Tp>>::value)
        -:  199:    {
        -:  200:#if __cplusplus < 201103L
        -:  201:      // concept requirements
        -:  202:      __glibcxx_function_requires(_SGIAssignableConcept<_Tp>)
        -:  203:#endif
      53*:  204:      _Tp __tmp = _GLIBCXX_MOVE(__a);
      53*:  205:      __a = _GLIBCXX_MOVE(__b);
      53*:  206:      __b = _GLIBCXX_MOVE(__tmp);
      53*:  207:    }
------------------
_ZSt4swapIPN5Catch16TestCaseTracking12IndexTrackerEENSt9enable_ifIXsrSt6__and_IJSt6__not_ISt15__is_tuple_likeIT_EESt21is_move_constructibleIS8_ESt18is_move_assignableIS8_EEE5valueEvE4typeERS8_SI_:
    #####:  196:    swap(_Tp& __a, _Tp& __b)
        -:  197:    _GLIBCXX_NOEXCEPT_IF(__and_<is_nothrow_move_constructible<_Tp>,
        -:  198:				is_nothrow_move_assignable<_Tp>>::value)
        -:  199:    {
        -:  200:#if __cplusplus < 201103L
        -:  201:      // concept requirements
        -:  202:      __glibcxx_function_requires(_SGIAssignableConcept<_Tp>)
        -:  203:#endif
    #####:  204:      _Tp __tmp = _GLIBCXX_MOVE(__a);
    #####:  205:      __a = _GLIBCXX_MOVE(__b);
    #####:  206:      __b = _GLIBCXX_MOVE(__tmp);
    #####:  207:    }
------------------
_ZSt4swapIPKcENSt9enable_ifIXsrSt6__and_IJSt6__not_ISt15__is_tuple_likeIT_EESt21is_move_constructibleIS6_ESt18is_move_assignableIS6_EEE5valueEvE4typeERS6_SG_:
    #####:  196:    swap(_Tp& __a, _Tp& __b)
        -:  197:    _GLIBCXX_NOEXCEPT_IF(__and_<is_nothrow_move_constructible<_Tp>,
        -:  198:				is_nothrow_move_assignable<_Tp>>::value)
        -:  199:    {
        -:  200:#if __cplusplus < 201103L
        -:  201:      // concept requirements
        -:  202:      __glibcxx_function_requires(_SGIAssignableConcept<_Tp>)
        -:  203:#endif
    #####:  204:      _Tp __tmp = _GLIBCXX_MOVE(__a);
    #####:  205:      __a = _GLIBCXX_MOVE(__b);
    #####:  206:      __b = _GLIBCXX_MOVE(__tmp);
    #####:  207:    }
------------------
_ZSt4swapImENSt9enable_ifIXsrSt6__and_IJSt6__not_ISt15__is_tuple_likeIT_EESt21is_move_constructibleIS4_ESt18is_move_assignableIS4_EEE5valueEvE4typeERS4_SE_:
    #####:  196:    swap(_Tp& __a, _Tp& __b)
        -:  197:    _GLIBCXX_NOEXCEPT_IF(__and_<is_nothrow_move_constructible<_Tp>,
        -:  198:				is_nothrow_move_assignable<_Tp>>::value)
        -:  199:    {
        -:  200:#if __cplusplus < 201103L
        -:  201:      // concept requirements
        -:  202:      __glibcxx_function_requires(_SGIAssignableConcept<_Tp>)
        -:  203:#endif
    #####:  204:      _Tp __tmp = _GLIBCXX_MOVE(__a);
    #####:  205:      __a = _GLIBCXX_MOVE(__b);
    #####:  206:      __b = _GLIBCXX_MOVE(__tmp);
    #####:  207:    }
------------------
_ZSt4swapIPcENSt9enable_ifIXsrSt6__and_IJSt6__not_ISt15__is_tuple_likeIT_EESt21is_move_constructibleIS5_ESt18is_move_assignableIS5_EEE5valueEvE4typeERS5_SF_:
    #####:  196:    swap(_Tp& __a, _Tp& __b)
        -:  197:    _GLIBCXX_NOEXCEPT_IF(__and_<is_nothrow_move_constructible<_Tp>,
        -:  198:				is_nothrow_move_assignable<_Tp>>::value)
        -:  199:    {
        -:  200:#if __cplusplus < 201103L
        -:  201:      // concept requirements
        -:  202:      __glibcxx_function_requires(_SGIAssignableConcept<_Tp>)
        -:  203:#endif
    #####:  204:      _Tp __tmp = _GLIBCXX_MOVE(__a);
    #####:  205:      __a = _GLIBCXX_MOVE(__b);
    #####:  206:      __b = _GLIBCXX_MOVE(__tmp);
    #####:  207:    }
------------------
_ZSt4swapIPN5Catch6ConfigEENSt9enable_ifIXsrSt6__and_IJSt6__not_ISt15__is_tuple_likeIT_EESt21is_move_constructibleIS7_ESt18is_move_assignableIS7_EEE5valueEvE4typeERS7_SH_:
        2:  196:    swap(_Tp& __a, _Tp& __b)
        -:  197:    _GLIBCXX_NOEXCEPT_IF(__and_<is_nothrow_move_constructible<_Tp>,
        -:  198:				is_nothrow_move_assignable<_Tp>>::value)
        -:  199:    {
        -:  200:#if __cplusplus < 201103L
        -:  201:      // concept requirements
        -:  202:      __glibcxx_function_requires(_SGIAssignableConcept<_Tp>)
        -:  203:#endif
        2:  204:      _Tp __tmp = _GLIBCXX_MOVE(__a);
        2:  205:      __a = _GLIBCXX_MOVE(__b);
        2:  206:      __b = _GLIBCXX_MOVE(__tmp);
        2:  207:    }
------------------
_ZSt4swapIPN5Catch16TestCaseTracking8ITrackerEENSt9enable_ifIXsrSt6__and_IJSt6__not_ISt15__is_tuple_likeIT_EESt21is_move_constructibleIS8_ESt18is_move_assignableIS8_EEE5valueEvE4typeERS8_SI_:
        4:  196:    swap(_Tp& __a, _Tp& __b)
        -:  197:    _GLIBCXX_NOEXCEPT_IF(__and_<is_nothrow_move_constructible<_Tp>,
        -:  198:				is_nothrow_move_assignable<_Tp>>::value)
        -:  199:    {
        -:  200:#if __cplusplus < 201103L
        -:  201:      // concept requirements
        -:  202:      __glibcxx_function_requires(_SGIAssignableConcept<_Tp>)
        -:  203:#endif
        4:  204:      _Tp __tmp = _GLIBCXX_MOVE(__a);
        4:  205:      __a = _GLIBCXX_MOVE(__b);
        4:  206:      __b = _GLIBCXX_MOVE(__tmp);
        4:  207:    }
------------------
_ZSt4swapIPN5Catch5clara6detail17BoundValueRefBaseEENSt9enable_ifIXsrSt6__and_IJSt6__not_ISt15__is_tuple_likeIT_EESt21is_move_constructibleIS9_ESt18is_move_assignableIS9_EEE5valueEvE4typeERS9_SJ_:
        2:  196:    swap(_Tp& __a, _Tp& __b)
        -:  197:    _GLIBCXX_NOEXCEPT_IF(__and_<is_nothrow_move_constructible<_Tp>,
        -:  198:				is_nothrow_move_assignable<_Tp>>::value)
        -:  199:    {
        -:  200:#if __cplusplus < 201103L
        -:  201:      // concept requirements
        -:  202:      __glibcxx_function_requires(_SGIAssignableConcept<_Tp>)
        -:  203:#endif
        2:  204:      _Tp __tmp = _GLIBCXX_MOVE(__a);
        2:  205:      __a = _GLIBCXX_MOVE(__b);
        2:  206:      __b = _GLIBCXX_MOVE(__tmp);
        2:  207:    }
------------------
_ZSt4swapIPNSt7__cxx1112basic_stringIcSt11char_traitsIcESaIcEEEENSt9enable_ifIXsrSt6__and_IJSt6__not_ISt15__is_tuple_likeIT_EESt21is_move_constructibleISB_ESt18is_move_assignableISB_EEE5valueEvE4typeERSB_SL_:
        1:  196:    swap(_Tp& __a, _Tp& __b)
        -:  197:    _GLIBCXX_NOEXCEPT_IF(__and_<is_nothrow_move_constructible<_Tp>,
        -:  198:				is_nothrow_move_assignable<_Tp>>::value)
        -:  199:    {
        -:  200:#if __cplusplus < 201103L
        -:  201:      // concept requirements
        -:  202:      __glibcxx_function_requires(_SGIAssignableConcept<_Tp>)
        -:  203:#endif
        1:  204:      _Tp __tmp = _GLIBCXX_MOVE(__a);
        1:  205:      __a = _GLIBCXX_MOVE(__b);
        1:  206:      __b = _GLIBCXX_MOVE(__tmp);
        1:  207:    }
------------------
_ZSt4swapIN5Catch8TestCaseEENSt9enable_ifIXsrSt6__and_IJSt6__not_ISt15__is_tuple_likeIT_EESt21is_move_constructibleIS6_ESt18is_move_assignableIS6_EEE5valueEvE4typeERS6_SG_:
    #####:  196:    swap(_Tp& __a, _Tp& __b)
        -:  197:    _GLIBCXX_NOEXCEPT_IF(__and_<is_nothrow_move_constructible<_Tp>,
        -:  198:				is_nothrow_move_assignable<_Tp>>::value)
        -:  199:    {
        -:  200:#if __cplusplus < 201103L
        -:  201:      // concept requirements
        -:  202:      __glibcxx_function_requires(_SGIAssignableConcept<_Tp>)
        -:  203:#endif
    #####:  204:      _Tp __tmp = _GLIBCXX_MOVE(__a);
    #####:  205:      __a = _GLIBCXX_MOVE(__b);
    #####:  206:      __b = _GLIBCXX_MOVE(__tmp);
    #####:  207:    }
------------------
_ZSt4swapIPN5Catch16TestCaseTracking14SectionTrackerEENSt9enable_ifIXsrSt6__and_IJSt6__not_ISt15__is_tuple_likeIT_EESt21is_move_constructibleIS8_ESt18is_move_assignableIS8_EEE5valueEvE4typeERS8_SI_:
       43:  196:    swap(_Tp& __a, _Tp& __b)
        -:  197:    _GLIBCXX_NOEXCEPT_IF(__and_<is_nothrow_move_constructible<_Tp>,
        -:  198:				is_nothrow_move_assignable<_Tp>>::value)
        -:  199:    {
        -:  200:#if __cplusplus < 201103L
        -:  201:      // concept requirements
        -:  202:      __glibcxx_function_requires(_SGIAssignableConcept<_Tp>)
        -:  203:#endif
       43:  204:      _Tp __tmp = _GLIBCXX_MOVE(__a);
       43:  205:      __a = _GLIBCXX_MOVE(__b);
       43:  206:      __b = _GLIBCXX_MOVE(__tmp);
       43:  207:    }
------------------
_ZSt4swapIcENSt9enable_ifIXsrSt6__and_IJSt6__not_ISt15__is_tuple_likeIT_EESt21is_move_constructibleIS4_ESt18is_move_assignableIS4_EEE5valueEvE4typeERS4_SE_:
    #####:  196:    swap(_Tp& __a, _Tp& __b)
        -:  197:    _GLIBCXX_NOEXCEPT_IF(__and_<is_nothrow_move_constructible<_Tp>,
        -:  198:				is_nothrow_move_assignable<_Tp>>::value)
        -:  199:    {
        -:  200:#if __cplusplus < 201103L
        -:  201:      // concept requirements
        -:  202:      __glibcxx_function_requires(_SGIAssignableConcept<_Tp>)
        -:  203:#endif
    #####:  204:      _Tp __tmp = _GLIBCXX_MOVE(__a);
    #####:  205:      __a = _GLIBCXX_MOVE(__b);
    #####:  206:      __b = _GLIBCXX_MOVE(__tmp);
    #####:  207:    }
------------------
_ZSt4swapIPN5Catch22CumulativeReporterBaseINS0_13JunitReporterEE11SectionNodeEENSt9enable_ifIXsrSt6__and_IJSt6__not_ISt15__is_tuple_likeIT_EESt21is_move_constructibleISA_ESt18is_move_assignableISA_EEE5valueEvE4typeERSA_SK_:
    #####:  196:    swap(_Tp& __a, _Tp& __b)
        -:  197:    _GLIBCXX_NOEXCEPT_IF(__and_<is_nothrow_move_constructible<_Tp>,
        -:  198:				is_nothrow_move_assignable<_Tp>>::value)
        -:  199:    {
        -:  200:#if __cplusplus < 201103L
        -:  201:      // concept requirements
        -:  202:      __glibcxx_function_requires(_SGIAssignableConcept<_Tp>)
        -:  203:#endif
    #####:  204:      _Tp __tmp = _GLIBCXX_MOVE(__a);
    #####:  205:      __a = _GLIBCXX_MOVE(__b);
    #####:  206:      __b = _GLIBCXX_MOVE(__tmp);
    #####:  207:    }
------------------
_ZSt4swapIPN5Catch8TestSpec7PatternEENSt9enable_ifIXsrSt6__and_IJSt6__not_ISt15__is_tuple_likeIT_EESt21is_move_constructibleIS8_ESt18is_move_assignableIS8_EEE5valueEvE4typeERS8_SI_:
        1:  196:    swap(_Tp& __a, _Tp& __b)
        -:  197:    _GLIBCXX_NOEXCEPT_IF(__and_<is_nothrow_move_constructible<_Tp>,
        -:  198:				is_nothrow_move_assignable<_Tp>>::value)
        -:  199:    {
        -:  200:#if __cplusplus < 201103L
        -:  201:      // concept requirements
        -:  202:      __glibcxx_function_requires(_SGIAssignableConcept<_Tp>)
        -:  203:#endif
        1:  204:      _Tp __tmp = _GLIBCXX_MOVE(__a);
        1:  205:      __a = _GLIBCXX_MOVE(__b);
        1:  206:      __b = _GLIBCXX_MOVE(__tmp);
        1:  207:    }
------------------
_ZSt4swapIPKNSt8__detail4_NFAINSt7__cxx1112regex_traitsIcEEEEENSt9enable_ifIXsrSt6__and_IJSt6__not_ISt15__is_tuple_likeIT_EESt21is_move_constructibleISC_ESt18is_move_assignableISC_EEE5valueEvE4typeERSC_SM_:
    #####:  196:    swap(_Tp& __a, _Tp& __b)
        -:  197:    _GLIBCXX_NOEXCEPT_IF(__and_<is_nothrow_move_constructible<_Tp>,
        -:  198:				is_nothrow_move_assignable<_Tp>>::value)
        -:  199:    {
        -:  200:#if __cplusplus < 201103L
        -:  201:      // concept requirements
        -:  202:      __glibcxx_function_requires(_SGIAssignableConcept<_Tp>)
        -:  203:#endif
    #####:  204:      _Tp __tmp = _GLIBCXX_MOVE(__a);
    #####:  205:      __a = _GLIBCXX_MOVE(__b);
    #####:  206:      __b = _GLIBCXX_MOVE(__tmp);
    #####:  207:    }
------------------
_ZSt4swapIlENSt9enable_ifIXsrSt6__and_IJSt6__not_ISt15__is_tuple_likeIT_EESt21is_move_constructibleIS4_ESt18is_move_assignableIS4_EEE5valueEvE4typeERS4_SE_:
    #####:  196:    swap(_Tp& __a, _Tp& __b)
        -:  197:    _GLIBCXX_NOEXCEPT_IF(__and_<is_nothrow_move_constructible<_Tp>,
        -:  198:				is_nothrow_move_assignable<_Tp>>::value)
        -:  199:    {
        -:  200:#if __cplusplus < 201103L
        -:  201:      // concept requirements
        -:  202:      __glibcxx_function_requires(_SGIAssignableConcept<_Tp>)
        -:  203:#endif
    #####:  204:      _Tp __tmp = _GLIBCXX_MOVE(__a);
    #####:  205:      __a = _GLIBCXX_MOVE(__b);
    #####:  206:      __b = _GLIBCXX_MOVE(__tmp);
    #####:  207:    }
------------------
_ZSt4swapIPN5Catch12ITestInvokerEENSt9enable_ifIXsrSt6__and_IJSt6__not_ISt15__is_tuple_likeIT_EESt21is_move_constructibleIS7_ESt18is_move_assignableIS7_EEE5valueEvE4typeERS7_SH_:
    #####:  196:    swap(_Tp& __a, _Tp& __b)
        -:  197:    _GLIBCXX_NOEXCEPT_IF(__and_<is_nothrow_move_constructible<_Tp>,
        -:  198:				is_nothrow_move_assignable<_Tp>>::value)
        -:  199:    {
        -:  200:#if __cplusplus < 201103L
        -:  201:      // concept requirements
        -:  202:      __glibcxx_function_requires(_SGIAssignableConcept<_Tp>)
        -:  203:#endif
    #####:  204:      _Tp __tmp = _GLIBCXX_MOVE(__a);
    #####:  205:      __a = _GLIBCXX_MOVE(__b);
    #####:  206:      __b = _GLIBCXX_MOVE(__tmp);
    #####:  207:    }
------------------
_ZSt4swapISt9_Any_dataENSt9enable_ifIXsrSt6__and_IJSt6__not_ISt15__is_tuple_likeIT_EESt21is_move_constructibleIS5_ESt18is_move_assignableIS5_EEE5valueEvE4typeERS5_SF_:
    #####:  196:    swap(_Tp& __a, _Tp& __b)
        -:  197:    _GLIBCXX_NOEXCEPT_IF(__and_<is_nothrow_move_constructible<_Tp>,
        -:  198:				is_nothrow_move_assignable<_Tp>>::value)
        -:  199:    {
        -:  200:#if __cplusplus < 201103L
        -:  201:      // concept requirements
        -:  202:      __glibcxx_function_requires(_SGIAssignableConcept<_Tp>)
        -:  203:#endif
    #####:  204:      _Tp __tmp = _GLIBCXX_MOVE(__a);
    #####:  205:      __a = _GLIBCXX_MOVE(__b);
    #####:  206:      __b = _GLIBCXX_MOVE(__tmp);
    #####:  207:    }
------------------
_ZSt4swapIPFbRSt9_Any_dataRKS0_St18_Manager_operationEENSt9enable_ifIXsrSt6__and_IJSt6__not_ISt15__is_tuple_likeIT_EESt21is_move_constructibleISB_ESt18is_move_assignableISB_EEE5valueEvE4typeERSB_SL_:
    #####:  196:    swap(_Tp& __a, _Tp& __b)
        -:  197:    _GLIBCXX_NOEXCEPT_IF(__and_<is_nothrow_move_constructible<_Tp>,
        -:  198:				is_nothrow_move_assignable<_Tp>>::value)
        -:  199:    {
        -:  200:#if __cplusplus < 201103L
        -:  201:      // concept requirements
        -:  202:      __glibcxx_function_requires(_SGIAssignableConcept<_Tp>)
        -:  203:#endif
    #####:  204:      _Tp __tmp = _GLIBCXX_MOVE(__a);
    #####:  205:      __a = _GLIBCXX_MOVE(__b);
    #####:  206:      __b = _GLIBCXX_MOVE(__tmp);
    #####:  207:    }
------------------
_ZSt4swapIPFbRKSt9_Any_dataOcEENSt9enable_ifIXsrSt6__and_IJSt6__not_ISt15__is_tuple_likeIT_EESt21is_move_constructibleISA_ESt18is_move_assignableISA_EEE5valueEvE4typeERSA_SK_:
    #####:  196:    swap(_Tp& __a, _Tp& __b)
        -:  197:    _GLIBCXX_NOEXCEPT_IF(__and_<is_nothrow_move_constructible<_Tp>,
        -:  198:				is_nothrow_move_assignable<_Tp>>::value)
        -:  199:    {
        -:  200:#if __cplusplus < 201103L
        -:  201:      // concept requirements
        -:  202:      __glibcxx_function_requires(_SGIAssignableConcept<_Tp>)
        -:  203:#endif
    #####:  204:      _Tp __tmp = _GLIBCXX_MOVE(__a);
    #####:  205:      __a = _GLIBCXX_MOVE(__b);
    #####:  206:      __b = _GLIBCXX_MOVE(__tmp);
    #####:  207:    }
------------------
_ZSt4swapISt6localeENSt9enable_ifIXsrSt6__and_IJSt6__not_ISt15__is_tuple_likeIT_EESt21is_move_constructibleIS5_ESt18is_move_assignableIS5_EEE5valueEvE4typeERS5_SF_:
    #####:  196:    swap(_Tp& __a, _Tp& __b)
        -:  197:    _GLIBCXX_NOEXCEPT_IF(__and_<is_nothrow_move_constructible<_Tp>,
        -:  198:				is_nothrow_move_assignable<_Tp>>::value)
        -:  199:    {
        -:  200:#if __cplusplus < 201103L
        -:  201:      // concept requirements
        -:  202:      __glibcxx_function_requires(_SGIAssignableConcept<_Tp>)
        -:  203:#endif
    #####:  204:      _Tp __tmp = _GLIBCXX_MOVE(__a);
    #####:  205:      __a = _GLIBCXX_MOVE(__b);
    #####:  206:      __b = _GLIBCXX_MOVE(__tmp);
    #####:  207:    }
------------------
        -:  208:
        -:  209:  // _GLIBCXX_RESOLVE_LIB_DEFECTS
        -:  210:  // DR 809. std::swap should be overloaded for array types.
        -:  211:  /// Swap the contents of two arrays.
        -:  212:  template<typename _Tp, size_t _Nm>
        -:  213:    _GLIBCXX20_CONSTEXPR
        -:  214:    inline
        -:  215:#if __cplusplus >= 201103L
        -:  216:    typename enable_if<__is_swappable<_Tp>::value>::type
        -:  217:#else
        -:  218:    void
        -:  219:#endif
        -:  220:    swap(_Tp (&__a)[_Nm], _Tp (&__b)[_Nm])
        -:  221:    _GLIBCXX_NOEXCEPT_IF(__is_nothrow_swappable<_Tp>::value)
        -:  222:    {
        -:  223:      for (size_t __n = 0; __n < _Nm; ++__n)
        -:  224:	swap(__a[__n], __b[__n]);
        -:  225:    }
        -:  226:
        -:  227:  /// @} group utilities
        -:  228:_GLIBCXX_END_NAMESPACE_VERSION
        -:  229:} // namespace
        -:  230:
        -:  231:#endif /* _MOVE_H */
