        -:    0:Source:/usr/include/c++/11/bits/stl_construct.h
        -:    0:Graph:testa_rainhas.gcno
        -:    0:Data:testa_rainhas.gcda
        -:    0:Runs:1
        -:    1:// nonstandard construct and destroy functions -*- C++ -*-
        -:    2:
        -:    3:// Copyright (C) 2001-2021 Free Software Foundation, Inc.
        -:    4://
        -:    5:// This file is part of the GNU ISO C++ Library.  This library is free
        -:    6:// software; you can redistribute it and/or modify it under the
        -:    7:// terms of the GNU General Public License as published by the
        -:    8:// Free Software Foundation; either version 3, or (at your option)
        -:    9:// any later version.
        -:   10:
        -:   11:// This library is distributed in the hope that it will be useful,
        -:   12:// but WITHOUT ANY WARRANTY; without even the implied warranty of
        -:   13:// MERCHANTABILITY or FITNESS FOR A PARTICULAR PURPOSE.  See the
        -:   14:// GNU General Public License for more details.
        -:   15:
        -:   16:// Under Section 7 of GPL version 3, you are granted additional
        -:   17:// permissions described in the GCC Runtime Library Exception, version
        -:   18:// 3.1, as published by the Free Software Foundation.
        -:   19:
        -:   20:// You should have received a copy of the GNU General Public License and
        -:   21:// a copy of the GCC Runtime Library Exception along with this program;
        -:   22:// see the files COPYING3 and COPYING.RUNTIME respectively.  If not, see
        -:   23:// <http://www.gnu.org/licenses/>.
        -:   24:
        -:   25:/*
        -:   26: *
        -:   27: * Copyright (c) 1994
        -:   28: * Hewlett-Packard Company
        -:   29: *
        -:   30: * Permission to use, copy, modify, distribute and sell this software
        -:   31: * and its documentation for any purpose is hereby granted without fee,
        -:   32: * provided that the above copyright notice appear in all copies and
        -:   33: * that both that copyright notice and this permission notice appear
        -:   34: * in supporting documentation.  Hewlett-Packard Company makes no
        -:   35: * representations about the suitability of this software for any
        -:   36: * purpose.  It is provided "as is" without express or implied warranty.
        -:   37: *
        -:   38: *
        -:   39: * Copyright (c) 1996,1997
        -:   40: * Silicon Graphics Computer Systems, Inc.
        -:   41: *
        -:   42: * Permission to use, copy, modify, distribute and sell this software
        -:   43: * and its documentation for any purpose is hereby granted without fee,
        -:   44: * provided that the above copyright notice appear in all copies and
        -:   45: * that both that copyright notice and this permission notice appear
        -:   46: * in supporting documentation.  Silicon Graphics makes no
        -:   47: * representations about the suitability of this software for any
        -:   48: * purpose.  It is provided "as is" without express or implied warranty.
        -:   49: */
        -:   50:
        -:   51:/** @file bits/stl_construct.h
        -:   52: *  This is an internal header file, included by other library headers.
        -:   53: *  Do not attempt to use it directly. @headername{memory}
        -:   54: */
        -:   55:
        -:   56:#ifndef _STL_CONSTRUCT_H
        -:   57:#define _STL_CONSTRUCT_H 1
        -:   58:
        -:   59:#include <new>
        -:   60:#include <bits/move.h>
        -:   61:#include <bits/stl_iterator_base_types.h> // for iterator_traits
        -:   62:#include <bits/stl_iterator_base_funcs.h> // for advance
        -:   63:
        -:   64:/* This file provides the C++17 functions std::destroy_at, std::destroy, and
        -:   65: * std::destroy_n, and the C++20 function std::construct_at.
        -:   66: * It also provides std::_Construct, std::_Destroy,and std::_Destroy_n functions
        -:   67: * which are defined in all standard modes and so can be used in C++98-14 code.
        -:   68: * The _Destroy functions will dispatch to destroy_at during constant
        -:   69: * evaluation, because calls to that function are intercepted by the compiler
        -:   70: * to allow use in constant expressions.
        -:   71: */
        -:   72:
        -:   73:namespace std _GLIBCXX_VISIBILITY(default)
        -:   74:{
        -:   75:_GLIBCXX_BEGIN_NAMESPACE_VERSION
        -:   76:
        -:   77:#if __cplusplus >= 201703L
        -:   78:  template <typename _Tp>
        -:   79:    _GLIBCXX20_CONSTEXPR inline void
        -:   80:    destroy_at(_Tp* __location)
        -:   81:    {
        -:   82:      if constexpr (__cplusplus > 201703L && is_array_v<_Tp>)
        -:   83:	{
        -:   84:	  for (auto& __x : *__location)
        -:   85:	    std::destroy_at(std::__addressof(__x));
        -:   86:	}
        -:   87:      else
        -:   88:	__location->~_Tp();
        -:   89:    }
        -:   90:
        -:   91:#if __cplusplus >= 202002L
        -:   92:  template<typename _Tp, typename... _Args>
        -:   93:    constexpr auto
        -:   94:    construct_at(_Tp* __location, _Args&&... __args)
        -:   95:    noexcept(noexcept(::new((void*)0) _Tp(std::declval<_Args>()...)))
        -:   96:    -> decltype(::new((void*)0) _Tp(std::declval<_Args>()...))
        -:   97:    { return ::new((void*)__location) _Tp(std::forward<_Args>(__args)...); }
        -:   98:#endif // C++20
        -:   99:#endif// C++17
        -:  100:
        -:  101:  /**
        -:  102:   * Constructs an object in existing memory by invoking an allocated
        -:  103:   * object's constructor with an initializer.
        -:  104:   */
        -:  105:#if __cplusplus >= 201103L
        -:  106:  template<typename _Tp, typename... _Args>
        -:  107:    _GLIBCXX20_CONSTEXPR
        -:  108:    inline void
     742*:  109:    _Construct(_Tp* __p, _Args&&... __args)
        -:  110:    {
        -:  111:#if __cplusplus >= 202002L && __has_builtin(__builtin_is_constant_evaluated)
        -:  112:      if (__builtin_is_constant_evaluated())
        -:  113:	{
        -:  114:	  // Allow std::_Construct to be used in constant expressions.
        -:  115:	  std::construct_at(__p, std::forward<_Args>(__args)...);
        -:  116:	  return;
        -:  117:	}
        -:  118:#endif
     742*:  119:      ::new((void*)__p) _Tp(std::forward<_Args>(__args)...);
     742*:  120:    }
------------------
_ZSt10_ConstructIN5Catch5clara6detail11HelpColumnsEJRKS3_EEvPT_DpOT0_:
    #####:  109:    _Construct(_Tp* __p, _Args&&... __args)
        -:  110:    {
        -:  111:#if __cplusplus >= 202002L && __has_builtin(__builtin_is_constant_evaluated)
        -:  112:      if (__builtin_is_constant_evaluated())
        -:  113:	{
        -:  114:	  // Allow std::_Construct to be used in constant expressions.
        -:  115:	  std::construct_at(__p, std::forward<_Args>(__args)...);
        -:  116:	  return;
        -:  117:	}
        -:  118:#endif
    #####:  119:      ::new((void*)__p) _Tp(std::forward<_Args>(__args)...);
    #####:  120:    }
------------------
_ZSt10_ConstructIN5Catch14SectionEndInfoEJS1_EEvPT_DpOT0_:
    #####:  109:    _Construct(_Tp* __p, _Args&&... __args)
        -:  110:    {
        -:  111:#if __cplusplus >= 202002L && __has_builtin(__builtin_is_constant_evaluated)
        -:  112:      if (__builtin_is_constant_evaluated())
        -:  113:	{
        -:  114:	  // Allow std::_Construct to be used in constant expressions.
        -:  115:	  std::construct_at(__p, std::forward<_Args>(__args)...);
        -:  116:	  return;
        -:  117:	}
        -:  118:#endif
    #####:  119:      ::new((void*)__p) _Tp(std::forward<_Args>(__args)...);
    #####:  120:    }
------------------
_ZSt10_ConstructISt10shared_ptrIN5Catch16IReporterFactoryEEJS3_EEvPT_DpOT0_:
    #####:  109:    _Construct(_Tp* __p, _Args&&... __args)
        -:  110:    {
        -:  111:#if __cplusplus >= 202002L && __has_builtin(__builtin_is_constant_evaluated)
        -:  112:      if (__builtin_is_constant_evaluated())
        -:  113:	{
        -:  114:	  // Allow std::_Construct to be used in constant expressions.
        -:  115:	  std::construct_at(__p, std::forward<_Args>(__args)...);
        -:  116:	  return;
        -:  117:	}
        -:  118:#endif
    #####:  119:      ::new((void*)__p) _Tp(std::forward<_Args>(__args)...);
    #####:  120:    }
------------------
_ZSt10_ConstructIN5Catch11MessageInfoEJS1_EEvPT_DpOT0_:
    #####:  109:    _Construct(_Tp* __p, _Args&&... __args)
        -:  110:    {
        -:  111:#if __cplusplus >= 202002L && __has_builtin(__builtin_is_constant_evaluated)
        -:  112:      if (__builtin_is_constant_evaluated())
        -:  113:	{
        -:  114:	  // Allow std::_Construct to be used in constant expressions.
        -:  115:	  std::construct_at(__p, std::forward<_Args>(__args)...);
        -:  116:	  return;
        -:  117:	}
        -:  118:#endif
    #####:  119:      ::new((void*)__p) _Tp(std::forward<_Args>(__args)...);
    #####:  120:    }
------------------
_ZSt10_ConstructIN5Catch5clara6detail11HelpColumnsEJRS3_EEvPT_DpOT0_:
    #####:  109:    _Construct(_Tp* __p, _Args&&... __args)
        -:  110:    {
        -:  111:#if __cplusplus >= 202002L && __has_builtin(__builtin_is_constant_evaluated)
        -:  112:      if (__builtin_is_constant_evaluated())
        -:  113:	{
        -:  114:	  // Allow std::_Construct to be used in constant expressions.
        -:  115:	  std::construct_at(__p, std::forward<_Args>(__args)...);
        -:  116:	  return;
        -:  117:	}
        -:  118:#endif
    #####:  119:      ::new((void*)__p) _Tp(std::forward<_Args>(__args)...);
    #####:  120:    }
------------------
_ZSt10_ConstructIN5Catch5clara6detail3OptEJS3_EEvPT_DpOT0_:
    #####:  109:    _Construct(_Tp* __p, _Args&&... __args)
        -:  110:    {
        -:  111:#if __cplusplus >= 202002L && __has_builtin(__builtin_is_constant_evaluated)
        -:  112:      if (__builtin_is_constant_evaluated())
        -:  113:	{
        -:  114:	  // Allow std::_Construct to be used in constant expressions.
        -:  115:	  std::construct_at(__p, std::forward<_Args>(__args)...);
        -:  116:	  return;
        -:  117:	}
        -:  118:#endif
    #####:  119:      ::new((void*)__p) _Tp(std::forward<_Args>(__args)...);
    #####:  120:    }
------------------
_ZSt10_ConstructIN5Catch5clara6detail3ArgEJS3_EEvPT_DpOT0_:
    #####:  109:    _Construct(_Tp* __p, _Args&&... __args)
        -:  110:    {
        -:  111:#if __cplusplus >= 202002L && __has_builtin(__builtin_is_constant_evaluated)
        -:  112:      if (__builtin_is_constant_evaluated())
        -:  113:	{
        -:  114:	  // Allow std::_Construct to be used in constant expressions.
        -:  115:	  std::construct_at(__p, std::forward<_Args>(__args)...);
        -:  116:	  return;
        -:  117:	}
        -:  118:#endif
    #####:  119:      ::new((void*)__p) _Tp(std::forward<_Args>(__args)...);
    #####:  120:    }
------------------
_ZSt10_ConstructIN5Catch5clara6detail5TokenEJS3_EEvPT_DpOT0_:
    #####:  109:    _Construct(_Tp* __p, _Args&&... __args)
        -:  110:    {
        -:  111:#if __cplusplus >= 202002L && __has_builtin(__builtin_is_constant_evaluated)
        -:  112:      if (__builtin_is_constant_evaluated())
        -:  113:	{
        -:  114:	  // Allow std::_Construct to be used in constant expressions.
        -:  115:	  std::construct_at(__p, std::forward<_Args>(__args)...);
        -:  116:	  return;
        -:  117:	}
        -:  118:#endif
    #####:  119:      ::new((void*)__p) _Tp(std::forward<_Args>(__args)...);
    #####:  120:    }
------------------
_ZSt10_ConstructIN5Catch5clara8TextFlow6ColumnEJS3_EEvPT_DpOT0_:
    #####:  109:    _Construct(_Tp* __p, _Args&&... __args)
        -:  110:    {
        -:  111:#if __cplusplus >= 202002L && __has_builtin(__builtin_is_constant_evaluated)
        -:  112:      if (__builtin_is_constant_evaluated())
        -:  113:	{
        -:  114:	  // Allow std::_Construct to be used in constant expressions.
        -:  115:	  std::construct_at(__p, std::forward<_Args>(__args)...);
        -:  116:	  return;
        -:  117:	}
        -:  118:#endif
    #####:  119:      ::new((void*)__p) _Tp(std::forward<_Args>(__args)...);
    #####:  120:    }
------------------
_ZSt10_ConstructINSt7__cxx1112basic_stringIcSt11char_traitsIcESaIcEEEJS5_EEvPT_DpOT0_:
    #####:  109:    _Construct(_Tp* __p, _Args&&... __args)
        -:  110:    {
        -:  111:#if __cplusplus >= 202002L && __has_builtin(__builtin_is_constant_evaluated)
        -:  112:      if (__builtin_is_constant_evaluated())
        -:  113:	{
        -:  114:	  // Allow std::_Construct to be used in constant expressions.
        -:  115:	  std::construct_at(__p, std::forward<_Args>(__args)...);
        -:  116:	  return;
        -:  117:	}
        -:  118:#endif
    #####:  119:      ::new((void*)__p) _Tp(std::forward<_Args>(__args)...);
    #####:  120:    }
------------------
_ZSt10_ConstructIN5Catch12_GLOBAL__N_110ColumnInfoEJRKS2_EEvPT_DpOT0_:
        4:  109:    _Construct(_Tp* __p, _Args&&... __args)
        -:  110:    {
        -:  111:#if __cplusplus >= 202002L && __has_builtin(__builtin_is_constant_evaluated)
        -:  112:      if (__builtin_is_constant_evaluated())
        -:  113:	{
        -:  114:	  // Allow std::_Construct to be used in constant expressions.
        -:  115:	  std::construct_at(__p, std::forward<_Args>(__args)...);
        -:  116:	  return;
        -:  117:	}
        -:  118:#endif
        4:  119:      ::new((void*)__p) _Tp(std::forward<_Args>(__args)...);
        4:  120:    }
------------------
_ZSt10_ConstructIN5Catch8TestCaseEJS1_EEvPT_DpOT0_:
    #####:  109:    _Construct(_Tp* __p, _Args&&... __args)
        -:  110:    {
        -:  111:#if __cplusplus >= 202002L && __has_builtin(__builtin_is_constant_evaluated)
        -:  112:      if (__builtin_is_constant_evaluated())
        -:  113:	{
        -:  114:	  // Allow std::_Construct to be used in constant expressions.
        -:  115:	  std::construct_at(__p, std::forward<_Args>(__args)...);
        -:  116:	  return;
        -:  117:	}
        -:  118:#endif
    #####:  119:      ::new((void*)__p) _Tp(std::forward<_Args>(__args)...);
    #####:  120:    }
------------------
_ZSt10_ConstructIN5Catch5clara6detail3ArgEJRKS3_EEvPT_DpOT0_:
        1:  109:    _Construct(_Tp* __p, _Args&&... __args)
        -:  110:    {
        -:  111:#if __cplusplus >= 202002L && __has_builtin(__builtin_is_constant_evaluated)
        -:  112:      if (__builtin_is_constant_evaluated())
        -:  113:	{
        -:  114:	  // Allow std::_Construct to be used in constant expressions.
        -:  115:	  std::construct_at(__p, std::forward<_Args>(__args)...);
        -:  116:	  return;
        -:  117:	}
        -:  118:#endif
        1:  119:      ::new((void*)__p) _Tp(std::forward<_Args>(__args)...);
        1:  120:    }
------------------
_ZSt10_ConstructIN5Catch5clara6detail3OptEJRKS3_EEvPT_DpOT0_:
      728:  109:    _Construct(_Tp* __p, _Args&&... __args)
        -:  110:    {
        -:  111:#if __cplusplus >= 202002L && __has_builtin(__builtin_is_constant_evaluated)
        -:  112:      if (__builtin_is_constant_evaluated())
        -:  113:	{
        -:  114:	  // Allow std::_Construct to be used in constant expressions.
        -:  115:	  std::construct_at(__p, std::forward<_Args>(__args)...);
        -:  116:	  return;
        -:  117:	}
        -:  118:#endif
      728:  119:      ::new((void*)__p) _Tp(std::forward<_Args>(__args)...);
      728:  120:    }
------------------
_ZSt10_ConstructINSt15__exception_ptr13exception_ptrEJS1_EEvPT_DpOT0_:
    #####:  109:    _Construct(_Tp* __p, _Args&&... __args)
        -:  110:    {
        -:  111:#if __cplusplus >= 202002L && __has_builtin(__builtin_is_constant_evaluated)
        -:  112:      if (__builtin_is_constant_evaluated())
        -:  113:	{
        -:  114:	  // Allow std::_Construct to be used in constant expressions.
        -:  115:	  std::construct_at(__p, std::forward<_Args>(__args)...);
        -:  116:	  return;
        -:  117:	}
        -:  118:#endif
    #####:  119:      ::new((void*)__p) _Tp(std::forward<_Args>(__args)...);
    #####:  120:    }
------------------
_ZSt10_ConstructIN5Catch5clara6detail5TokenEJEEvPT_DpOT0_:
    #####:  109:    _Construct(_Tp* __p, _Args&&... __args)
        -:  110:    {
        -:  111:#if __cplusplus >= 202002L && __has_builtin(__builtin_is_constant_evaluated)
        -:  112:      if (__builtin_is_constant_evaluated())
        -:  113:	{
        -:  114:	  // Allow std::_Construct to be used in constant expressions.
        -:  115:	  std::construct_at(__p, std::forward<_Args>(__args)...);
        -:  116:	  return;
        -:  117:	}
        -:  118:#endif
    #####:  119:      ::new((void*)__p) _Tp(std::forward<_Args>(__args)...);
    #####:  120:    }
------------------
_ZSt10_ConstructINSt7__cxx1112basic_stringIcSt11char_traitsIcESaIcEEEJRKPKcEEvPT_DpOT0_:
    #####:  109:    _Construct(_Tp* __p, _Args&&... __args)
        -:  110:    {
        -:  111:#if __cplusplus >= 202002L && __has_builtin(__builtin_is_constant_evaluated)
        -:  112:      if (__builtin_is_constant_evaluated())
        -:  113:	{
        -:  114:	  // Allow std::_Construct to be used in constant expressions.
        -:  115:	  std::construct_at(__p, std::forward<_Args>(__args)...);
        -:  116:	  return;
        -:  117:	}
        -:  118:#endif
    #####:  119:      ::new((void*)__p) _Tp(std::forward<_Args>(__args)...);
    #####:  120:    }
------------------
_ZSt10_ConstructIN5Catch5clara8TextFlow6Column8iteratorEJS4_EEvPT_DpOT0_:
    #####:  109:    _Construct(_Tp* __p, _Args&&... __args)
        -:  110:    {
        -:  111:#if __cplusplus >= 202002L && __has_builtin(__builtin_is_constant_evaluated)
        -:  112:      if (__builtin_is_constant_evaluated())
        -:  113:	{
        -:  114:	  // Allow std::_Construct to be used in constant expressions.
        -:  115:	  std::construct_at(__p, std::forward<_Args>(__args)...);
        -:  116:	  return;
        -:  117:	}
        -:  118:#endif
    #####:  119:      ::new((void*)__p) _Tp(std::forward<_Args>(__args)...);
    #####:  120:    }
------------------
_ZSt10_ConstructIN5Catch8TestCaseEJRKS1_EEvPT_DpOT0_:
        4:  109:    _Construct(_Tp* __p, _Args&&... __args)
        -:  110:    {
        -:  111:#if __cplusplus >= 202002L && __has_builtin(__builtin_is_constant_evaluated)
        -:  112:      if (__builtin_is_constant_evaluated())
        -:  113:	{
        -:  114:	  // Allow std::_Construct to be used in constant expressions.
        -:  115:	  std::construct_at(__p, std::forward<_Args>(__args)...);
        -:  116:	  return;
        -:  117:	}
        -:  118:#endif
        4:  119:      ::new((void*)__p) _Tp(std::forward<_Args>(__args)...);
        4:  120:    }
------------------
_ZSt10_ConstructIN5Catch5clara6detail3ArgEJRS3_EEvPT_DpOT0_:
    #####:  109:    _Construct(_Tp* __p, _Args&&... __args)
        -:  110:    {
        -:  111:#if __cplusplus >= 202002L && __has_builtin(__builtin_is_constant_evaluated)
        -:  112:      if (__builtin_is_constant_evaluated())
        -:  113:	{
        -:  114:	  // Allow std::_Construct to be used in constant expressions.
        -:  115:	  std::construct_at(__p, std::forward<_Args>(__args)...);
        -:  116:	  return;
        -:  117:	}
        -:  118:#endif
    #####:  119:      ::new((void*)__p) _Tp(std::forward<_Args>(__args)...);
    #####:  120:    }
------------------
_ZSt10_ConstructIN5Catch5clara6detail3OptEJRS3_EEvPT_DpOT0_:
    #####:  109:    _Construct(_Tp* __p, _Args&&... __args)
        -:  110:    {
        -:  111:#if __cplusplus >= 202002L && __has_builtin(__builtin_is_constant_evaluated)
        -:  112:      if (__builtin_is_constant_evaluated())
        -:  113:	{
        -:  114:	  // Allow std::_Construct to be used in constant expressions.
        -:  115:	  std::construct_at(__p, std::forward<_Args>(__args)...);
        -:  116:	  return;
        -:  117:	}
        -:  118:#endif
    #####:  119:      ::new((void*)__p) _Tp(std::forward<_Args>(__args)...);
    #####:  120:    }
------------------
_ZSt10_ConstructINSt7__cxx1112basic_stringIcSt11char_traitsIcESaIcEEEJRS5_EEvPT_DpOT0_:
    #####:  109:    _Construct(_Tp* __p, _Args&&... __args)
        -:  110:    {
        -:  111:#if __cplusplus >= 202002L && __has_builtin(__builtin_is_constant_evaluated)
        -:  112:      if (__builtin_is_constant_evaluated())
        -:  113:	{
        -:  114:	  // Allow std::_Construct to be used in constant expressions.
        -:  115:	  std::construct_at(__p, std::forward<_Args>(__args)...);
        -:  116:	  return;
        -:  117:	}
        -:  118:#endif
    #####:  119:      ::new((void*)__p) _Tp(std::forward<_Args>(__args)...);
    #####:  120:    }
------------------
_ZSt10_ConstructIN5Catch8TestSpec6FilterEJRKS2_EEvPT_DpOT0_:
        2:  109:    _Construct(_Tp* __p, _Args&&... __args)
        -:  110:    {
        -:  111:#if __cplusplus >= 202002L && __has_builtin(__builtin_is_constant_evaluated)
        -:  112:      if (__builtin_is_constant_evaluated())
        -:  113:	{
        -:  114:	  // Allow std::_Construct to be used in constant expressions.
        -:  115:	  std::construct_at(__p, std::forward<_Args>(__args)...);
        -:  116:	  return;
        -:  117:	}
        -:  118:#endif
        2:  119:      ::new((void*)__p) _Tp(std::forward<_Args>(__args)...);
        2:  120:    }
------------------
_ZSt10_ConstructIN5Catch11MessageInfoEJRKS1_EEvPT_DpOT0_:
    #####:  109:    _Construct(_Tp* __p, _Args&&... __args)
        -:  110:    {
        -:  111:#if __cplusplus >= 202002L && __has_builtin(__builtin_is_constant_evaluated)
        -:  112:      if (__builtin_is_constant_evaluated())
        -:  113:	{
        -:  114:	  // Allow std::_Construct to be used in constant expressions.
        -:  115:	  std::construct_at(__p, std::forward<_Args>(__args)...);
        -:  116:	  return;
        -:  117:	}
        -:  118:#endif
    #####:  119:      ::new((void*)__p) _Tp(std::forward<_Args>(__args)...);
    #####:  120:    }
------------------
_ZSt10_ConstructINSt7__cxx1112basic_stringIcSt11char_traitsIcESaIcEEEJRKS5_EEvPT_DpOT0_:
    #####:  109:    _Construct(_Tp* __p, _Args&&... __args)
        -:  110:    {
        -:  111:#if __cplusplus >= 202002L && __has_builtin(__builtin_is_constant_evaluated)
        -:  112:      if (__builtin_is_constant_evaluated())
        -:  113:	{
        -:  114:	  // Allow std::_Construct to be used in constant expressions.
        -:  115:	  std::construct_at(__p, std::forward<_Args>(__args)...);
        -:  116:	  return;
        -:  117:	}
        -:  118:#endif
    #####:  119:      ::new((void*)__p) _Tp(std::forward<_Args>(__args)...);
    #####:  120:    }
------------------
_ZSt10_ConstructIN5Catch5clara6detail5TokenEJRKS3_EEvPT_DpOT0_:
    #####:  109:    _Construct(_Tp* __p, _Args&&... __args)
        -:  110:    {
        -:  111:#if __cplusplus >= 202002L && __has_builtin(__builtin_is_constant_evaluated)
        -:  112:      if (__builtin_is_constant_evaluated())
        -:  113:	{
        -:  114:	  // Allow std::_Construct to be used in constant expressions.
        -:  115:	  std::construct_at(__p, std::forward<_Args>(__args)...);
        -:  116:	  return;
        -:  117:	}
        -:  118:#endif
    #####:  119:      ::new((void*)__p) _Tp(std::forward<_Args>(__args)...);
    #####:  120:    }
------------------
_ZSt10_ConstructIN5Catch5clara8TextFlow6ColumnEJRKS3_EEvPT_DpOT0_:
    #####:  109:    _Construct(_Tp* __p, _Args&&... __args)
        -:  110:    {
        -:  111:#if __cplusplus >= 202002L && __has_builtin(__builtin_is_constant_evaluated)
        -:  112:      if (__builtin_is_constant_evaluated())
        -:  113:	{
        -:  114:	  // Allow std::_Construct to be used in constant expressions.
        -:  115:	  std::construct_at(__p, std::forward<_Args>(__args)...);
        -:  116:	  return;
        -:  117:	}
        -:  118:#endif
    #####:  119:      ::new((void*)__p) _Tp(std::forward<_Args>(__args)...);
    #####:  120:    }
------------------
_ZSt10_ConstructISt10shared_ptrIN5Catch22CumulativeReporterBaseINS1_13JunitReporterEE4NodeINS1_14TestGroupStatsENS5_INS1_13TestCaseStatsENS4_11SectionNodeEEEEEEJSB_EEvPT_DpOT0_:
    #####:  109:    _Construct(_Tp* __p, _Args&&... __args)
        -:  110:    {
        -:  111:#if __cplusplus >= 202002L && __has_builtin(__builtin_is_constant_evaluated)
        -:  112:      if (__builtin_is_constant_evaluated())
        -:  113:	{
        -:  114:	  // Allow std::_Construct to be used in constant expressions.
        -:  115:	  std::construct_at(__p, std::forward<_Args>(__args)...);
        -:  116:	  return;
        -:  117:	}
        -:  118:#endif
    #####:  119:      ::new((void*)__p) _Tp(std::forward<_Args>(__args)...);
    #####:  120:    }
------------------
_ZSt10_ConstructISt4pairINSt7__cxx1112basic_stringIcSt11char_traitsIcESaIcEEES6_EJS7_EEvPT_DpOT0_:
    #####:  109:    _Construct(_Tp* __p, _Args&&... __args)
        -:  110:    {
        -:  111:#if __cplusplus >= 202002L && __has_builtin(__builtin_is_constant_evaluated)
        -:  112:      if (__builtin_is_constant_evaluated())
        -:  113:	{
        -:  114:	  // Allow std::_Construct to be used in constant expressions.
        -:  115:	  std::construct_at(__p, std::forward<_Args>(__args)...);
        -:  116:	  return;
        -:  117:	}
        -:  118:#endif
    #####:  119:      ::new((void*)__p) _Tp(std::forward<_Args>(__args)...);
    #####:  120:    }
------------------
_ZSt10_ConstructISt4pairIccEJS1_EEvPT_DpOT0_:
    #####:  109:    _Construct(_Tp* __p, _Args&&... __args)
        -:  110:    {
        -:  111:#if __cplusplus >= 202002L && __has_builtin(__builtin_is_constant_evaluated)
        -:  112:      if (__builtin_is_constant_evaluated())
        -:  113:	{
        -:  114:	  // Allow std::_Construct to be used in constant expressions.
        -:  115:	  std::construct_at(__p, std::forward<_Args>(__args)...);
        -:  116:	  return;
        -:  117:	}
        -:  118:#endif
    #####:  119:      ::new((void*)__p) _Tp(std::forward<_Args>(__args)...);
    #####:  120:    }
------------------
_ZSt10_ConstructISt4pairINSt7__cxx1112basic_stringIcSt11char_traitsIcESaIcEEES6_EJRKS7_EEvPT_DpOT0_:
    #####:  109:    _Construct(_Tp* __p, _Args&&... __args)
        -:  110:    {
        -:  111:#if __cplusplus >= 202002L && __has_builtin(__builtin_is_constant_evaluated)
        -:  112:      if (__builtin_is_constant_evaluated())
        -:  113:	{
        -:  114:	  // Allow std::_Construct to be used in constant expressions.
        -:  115:	  std::construct_at(__p, std::forward<_Args>(__args)...);
        -:  116:	  return;
        -:  117:	}
        -:  118:#endif
    #####:  119:      ::new((void*)__p) _Tp(std::forward<_Args>(__args)...);
    #####:  120:    }
------------------
_ZSt10_ConstructINSt7__cxx1112regex_traitsIcE10_RegexMaskEJRKS3_EEvPT_DpOT0_:
    #####:  109:    _Construct(_Tp* __p, _Args&&... __args)
        -:  110:    {
        -:  111:#if __cplusplus >= 202002L && __has_builtin(__builtin_is_constant_evaluated)
        -:  112:      if (__builtin_is_constant_evaluated())
        -:  113:	{
        -:  114:	  // Allow std::_Construct to be used in constant expressions.
        -:  115:	  std::construct_at(__p, std::forward<_Args>(__args)...);
        -:  116:	  return;
        -:  117:	}
        -:  118:#endif
    #####:  119:      ::new((void*)__p) _Tp(std::forward<_Args>(__args)...);
    #####:  120:    }
------------------
_ZSt10_ConstructISt4pairIccEJRKS1_EEvPT_DpOT0_:
    #####:  109:    _Construct(_Tp* __p, _Args&&... __args)
        -:  110:    {
        -:  111:#if __cplusplus >= 202002L && __has_builtin(__builtin_is_constant_evaluated)
        -:  112:      if (__builtin_is_constant_evaluated())
        -:  113:	{
        -:  114:	  // Allow std::_Construct to be used in constant expressions.
        -:  115:	  std::construct_at(__p, std::forward<_Args>(__args)...);
        -:  116:	  return;
        -:  117:	}
        -:  118:#endif
    #####:  119:      ::new((void*)__p) _Tp(std::forward<_Args>(__args)...);
    #####:  120:    }
------------------
_ZSt10_ConstructINSt7__cxx1112regex_traitsIcE10_RegexMaskEJS3_EEvPT_DpOT0_:
    #####:  109:    _Construct(_Tp* __p, _Args&&... __args)
        -:  110:    {
        -:  111:#if __cplusplus >= 202002L && __has_builtin(__builtin_is_constant_evaluated)
        -:  112:      if (__builtin_is_constant_evaluated())
        -:  113:	{
        -:  114:	  // Allow std::_Construct to be used in constant expressions.
        -:  115:	  std::construct_at(__p, std::forward<_Args>(__args)...);
        -:  116:	  return;
        -:  117:	}
        -:  118:#endif
    #####:  119:      ::new((void*)__p) _Tp(std::forward<_Args>(__args)...);
    #####:  120:    }
------------------
_ZSt10_ConstructISt4pairIlSt6vectorINSt7__cxx119sub_matchIN9__gnu_cxx17__normal_iteratorIPKcNS2_12basic_stringIcSt11char_traitsIcESaIcEEEEEEESaISE_EEEJSH_EEvPT_DpOT0_:
    #####:  109:    _Construct(_Tp* __p, _Args&&... __args)
        -:  110:    {
        -:  111:#if __cplusplus >= 202002L && __has_builtin(__builtin_is_constant_evaluated)
        -:  112:      if (__builtin_is_constant_evaluated())
        -:  113:	{
        -:  114:	  // Allow std::_Construct to be used in constant expressions.
        -:  115:	  std::construct_at(__p, std::forward<_Args>(__args)...);
        -:  116:	  return;
        -:  117:	}
        -:  118:#endif
    #####:  119:      ::new((void*)__p) _Tp(std::forward<_Args>(__args)...);
    #####:  120:    }
------------------
_ZSt10_ConstructINSt8__detail6_StateIcEEJS2_EEvPT_DpOT0_:
    #####:  109:    _Construct(_Tp* __p, _Args&&... __args)
        -:  110:    {
        -:  111:#if __cplusplus >= 202002L && __has_builtin(__builtin_is_constant_evaluated)
        -:  112:      if (__builtin_is_constant_evaluated())
        -:  113:	{
        -:  114:	  // Allow std::_Construct to be used in constant expressions.
        -:  115:	  std::construct_at(__p, std::forward<_Args>(__args)...);
        -:  116:	  return;
        -:  117:	}
        -:  118:#endif
    #####:  119:      ::new((void*)__p) _Tp(std::forward<_Args>(__args)...);
    #####:  120:    }
------------------
_ZSt10_ConstructINSt7__cxx119sub_matchIN9__gnu_cxx17__normal_iteratorIPKcNS0_12basic_stringIcSt11char_traitsIcESaIcEEEEEEEJRSC_EEvPT_DpOT0_:
    #####:  109:    _Construct(_Tp* __p, _Args&&... __args)
        -:  110:    {
        -:  111:#if __cplusplus >= 202002L && __has_builtin(__builtin_is_constant_evaluated)
        -:  112:      if (__builtin_is_constant_evaluated())
        -:  113:	{
        -:  114:	  // Allow std::_Construct to be used in constant expressions.
        -:  115:	  std::construct_at(__p, std::forward<_Args>(__args)...);
        -:  116:	  return;
        -:  117:	}
        -:  118:#endif
    #####:  119:      ::new((void*)__p) _Tp(std::forward<_Args>(__args)...);
    #####:  120:    }
------------------
_ZSt10_ConstructISt4pairIN9__gnu_cxx17__normal_iteratorIPKcNSt7__cxx1112basic_stringIcSt11char_traitsIcESaIcEEEEEiEJEEvPT_DpOT0_:
    #####:  109:    _Construct(_Tp* __p, _Args&&... __args)
        -:  110:    {
        -:  111:#if __cplusplus >= 202002L && __has_builtin(__builtin_is_constant_evaluated)
        -:  112:      if (__builtin_is_constant_evaluated())
        -:  113:	{
        -:  114:	  // Allow std::_Construct to be used in constant expressions.
        -:  115:	  std::construct_at(__p, std::forward<_Args>(__args)...);
        -:  116:	  return;
        -:  117:	}
        -:  118:#endif
    #####:  119:      ::new((void*)__p) _Tp(std::forward<_Args>(__args)...);
    #####:  120:    }
------------------
_ZSt10_ConstructINSt7__cxx119sub_matchIN9__gnu_cxx17__normal_iteratorIPKcNS0_12basic_stringIcSt11char_traitsIcESaIcEEEEEEEJRKSC_EEvPT_DpOT0_:
    #####:  109:    _Construct(_Tp* __p, _Args&&... __args)
        -:  110:    {
        -:  111:#if __cplusplus >= 202002L && __has_builtin(__builtin_is_constant_evaluated)
        -:  112:      if (__builtin_is_constant_evaluated())
        -:  113:	{
        -:  114:	  // Allow std::_Construct to be used in constant expressions.
        -:  115:	  std::construct_at(__p, std::forward<_Args>(__args)...);
        -:  116:	  return;
        -:  117:	}
        -:  118:#endif
    #####:  119:      ::new((void*)__p) _Tp(std::forward<_Args>(__args)...);
    #####:  120:    }
------------------
_ZSt10_ConstructISt10unique_ptrIN5Catch18IStreamingReporterESt14default_deleteIS2_EEJS5_EEvPT_DpOT0_:
    #####:  109:    _Construct(_Tp* __p, _Args&&... __args)
        -:  110:    {
        -:  111:#if __cplusplus >= 202002L && __has_builtin(__builtin_is_constant_evaluated)
        -:  112:      if (__builtin_is_constant_evaluated())
        -:  113:	{
        -:  114:	  // Allow std::_Construct to be used in constant expressions.
        -:  115:	  std::construct_at(__p, std::forward<_Args>(__args)...);
        -:  116:	  return;
        -:  117:	}
        -:  118:#endif
    #####:  119:      ::new((void*)__p) _Tp(std::forward<_Args>(__args)...);
    #####:  120:    }
------------------
_ZSt10_ConstructISt10shared_ptrIN5Catch22CumulativeReporterBaseINS1_13JunitReporterEE4NodeINS1_12TestRunStatsENS5_INS1_14TestGroupStatsENS5_INS1_13TestCaseStatsENS4_11SectionNodeEEEEEEEEJSD_EEvPT_DpOT0_:
    #####:  109:    _Construct(_Tp* __p, _Args&&... __args)
        -:  110:    {
        -:  111:#if __cplusplus >= 202002L && __has_builtin(__builtin_is_constant_evaluated)
        -:  112:      if (__builtin_is_constant_evaluated())
        -:  113:	{
        -:  114:	  // Allow std::_Construct to be used in constant expressions.
        -:  115:	  std::construct_at(__p, std::forward<_Args>(__args)...);
        -:  116:	  return;
        -:  117:	}
        -:  118:#endif
    #####:  119:      ::new((void*)__p) _Tp(std::forward<_Args>(__args)...);
    #####:  120:    }
------------------
_ZSt10_ConstructISt10shared_ptrIN5Catch22CumulativeReporterBaseINS1_13JunitReporterEE4NodeINS1_13TestCaseStatsENS4_11SectionNodeEEEEJS9_EEvPT_DpOT0_:
    #####:  109:    _Construct(_Tp* __p, _Args&&... __args)
        -:  110:    {
        -:  111:#if __cplusplus >= 202002L && __has_builtin(__builtin_is_constant_evaluated)
        -:  112:      if (__builtin_is_constant_evaluated())
        -:  113:	{
        -:  114:	  // Allow std::_Construct to be used in constant expressions.
        -:  115:	  std::construct_at(__p, std::forward<_Args>(__args)...);
        -:  116:	  return;
        -:  117:	}
        -:  118:#endif
    #####:  119:      ::new((void*)__p) _Tp(std::forward<_Args>(__args)...);
    #####:  120:    }
------------------
_ZSt10_ConstructISt10shared_ptrIN5Catch22CumulativeReporterBaseINS1_13JunitReporterEE11SectionNodeEEJS6_EEvPT_DpOT0_:
    #####:  109:    _Construct(_Tp* __p, _Args&&... __args)
        -:  110:    {
        -:  111:#if __cplusplus >= 202002L && __has_builtin(__builtin_is_constant_evaluated)
        -:  112:      if (__builtin_is_constant_evaluated())
        -:  113:	{
        -:  114:	  // Allow std::_Construct to be used in constant expressions.
        -:  115:	  std::construct_at(__p, std::forward<_Args>(__args)...);
        -:  116:	  return;
        -:  117:	}
        -:  118:#endif
    #####:  119:      ::new((void*)__p) _Tp(std::forward<_Args>(__args)...);
    #####:  120:    }
------------------
_ZSt10_ConstructIN5Catch14AssertionStatsEJRKS1_EEvPT_DpOT0_:
    #####:  109:    _Construct(_Tp* __p, _Args&&... __args)
        -:  110:    {
        -:  111:#if __cplusplus >= 202002L && __has_builtin(__builtin_is_constant_evaluated)
        -:  112:      if (__builtin_is_constant_evaluated())
        -:  113:	{
        -:  114:	  // Allow std::_Construct to be used in constant expressions.
        -:  115:	  std::construct_at(__p, std::forward<_Args>(__args)...);
        -:  116:	  return;
        -:  117:	}
        -:  118:#endif
    #####:  119:      ::new((void*)__p) _Tp(std::forward<_Args>(__args)...);
    #####:  120:    }
------------------
_ZSt10_ConstructIN5Catch13SummaryColumnEJS1_EEvPT_DpOT0_:
    #####:  109:    _Construct(_Tp* __p, _Args&&... __args)
        -:  110:    {
        -:  111:#if __cplusplus >= 202002L && __has_builtin(__builtin_is_constant_evaluated)
        -:  112:      if (__builtin_is_constant_evaluated())
        -:  113:	{
        -:  114:	  // Allow std::_Construct to be used in constant expressions.
        -:  115:	  std::construct_at(__p, std::forward<_Args>(__args)...);
        -:  116:	  return;
        -:  117:	}
        -:  118:#endif
    #####:  119:      ::new((void*)__p) _Tp(std::forward<_Args>(__args)...);
    #####:  120:    }
------------------
_ZSt10_ConstructIN5Catch11SectionInfoEJS1_EEvPT_DpOT0_:
    #####:  109:    _Construct(_Tp* __p, _Args&&... __args)
        -:  110:    {
        -:  111:#if __cplusplus >= 202002L && __has_builtin(__builtin_is_constant_evaluated)
        -:  112:      if (__builtin_is_constant_evaluated())
        -:  113:	{
        -:  114:	  // Allow std::_Construct to be used in constant expressions.
        -:  115:	  std::construct_at(__p, std::forward<_Args>(__args)...);
        -:  116:	  return;
        -:  117:	}
        -:  118:#endif
    #####:  119:      ::new((void*)__p) _Tp(std::forward<_Args>(__args)...);
    #####:  120:    }
------------------
_ZSt10_ConstructISt10shared_ptrIN5Catch8TestSpec7PatternEEJRKS4_EEvPT_DpOT0_:
        3:  109:    _Construct(_Tp* __p, _Args&&... __args)
        -:  110:    {
        -:  111:#if __cplusplus >= 202002L && __has_builtin(__builtin_is_constant_evaluated)
        -:  112:      if (__builtin_is_constant_evaluated())
        -:  113:	{
        -:  114:	  // Allow std::_Construct to be used in constant expressions.
        -:  115:	  std::construct_at(__p, std::forward<_Args>(__args)...);
        -:  116:	  return;
        -:  117:	}
        -:  118:#endif
        3:  119:      ::new((void*)__p) _Tp(std::forward<_Args>(__args)...);
        3:  120:    }
------------------
_ZSt10_ConstructISt10shared_ptrIN5Catch8TestSpec7PatternEEJS4_EEvPT_DpOT0_:
    #####:  109:    _Construct(_Tp* __p, _Args&&... __args)
        -:  110:    {
        -:  111:#if __cplusplus >= 202002L && __has_builtin(__builtin_is_constant_evaluated)
        -:  112:      if (__builtin_is_constant_evaluated())
        -:  113:	{
        -:  114:	  // Allow std::_Construct to be used in constant expressions.
        -:  115:	  std::construct_at(__p, std::forward<_Args>(__args)...);
        -:  116:	  return;
        -:  117:	}
        -:  118:#endif
    #####:  119:      ::new((void*)__p) _Tp(std::forward<_Args>(__args)...);
    #####:  120:    }
------------------
_ZSt10_ConstructISt10unique_ptrINSt7__cxx1119basic_ostringstreamIcSt11char_traitsIcESaIcEEESt14default_deleteIS6_EEJS9_EEvPT_DpOT0_:
    #####:  109:    _Construct(_Tp* __p, _Args&&... __args)
        -:  110:    {
        -:  111:#if __cplusplus >= 202002L && __has_builtin(__builtin_is_constant_evaluated)
        -:  112:      if (__builtin_is_constant_evaluated())
        -:  113:	{
        -:  114:	  // Allow std::_Construct to be used in constant expressions.
        -:  115:	  std::construct_at(__p, std::forward<_Args>(__args)...);
        -:  116:	  return;
        -:  117:	}
        -:  118:#endif
    #####:  119:      ::new((void*)__p) _Tp(std::forward<_Args>(__args)...);
    #####:  120:    }
------------------
_ZSt10_ConstructISt10unique_ptrIKN5Catch20IExceptionTranslatorESt14default_deleteIS3_EEJS6_EEvPT_DpOT0_:
    #####:  109:    _Construct(_Tp* __p, _Args&&... __args)
        -:  110:    {
        -:  111:#if __cplusplus >= 202002L && __has_builtin(__builtin_is_constant_evaluated)
        -:  112:      if (__builtin_is_constant_evaluated())
        -:  113:	{
        -:  114:	  // Allow std::_Construct to be used in constant expressions.
        -:  115:	  std::construct_at(__p, std::forward<_Args>(__args)...);
        -:  116:	  return;
        -:  117:	}
        -:  118:#endif
    #####:  119:      ::new((void*)__p) _Tp(std::forward<_Args>(__args)...);
    #####:  120:    }
------------------
_ZSt10_ConstructIN5Catch5clara6detail11HelpColumnsEJS3_EEvPT_DpOT0_:
    #####:  109:    _Construct(_Tp* __p, _Args&&... __args)
        -:  110:    {
        -:  111:#if __cplusplus >= 202002L && __has_builtin(__builtin_is_constant_evaluated)
        -:  112:      if (__builtin_is_constant_evaluated())
        -:  113:	{
        -:  114:	  // Allow std::_Construct to be used in constant expressions.
        -:  115:	  std::construct_at(__p, std::forward<_Args>(__args)...);
        -:  116:	  return;
        -:  117:	}
        -:  118:#endif
    #####:  119:      ::new((void*)__p) _Tp(std::forward<_Args>(__args)...);
    #####:  120:    }
------------------
_ZSt10_ConstructIN5Catch8TestSpec6FilterEJS2_EEvPT_DpOT0_:
    #####:  109:    _Construct(_Tp* __p, _Args&&... __args)
        -:  110:    {
        -:  111:#if __cplusplus >= 202002L && __has_builtin(__builtin_is_constant_evaluated)
        -:  112:      if (__builtin_is_constant_evaluated())
        -:  113:	{
        -:  114:	  // Allow std::_Construct to be used in constant expressions.
        -:  115:	  std::construct_at(__p, std::forward<_Args>(__args)...);
        -:  116:	  return;
        -:  117:	}
        -:  118:#endif
    #####:  119:      ::new((void*)__p) _Tp(std::forward<_Args>(__args)...);
    #####:  120:    }
------------------
_ZSt10_ConstructISt10shared_ptrIN5Catch16TestCaseTracking8ITrackerEEJS4_EEvPT_DpOT0_:
    #####:  109:    _Construct(_Tp* __p, _Args&&... __args)
        -:  110:    {
        -:  111:#if __cplusplus >= 202002L && __has_builtin(__builtin_is_constant_evaluated)
        -:  112:      if (__builtin_is_constant_evaluated())
        -:  113:	{
        -:  114:	  // Allow std::_Construct to be used in constant expressions.
        -:  115:	  std::construct_at(__p, std::forward<_Args>(__args)...);
        -:  116:	  return;
        -:  117:	}
        -:  118:#endif
    #####:  119:      ::new((void*)__p) _Tp(std::forward<_Args>(__args)...);
    #####:  120:    }
------------------
        -:  121:#else
        -:  122:  template<typename _T1, typename _T2>
        -:  123:    inline void
        -:  124:    _Construct(_T1* __p, const _T2& __value)
        -:  125:    {
        -:  126:      // _GLIBCXX_RESOLVE_LIB_DEFECTS
        -:  127:      // 402. wrong new expression in [some_]allocator::construct
        -:  128:      ::new(static_cast<void*>(__p)) _T1(__value);
        -:  129:    }
        -:  130:#endif
        -:  131:
        -:  132:  template<typename _T1>
        -:  133:    inline void
        -:  134:    _Construct_novalue(_T1* __p)
        -:  135:    { ::new((void*)__p) _T1; }
        -:  136:
        -:  137:  template<typename _ForwardIterator>
        -:  138:    _GLIBCXX20_CONSTEXPR void
        -:  139:    _Destroy(_ForwardIterator __first, _ForwardIterator __last);
        -:  140:
        -:  141:  /**
        -:  142:   * Destroy the object pointed to by a pointer type.
        -:  143:   */
        -:  144:  template<typename _Tp>
        -:  145:    _GLIBCXX14_CONSTEXPR inline void
     788*:  146:    _Destroy(_Tp* __pointer)
        -:  147:    {
        -:  148:#if __cplusplus > 201703L
        -:  149:      std::destroy_at(__pointer);
        -:  150:#else
     788*:  151:      __pointer->~_Tp();
        -:  152:#endif
     788*:  153:    }
------------------
_ZSt8_DestroyIN5Catch14SectionEndInfoEEvPT_:
    #####:  146:    _Destroy(_Tp* __pointer)
        -:  147:    {
        -:  148:#if __cplusplus > 201703L
        -:  149:      std::destroy_at(__pointer);
        -:  150:#else
    #####:  151:      __pointer->~_Tp();
        -:  152:#endif
    #####:  153:    }
------------------
_ZSt8_DestroyINSt7__cxx1112basic_stringIcSt11char_traitsIcESaIcEEEEvPT_:
    #####:  146:    _Destroy(_Tp* __pointer)
        -:  147:    {
        -:  148:#if __cplusplus > 201703L
        -:  149:      std::destroy_at(__pointer);
        -:  150:#else
    #####:  151:      __pointer->~_Tp();
        -:  152:#endif
    #####:  153:    }
------------------
_ZSt8_DestroyIN5Catch5clara8TextFlow6ColumnEEvPT_:
    #####:  146:    _Destroy(_Tp* __pointer)
        -:  147:    {
        -:  148:#if __cplusplus > 201703L
        -:  149:      std::destroy_at(__pointer);
        -:  150:#else
    #####:  151:      __pointer->~_Tp();
        -:  152:#endif
    #####:  153:    }
------------------
_ZSt8_DestroyIN5Catch5clara6detail5TokenEEvPT_:
    #####:  146:    _Destroy(_Tp* __pointer)
        -:  147:    {
        -:  148:#if __cplusplus > 201703L
        -:  149:      std::destroy_at(__pointer);
        -:  150:#else
    #####:  151:      __pointer->~_Tp();
        -:  152:#endif
    #####:  153:    }
------------------
_ZSt8_DestroyIN5Catch5clara6detail11HelpColumnsEEvPT_:
    #####:  146:    _Destroy(_Tp* __pointer)
        -:  147:    {
        -:  148:#if __cplusplus > 201703L
        -:  149:      std::destroy_at(__pointer);
        -:  150:#else
    #####:  151:      __pointer->~_Tp();
        -:  152:#endif
    #####:  153:    }
------------------
_ZSt8_DestroyIN5Catch5clara6detail3OptEEvPT_:
      754:  146:    _Destroy(_Tp* __pointer)
        -:  147:    {
        -:  148:#if __cplusplus > 201703L
        -:  149:      std::destroy_at(__pointer);
        -:  150:#else
      754:  151:      __pointer->~_Tp();
        -:  152:#endif
      754:  153:    }
------------------
_ZSt8_DestroyIN5Catch5clara6detail3ArgEEvPT_:
        2:  146:    _Destroy(_Tp* __pointer)
        -:  147:    {
        -:  148:#if __cplusplus > 201703L
        -:  149:      std::destroy_at(__pointer);
        -:  150:#else
        2:  151:      __pointer->~_Tp();
        -:  152:#endif
        2:  153:    }
------------------
_ZSt8_DestroyIN5Catch8TestSpec6FilterEEvPT_:
        3:  146:    _Destroy(_Tp* __pointer)
        -:  147:    {
        -:  148:#if __cplusplus > 201703L
        -:  149:      std::destroy_at(__pointer);
        -:  150:#else
        3:  151:      __pointer->~_Tp();
        -:  152:#endif
        3:  153:    }
------------------
_ZSt8_DestroyISt10shared_ptrIN5Catch8TestSpec7PatternEEEvPT_:
        4:  146:    _Destroy(_Tp* __pointer)
        -:  147:    {
        -:  148:#if __cplusplus > 201703L
        -:  149:      std::destroy_at(__pointer);
        -:  150:#else
        4:  151:      __pointer->~_Tp();
        -:  152:#endif
        4:  153:    }
------------------
_ZSt8_DestroyISt10unique_ptrIKN5Catch20IExceptionTranslatorESt14default_deleteIS3_EEEvPT_:
    #####:  146:    _Destroy(_Tp* __pointer)
        -:  147:    {
        -:  148:#if __cplusplus > 201703L
        -:  149:      std::destroy_at(__pointer);
        -:  150:#else
    #####:  151:      __pointer->~_Tp();
        -:  152:#endif
    #####:  153:    }
------------------
_ZSt8_DestroyIN5Catch11MessageInfoEEvPT_:
    #####:  146:    _Destroy(_Tp* __pointer)
        -:  147:    {
        -:  148:#if __cplusplus > 201703L
        -:  149:      std::destroy_at(__pointer);
        -:  150:#else
    #####:  151:      __pointer->~_Tp();
        -:  152:#endif
    #####:  153:    }
------------------
_ZSt8_DestroyISt10unique_ptrIN5Catch18IStreamingReporterESt14default_deleteIS2_EEEvPT_:
    #####:  146:    _Destroy(_Tp* __pointer)
        -:  147:    {
        -:  148:#if __cplusplus > 201703L
        -:  149:      std::destroy_at(__pointer);
        -:  150:#else
    #####:  151:      __pointer->~_Tp();
        -:  152:#endif
    #####:  153:    }
------------------
_ZSt8_DestroyIN5Catch8TestCaseEEvPT_:
        8:  146:    _Destroy(_Tp* __pointer)
        -:  147:    {
        -:  148:#if __cplusplus > 201703L
        -:  149:      std::destroy_at(__pointer);
        -:  150:#else
        8:  151:      __pointer->~_Tp();
        -:  152:#endif
        8:  153:    }
------------------
_ZSt8_DestroyISt10shared_ptrIN5Catch16IReporterFactoryEEEvPT_:
    #####:  146:    _Destroy(_Tp* __pointer)
        -:  147:    {
        -:  148:#if __cplusplus > 201703L
        -:  149:      std::destroy_at(__pointer);
        -:  150:#else
    #####:  151:      __pointer->~_Tp();
        -:  152:#endif
    #####:  153:    }
------------------
_ZSt8_DestroyINSt15__exception_ptr13exception_ptrEEvPT_:
    #####:  146:    _Destroy(_Tp* __pointer)
        -:  147:    {
        -:  148:#if __cplusplus > 201703L
        -:  149:      std::destroy_at(__pointer);
        -:  150:#else
    #####:  151:      __pointer->~_Tp();
        -:  152:#endif
    #####:  153:    }
------------------
_ZSt8_DestroyISt4pairINSt7__cxx1112basic_stringIcSt11char_traitsIcESaIcEEES6_EEvPT_:
    #####:  146:    _Destroy(_Tp* __pointer)
        -:  147:    {
        -:  148:#if __cplusplus > 201703L
        -:  149:      std::destroy_at(__pointer);
        -:  150:#else
    #####:  151:      __pointer->~_Tp();
        -:  152:#endif
    #####:  153:    }
------------------
_ZSt8_DestroyISt10unique_ptrINSt7__cxx1119basic_ostringstreamIcSt11char_traitsIcESaIcEEESt14default_deleteIS6_EEEvPT_:
    #####:  146:    _Destroy(_Tp* __pointer)
        -:  147:    {
        -:  148:#if __cplusplus > 201703L
        -:  149:      std::destroy_at(__pointer);
        -:  150:#else
    #####:  151:      __pointer->~_Tp();
        -:  152:#endif
    #####:  153:    }
------------------
_ZSt8_DestroyISt10shared_ptrIN5Catch16TestCaseTracking8ITrackerEEEvPT_:
       13:  146:    _Destroy(_Tp* __pointer)
        -:  147:    {
        -:  148:#if __cplusplus > 201703L
        -:  149:      std::destroy_at(__pointer);
        -:  150:#else
       13:  151:      __pointer->~_Tp();
        -:  152:#endif
       13:  153:    }
------------------
_ZSt8_DestroyIN5Catch11SectionInfoEEvPT_:
    #####:  146:    _Destroy(_Tp* __pointer)
        -:  147:    {
        -:  148:#if __cplusplus > 201703L
        -:  149:      std::destroy_at(__pointer);
        -:  150:#else
    #####:  151:      __pointer->~_Tp();
        -:  152:#endif
    #####:  153:    }
------------------
_ZSt8_DestroyIN5Catch12_GLOBAL__N_110ColumnInfoEEvPT_:
        4:  146:    _Destroy(_Tp* __pointer)
        -:  147:    {
        -:  148:#if __cplusplus > 201703L
        -:  149:      std::destroy_at(__pointer);
        -:  150:#else
        4:  151:      __pointer->~_Tp();
        -:  152:#endif
        4:  153:    }
------------------
_ZSt8_DestroyIN5Catch13SummaryColumnEEvPT_:
    #####:  146:    _Destroy(_Tp* __pointer)
        -:  147:    {
        -:  148:#if __cplusplus > 201703L
        -:  149:      std::destroy_at(__pointer);
        -:  150:#else
    #####:  151:      __pointer->~_Tp();
        -:  152:#endif
    #####:  153:    }
------------------
_ZSt8_DestroyIN5Catch14AssertionStatsEEvPT_:
    #####:  146:    _Destroy(_Tp* __pointer)
        -:  147:    {
        -:  148:#if __cplusplus > 201703L
        -:  149:      std::destroy_at(__pointer);
        -:  150:#else
    #####:  151:      __pointer->~_Tp();
        -:  152:#endif
    #####:  153:    }
------------------
_ZSt8_DestroyISt6vectorISt10shared_ptrIN5Catch22CumulativeReporterBaseINS2_13JunitReporterEE11SectionNodeEESaIS7_EEEvPT_:
    #####:  146:    _Destroy(_Tp* __pointer)
        -:  147:    {
        -:  148:#if __cplusplus > 201703L
        -:  149:      std::destroy_at(__pointer);
        -:  150:#else
    #####:  151:      __pointer->~_Tp();
        -:  152:#endif
    #####:  153:    }
------------------
_ZSt8_DestroyISt10shared_ptrIN5Catch22CumulativeReporterBaseINS1_13JunitReporterEE4NodeINS1_13TestCaseStatsENS4_11SectionNodeEEEEEvPT_:
    #####:  146:    _Destroy(_Tp* __pointer)
        -:  147:    {
        -:  148:#if __cplusplus > 201703L
        -:  149:      std::destroy_at(__pointer);
        -:  150:#else
    #####:  151:      __pointer->~_Tp();
        -:  152:#endif
    #####:  153:    }
------------------
_ZSt8_DestroyISt10shared_ptrIN5Catch22CumulativeReporterBaseINS1_13JunitReporterEE4NodeINS1_14TestGroupStatsENS5_INS1_13TestCaseStatsENS4_11SectionNodeEEEEEEEvPT_:
    #####:  146:    _Destroy(_Tp* __pointer)
        -:  147:    {
        -:  148:#if __cplusplus > 201703L
        -:  149:      std::destroy_at(__pointer);
        -:  150:#else
    #####:  151:      __pointer->~_Tp();
        -:  152:#endif
    #####:  153:    }
------------------
_ZSt8_DestroyISt10shared_ptrIN5Catch22CumulativeReporterBaseINS1_13JunitReporterEE4NodeINS1_12TestRunStatsENS5_INS1_14TestGroupStatsENS5_INS1_13TestCaseStatsENS4_11SectionNodeEEEEEEEEEvPT_:
    #####:  146:    _Destroy(_Tp* __pointer)
        -:  147:    {
        -:  148:#if __cplusplus > 201703L
        -:  149:      std::destroy_at(__pointer);
        -:  150:#else
    #####:  151:      __pointer->~_Tp();
        -:  152:#endif
    #####:  153:    }
------------------
_ZSt8_DestroyISt10shared_ptrIN5Catch22CumulativeReporterBaseINS1_13JunitReporterEE11SectionNodeEEEvPT_:
    #####:  146:    _Destroy(_Tp* __pointer)
        -:  147:    {
        -:  148:#if __cplusplus > 201703L
        -:  149:      std::destroy_at(__pointer);
        -:  150:#else
    #####:  151:      __pointer->~_Tp();
        -:  152:#endif
    #####:  153:    }
------------------
_ZSt8_DestroyISt4pairIlSt6vectorINSt7__cxx119sub_matchIN9__gnu_cxx17__normal_iteratorIPKcNS2_12basic_stringIcSt11char_traitsIcESaIcEEEEEEESaISE_EEEEvPT_:
    #####:  146:    _Destroy(_Tp* __pointer)
        -:  147:    {
        -:  148:#if __cplusplus > 201703L
        -:  149:      std::destroy_at(__pointer);
        -:  150:#else
    #####:  151:      __pointer->~_Tp();
        -:  152:#endif
    #####:  153:    }
------------------
_ZSt8_DestroyINSt8__detail6_StateIcEEEvPT_:
    #####:  146:    _Destroy(_Tp* __pointer)
        -:  147:    {
        -:  148:#if __cplusplus > 201703L
        -:  149:      std::destroy_at(__pointer);
        -:  150:#else
    #####:  151:      __pointer->~_Tp();
        -:  152:#endif
    #####:  153:    }
------------------
        -:  154:
        -:  155:  template<bool>
        -:  156:    struct _Destroy_aux
        -:  157:    {
        -:  158:      template<typename _ForwardIterator>
        -:  159:	static _GLIBCXX20_CONSTEXPR void
     163*:  160:	__destroy(_ForwardIterator __first, _ForwardIterator __last)
        -:  161:	{
     951*:  162:	  for (; __first != __last; ++__first)
     788*:  163:	    std::_Destroy(std::__addressof(*__first));
     163*:  164:	}
------------------
_ZNSt12_Destroy_auxILb0EE9__destroyIN9__gnu_cxx17__normal_iteratorIPNSt7__cxx1112basic_stringIcSt11char_traitsIcESaIcEEESt6vectorIS9_SaIS9_EEEEEEvT_SF_:
    #####:  160:	__destroy(_ForwardIterator __first, _ForwardIterator __last)
        -:  161:	{
    #####:  162:	  for (; __first != __last; ++__first)
    #####:  163:	    std::_Destroy(std::__addressof(*__first));
    #####:  164:	}
------------------
_ZNSt12_Destroy_auxILb0EE9__destroyIPNSt7__cxx1112basic_stringIcSt11char_traitsIcESaIcEEEEEvT_S9_:
    #####:  160:	__destroy(_ForwardIterator __first, _ForwardIterator __last)
        -:  161:	{
    #####:  162:	  for (; __first != __last; ++__first)
    #####:  163:	    std::_Destroy(std::__addressof(*__first));
    #####:  164:	}
------------------
_ZNSt12_Destroy_auxILb0EE9__destroyIPN5Catch5clara8TextFlow6ColumnEEEvT_S7_:
    #####:  160:	__destroy(_ForwardIterator __first, _ForwardIterator __last)
        -:  161:	{
    #####:  162:	  for (; __first != __last; ++__first)
    #####:  163:	    std::_Destroy(std::__addressof(*__first));
    #####:  164:	}
------------------
_ZNSt12_Destroy_auxILb0EE9__destroyIPN5Catch5clara6detail5TokenEEEvT_S7_:
        5:  160:	__destroy(_ForwardIterator __first, _ForwardIterator __last)
        -:  161:	{
       5*:  162:	  for (; __first != __last; ++__first)
    #####:  163:	    std::_Destroy(std::__addressof(*__first));
        5:  164:	}
------------------
_ZNSt12_Destroy_auxILb0EE9__destroyIPN5Catch5clara6detail11HelpColumnsEEEvT_S7_:
    #####:  160:	__destroy(_ForwardIterator __first, _ForwardIterator __last)
        -:  161:	{
    #####:  162:	  for (; __first != __last; ++__first)
    #####:  163:	    std::_Destroy(std::__addressof(*__first));
    #####:  164:	}
------------------
_ZNSt12_Destroy_auxILb0EE9__destroyIPN5Catch5clara6detail3OptEEEvT_S7_:
       59:  160:	__destroy(_ForwardIterator __first, _ForwardIterator __last)
        -:  161:	{
      813:  162:	  for (; __first != __last; ++__first)
      754:  163:	    std::_Destroy(std::__addressof(*__first));
       59:  164:	}
------------------
_ZNSt12_Destroy_auxILb0EE9__destroyIPN5Catch5clara6detail3ArgEEEvT_S7_:
       59:  160:	__destroy(_ForwardIterator __first, _ForwardIterator __last)
        -:  161:	{
       61:  162:	  for (; __first != __last; ++__first)
        2:  163:	    std::_Destroy(std::__addressof(*__first));
       59:  164:	}
------------------
_ZNSt12_Destroy_auxILb0EE9__destroyIPN5Catch8TestSpec6FilterEEEvT_S6_:
        5:  160:	__destroy(_ForwardIterator __first, _ForwardIterator __last)
        -:  161:	{
        8:  162:	  for (; __first != __last; ++__first)
        3:  163:	    std::_Destroy(std::__addressof(*__first));
        5:  164:	}
------------------
_ZNSt12_Destroy_auxILb0EE9__destroyIPSt10shared_ptrIN5Catch8TestSpec7PatternEEEEvT_S8_:
        6:  160:	__destroy(_ForwardIterator __first, _ForwardIterator __last)
        -:  161:	{
       10:  162:	  for (; __first != __last; ++__first)
        4:  163:	    std::_Destroy(std::__addressof(*__first));
        6:  164:	}
------------------
_ZNSt12_Destroy_auxILb0EE9__destroyIPSt10unique_ptrIKN5Catch20IExceptionTranslatorESt14default_deleteIS5_EEEEvT_SA_:
        1:  160:	__destroy(_ForwardIterator __first, _ForwardIterator __last)
        -:  161:	{
       1*:  162:	  for (; __first != __last; ++__first)
    #####:  163:	    std::_Destroy(std::__addressof(*__first));
        1:  164:	}
------------------
_ZNSt12_Destroy_auxILb0EE9__destroyIPN5Catch11MessageInfoEEEvT_S5_:
        1:  160:	__destroy(_ForwardIterator __first, _ForwardIterator __last)
        -:  161:	{
       1*:  162:	  for (; __first != __last; ++__first)
    #####:  163:	    std::_Destroy(std::__addressof(*__first));
        1:  164:	}
------------------
_ZNSt12_Destroy_auxILb0EE9__destroyIPSt10unique_ptrIN5Catch18IStreamingReporterESt14default_deleteIS4_EEEEvT_S9_:
    #####:  160:	__destroy(_ForwardIterator __first, _ForwardIterator __last)
        -:  161:	{
    #####:  162:	  for (; __first != __last; ++__first)
    #####:  163:	    std::_Destroy(std::__addressof(*__first));
    #####:  164:	}
------------------
_ZNSt12_Destroy_auxILb0EE9__destroyIPN5Catch8TestCaseEEEvT_S5_:
        4:  160:	__destroy(_ForwardIterator __first, _ForwardIterator __last)
        -:  161:	{
       12:  162:	  for (; __first != __last; ++__first)
        8:  163:	    std::_Destroy(std::__addressof(*__first));
        4:  164:	}
------------------
_ZNSt12_Destroy_auxILb0EE9__destroyIPSt10shared_ptrIN5Catch16IReporterFactoryEEEEvT_S7_:
        1:  160:	__destroy(_ForwardIterator __first, _ForwardIterator __last)
        -:  161:	{
       1*:  162:	  for (; __first != __last; ++__first)
    #####:  163:	    std::_Destroy(std::__addressof(*__first));
        1:  164:	}
------------------
_ZNSt12_Destroy_auxILb0EE9__destroyIPNSt15__exception_ptr13exception_ptrEEEvT_S5_:
        1:  160:	__destroy(_ForwardIterator __first, _ForwardIterator __last)
        -:  161:	{
       1*:  162:	  for (; __first != __last; ++__first)
    #####:  163:	    std::_Destroy(std::__addressof(*__first));
        1:  164:	}
------------------
_ZNSt12_Destroy_auxILb0EE9__destroyIPN5Catch14SectionEndInfoEEEvT_S5_:
        1:  160:	__destroy(_ForwardIterator __first, _ForwardIterator __last)
        -:  161:	{
       1*:  162:	  for (; __first != __last; ++__first)
    #####:  163:	    std::_Destroy(std::__addressof(*__first));
        1:  164:	}
------------------
_ZNSt12_Destroy_auxILb0EE9__destroyIPSt4pairINSt7__cxx1112basic_stringIcSt11char_traitsIcESaIcEEES8_EEEvT_SB_:
    #####:  160:	__destroy(_ForwardIterator __first, _ForwardIterator __last)
        -:  161:	{
    #####:  162:	  for (; __first != __last; ++__first)
    #####:  163:	    std::_Destroy(std::__addressof(*__first));
    #####:  164:	}
------------------
_ZNSt12_Destroy_auxILb0EE9__destroyIN9__gnu_cxx17__normal_iteratorIPN5Catch5clara6detail3OptESt6vectorIS7_SaIS7_EEEEEEvT_SD_:
    #####:  160:	__destroy(_ForwardIterator __first, _ForwardIterator __last)
        -:  161:	{
    #####:  162:	  for (; __first != __last; ++__first)
    #####:  163:	    std::_Destroy(std::__addressof(*__first));
    #####:  164:	}
------------------
_ZNSt12_Destroy_auxILb0EE9__destroyIN9__gnu_cxx17__normal_iteratorIPN5Catch5clara6detail3ArgESt6vectorIS7_SaIS7_EEEEEEvT_SD_:
    #####:  160:	__destroy(_ForwardIterator __first, _ForwardIterator __last)
        -:  161:	{
    #####:  162:	  for (; __first != __last; ++__first)
    #####:  163:	    std::_Destroy(std::__addressof(*__first));
    #####:  164:	}
------------------
_ZNSt12_Destroy_auxILb0EE9__destroyIPSt10unique_ptrINSt7__cxx1119basic_ostringstreamIcSt11char_traitsIcESaIcEEESt14default_deleteIS8_EEEEvT_SD_:
    #####:  160:	__destroy(_ForwardIterator __first, _ForwardIterator __last)
        -:  161:	{
    #####:  162:	  for (; __first != __last; ++__first)
    #####:  163:	    std::_Destroy(std::__addressof(*__first));
    #####:  164:	}
------------------
_ZNSt12_Destroy_auxILb0EE9__destroyIPSt10shared_ptrIN5Catch16TestCaseTracking8ITrackerEEEEvT_S8_:
       17:  160:	__destroy(_ForwardIterator __first, _ForwardIterator __last)
        -:  161:	{
       30:  162:	  for (; __first != __last; ++__first)
       13:  163:	    std::_Destroy(std::__addressof(*__first));
       17:  164:	}
------------------
_ZNSt12_Destroy_auxILb0EE9__destroyIPN5Catch11SectionInfoEEEvT_S5_:
        1:  160:	__destroy(_ForwardIterator __first, _ForwardIterator __last)
        -:  161:	{
       1*:  162:	  for (; __first != __last; ++__first)
    #####:  163:	    std::_Destroy(std::__addressof(*__first));
        1:  164:	}
------------------
_ZNSt12_Destroy_auxILb0EE9__destroyIPN5Catch12_GLOBAL__N_110ColumnInfoEEEvT_S6_:
        2:  160:	__destroy(_ForwardIterator __first, _ForwardIterator __last)
        -:  161:	{
        6:  162:	  for (; __first != __last; ++__first)
        4:  163:	    std::_Destroy(std::__addressof(*__first));
        2:  164:	}
------------------
_ZNSt12_Destroy_auxILb0EE9__destroyIPN5Catch13SummaryColumnEEEvT_S5_:
    #####:  160:	__destroy(_ForwardIterator __first, _ForwardIterator __last)
        -:  161:	{
    #####:  162:	  for (; __first != __last; ++__first)
    #####:  163:	    std::_Destroy(std::__addressof(*__first));
    #####:  164:	}
------------------
_ZNSt12_Destroy_auxILb0EE9__destroyIPN5Catch14AssertionStatsEEEvT_S5_:
    #####:  160:	__destroy(_ForwardIterator __first, _ForwardIterator __last)
        -:  161:	{
    #####:  162:	  for (; __first != __last; ++__first)
    #####:  163:	    std::_Destroy(std::__addressof(*__first));
    #####:  164:	}
------------------
_ZNSt12_Destroy_auxILb0EE9__destroyIPSt6vectorISt10shared_ptrIN5Catch22CumulativeReporterBaseINS4_13JunitReporterEE11SectionNodeEESaIS9_EEEEvT_SD_:
    #####:  160:	__destroy(_ForwardIterator __first, _ForwardIterator __last)
        -:  161:	{
    #####:  162:	  for (; __first != __last; ++__first)
    #####:  163:	    std::_Destroy(std::__addressof(*__first));
    #####:  164:	}
------------------
_ZNSt12_Destroy_auxILb0EE9__destroyIPSt10shared_ptrIN5Catch22CumulativeReporterBaseINS3_13JunitReporterEE4NodeINS3_13TestCaseStatsENS6_11SectionNodeEEEEEEvT_SD_:
    #####:  160:	__destroy(_ForwardIterator __first, _ForwardIterator __last)
        -:  161:	{
    #####:  162:	  for (; __first != __last; ++__first)
    #####:  163:	    std::_Destroy(std::__addressof(*__first));
    #####:  164:	}
------------------
_ZNSt12_Destroy_auxILb0EE9__destroyIPSt10shared_ptrIN5Catch22CumulativeReporterBaseINS3_13JunitReporterEE4NodeINS3_14TestGroupStatsENS7_INS3_13TestCaseStatsENS6_11SectionNodeEEEEEEEEvT_SF_:
    #####:  160:	__destroy(_ForwardIterator __first, _ForwardIterator __last)
        -:  161:	{
    #####:  162:	  for (; __first != __last; ++__first)
    #####:  163:	    std::_Destroy(std::__addressof(*__first));
    #####:  164:	}
------------------
_ZNSt12_Destroy_auxILb0EE9__destroyIPSt10shared_ptrIN5Catch22CumulativeReporterBaseINS3_13JunitReporterEE4NodeINS3_12TestRunStatsENS7_INS3_14TestGroupStatsENS7_INS3_13TestCaseStatsENS6_11SectionNodeEEEEEEEEEEvT_SH_:
    #####:  160:	__destroy(_ForwardIterator __first, _ForwardIterator __last)
        -:  161:	{
    #####:  162:	  for (; __first != __last; ++__first)
    #####:  163:	    std::_Destroy(std::__addressof(*__first));
    #####:  164:	}
------------------
_ZNSt12_Destroy_auxILb0EE9__destroyIPSt10shared_ptrIN5Catch22CumulativeReporterBaseINS3_13JunitReporterEE11SectionNodeEEEEvT_SA_:
    #####:  160:	__destroy(_ForwardIterator __first, _ForwardIterator __last)
        -:  161:	{
    #####:  162:	  for (; __first != __last; ++__first)
    #####:  163:	    std::_Destroy(std::__addressof(*__first));
    #####:  164:	}
------------------
_ZNSt12_Destroy_auxILb0EE9__destroyIPSt4pairIlSt6vectorINSt7__cxx119sub_matchIN9__gnu_cxx17__normal_iteratorIPKcNS4_12basic_stringIcSt11char_traitsIcESaIcEEEEEEESaISG_EEEEEvT_SL_:
    #####:  160:	__destroy(_ForwardIterator __first, _ForwardIterator __last)
        -:  161:	{
    #####:  162:	  for (; __first != __last; ++__first)
    #####:  163:	    std::_Destroy(std::__addressof(*__first));
    #####:  164:	}
------------------
_ZNSt12_Destroy_auxILb0EE9__destroyIPNSt8__detail6_StateIcEEEEvT_S6_:
    #####:  160:	__destroy(_ForwardIterator __first, _ForwardIterator __last)
        -:  161:	{
    #####:  162:	  for (; __first != __last; ++__first)
    #####:  163:	    std::_Destroy(std::__addressof(*__first));
    #####:  164:	}
------------------
        -:  165:    };
        -:  166:
        -:  167:  template<>
        -:  168:    struct _Destroy_aux<true>
        -:  169:    {
        -:  170:      template<typename _ForwardIterator>
        -:  171:        static void
       2*:  172:        __destroy(_ForwardIterator, _ForwardIterator) { }
------------------
_ZNSt12_Destroy_auxILb1EE9__destroyIPNSt7__cxx1112regex_traitsIcE10_RegexMaskEEEvT_S7_:
    #####:  172:        __destroy(_ForwardIterator, _ForwardIterator) { }
------------------
_ZNSt12_Destroy_auxILb1EE9__destroyIPSt4pairIccEEEvT_S5_:
    #####:  172:        __destroy(_ForwardIterator, _ForwardIterator) { }
------------------
_ZNSt12_Destroy_auxILb1EE9__destroyIPcEEvT_S3_:
    #####:  172:        __destroy(_ForwardIterator, _ForwardIterator) { }
------------------
_ZNSt12_Destroy_auxILb1EE9__destroyIN9__gnu_cxx17__normal_iteratorIPNSt7__cxx119sub_matchINS3_IPKcNS4_12basic_stringIcSt11char_traitsIcESaIcEEEEEEESt6vectorISE_SaISE_EEEEEEvT_SK_:
    #####:  172:        __destroy(_ForwardIterator, _ForwardIterator) { }
------------------
_ZNSt12_Destroy_auxILb1EE9__destroyIPSt4pairIN9__gnu_cxx17__normal_iteratorIPKcNSt7__cxx1112basic_stringIcSt11char_traitsIcESaIcEEEEEiEEEvT_SG_:
    #####:  172:        __destroy(_ForwardIterator, _ForwardIterator) { }
------------------
_ZNSt12_Destroy_auxILb1EE9__destroyIPNSt7__cxx119sub_matchIN9__gnu_cxx17__normal_iteratorIPKcNS2_12basic_stringIcSt11char_traitsIcESaIcEEEEEEEEEvT_SG_:
    #####:  172:        __destroy(_ForwardIterator, _ForwardIterator) { }
------------------
_ZNSt12_Destroy_auxILb1EE9__destroyIPPN5Catch16TestCaseTracking8ITrackerEEEvT_S7_:
        1:  172:        __destroy(_ForwardIterator, _ForwardIterator) { }
------------------
_ZNSt12_Destroy_auxILb1EE9__destroyIPmEEvT_S3_:
        1:  172:        __destroy(_ForwardIterator, _ForwardIterator) { }
------------------
_ZNSt12_Destroy_auxILb1EE9__destroyIPN5Catch5clara8TextFlow6Column8iteratorEEEvT_S8_:
    #####:  172:        __destroy(_ForwardIterator, _ForwardIterator) { }
------------------
        -:  173:    };
        -:  174:
        -:  175:  /**
        -:  176:   * Destroy a range of objects.  If the value_type of the object has
        -:  177:   * a trivial destructor, the compiler should optimize all of this
        -:  178:   * away, otherwise the objects' destructors must be invoked.
        -:  179:   */
        -:  180:  template<typename _ForwardIterator>
        -:  181:    _GLIBCXX20_CONSTEXPR inline void
     165*:  182:    _Destroy(_ForwardIterator __first, _ForwardIterator __last)
        -:  183:    {
        -:  184:      typedef typename iterator_traits<_ForwardIterator>::value_type
        -:  185:                       _Value_type;
        -:  186:#if __cplusplus >= 201103L
        -:  187:      // A deleted destructor is trivial, this ensures we reject such types:
        -:  188:      static_assert(is_destructible<_Value_type>::value,
        -:  189:		    "value type is destructible");
        -:  190:#endif
        -:  191:#if __cplusplus > 201703L && defined __cpp_lib_is_constant_evaluated
        -:  192:      if (std::is_constant_evaluated())
        -:  193:	return _Destroy_aux<false>::__destroy(__first, __last);
        -:  194:#endif
        -:  195:      std::_Destroy_aux<__has_trivial_destructor(_Value_type)>::
     165*:  196:	__destroy(__first, __last);
     165*:  197:    }
------------------
_ZSt8_DestroyIPSt10shared_ptrIN5Catch8TestSpec7PatternEEEvT_S6_:
        6:  182:    _Destroy(_ForwardIterator __first, _ForwardIterator __last)
        -:  183:    {
        -:  184:      typedef typename iterator_traits<_ForwardIterator>::value_type
        -:  185:                       _Value_type;
        -:  186:#if __cplusplus >= 201103L
        -:  187:      // A deleted destructor is trivial, this ensures we reject such types:
        -:  188:      static_assert(is_destructible<_Value_type>::value,
        -:  189:		    "value type is destructible");
        -:  190:#endif
        -:  191:#if __cplusplus > 201703L && defined __cpp_lib_is_constant_evaluated
        -:  192:      if (std::is_constant_evaluated())
        -:  193:	return _Destroy_aux<false>::__destroy(__first, __last);
        -:  194:#endif
        -:  195:      std::_Destroy_aux<__has_trivial_destructor(_Value_type)>::
        6:  196:	__destroy(__first, __last);
        6:  197:    }
------------------
_ZSt8_DestroyIN9__gnu_cxx17__normal_iteratorIPN5Catch5clara6detail3OptESt6vectorIS5_SaIS5_EEEEEvT_SB_:
    #####:  182:    _Destroy(_ForwardIterator __first, _ForwardIterator __last)
        -:  183:    {
        -:  184:      typedef typename iterator_traits<_ForwardIterator>::value_type
        -:  185:                       _Value_type;
        -:  186:#if __cplusplus >= 201103L
        -:  187:      // A deleted destructor is trivial, this ensures we reject such types:
        -:  188:      static_assert(is_destructible<_Value_type>::value,
        -:  189:		    "value type is destructible");
        -:  190:#endif
        -:  191:#if __cplusplus > 201703L && defined __cpp_lib_is_constant_evaluated
        -:  192:      if (std::is_constant_evaluated())
        -:  193:	return _Destroy_aux<false>::__destroy(__first, __last);
        -:  194:#endif
        -:  195:      std::_Destroy_aux<__has_trivial_destructor(_Value_type)>::
    #####:  196:	__destroy(__first, __last);
    #####:  197:    }
------------------
_ZSt8_DestroyIN9__gnu_cxx17__normal_iteratorIPNSt7__cxx1112basic_stringIcSt11char_traitsIcESaIcEEESt6vectorIS7_SaIS7_EEEEEvT_SD_:
    #####:  182:    _Destroy(_ForwardIterator __first, _ForwardIterator __last)
        -:  183:    {
        -:  184:      typedef typename iterator_traits<_ForwardIterator>::value_type
        -:  185:                       _Value_type;
        -:  186:#if __cplusplus >= 201103L
        -:  187:      // A deleted destructor is trivial, this ensures we reject such types:
        -:  188:      static_assert(is_destructible<_Value_type>::value,
        -:  189:		    "value type is destructible");
        -:  190:#endif
        -:  191:#if __cplusplus > 201703L && defined __cpp_lib_is_constant_evaluated
        -:  192:      if (std::is_constant_evaluated())
        -:  193:	return _Destroy_aux<false>::__destroy(__first, __last);
        -:  194:#endif
        -:  195:      std::_Destroy_aux<__has_trivial_destructor(_Value_type)>::
    #####:  196:	__destroy(__first, __last);
    #####:  197:    }
------------------
_ZSt8_DestroyIPPN5Catch16TestCaseTracking8ITrackerEEvT_S5_:
        1:  182:    _Destroy(_ForwardIterator __first, _ForwardIterator __last)
        -:  183:    {
        -:  184:      typedef typename iterator_traits<_ForwardIterator>::value_type
        -:  185:                       _Value_type;
        -:  186:#if __cplusplus >= 201103L
        -:  187:      // A deleted destructor is trivial, this ensures we reject such types:
        -:  188:      static_assert(is_destructible<_Value_type>::value,
        -:  189:		    "value type is destructible");
        -:  190:#endif
        -:  191:#if __cplusplus > 201703L && defined __cpp_lib_is_constant_evaluated
        -:  192:      if (std::is_constant_evaluated())
        -:  193:	return _Destroy_aux<false>::__destroy(__first, __last);
        -:  194:#endif
        -:  195:      std::_Destroy_aux<__has_trivial_destructor(_Value_type)>::
        1:  196:	__destroy(__first, __last);
        1:  197:    }
------------------
_ZSt8_DestroyIPN5Catch14SectionEndInfoEEvT_S3_:
        1:  182:    _Destroy(_ForwardIterator __first, _ForwardIterator __last)
        -:  183:    {
        -:  184:      typedef typename iterator_traits<_ForwardIterator>::value_type
        -:  185:                       _Value_type;
        -:  186:#if __cplusplus >= 201103L
        -:  187:      // A deleted destructor is trivial, this ensures we reject such types:
        -:  188:      static_assert(is_destructible<_Value_type>::value,
        -:  189:		    "value type is destructible");
        -:  190:#endif
        -:  191:#if __cplusplus > 201703L && defined __cpp_lib_is_constant_evaluated
        -:  192:      if (std::is_constant_evaluated())
        -:  193:	return _Destroy_aux<false>::__destroy(__first, __last);
        -:  194:#endif
        -:  195:      std::_Destroy_aux<__has_trivial_destructor(_Value_type)>::
        1:  196:	__destroy(__first, __last);
        1:  197:    }
------------------
_ZSt8_DestroyIPNSt15__exception_ptr13exception_ptrEEvT_S3_:
        1:  182:    _Destroy(_ForwardIterator __first, _ForwardIterator __last)
        -:  183:    {
        -:  184:      typedef typename iterator_traits<_ForwardIterator>::value_type
        -:  185:                       _Value_type;
        -:  186:#if __cplusplus >= 201103L
        -:  187:      // A deleted destructor is trivial, this ensures we reject such types:
        -:  188:      static_assert(is_destructible<_Value_type>::value,
        -:  189:		    "value type is destructible");
        -:  190:#endif
        -:  191:#if __cplusplus > 201703L && defined __cpp_lib_is_constant_evaluated
        -:  192:      if (std::is_constant_evaluated())
        -:  193:	return _Destroy_aux<false>::__destroy(__first, __last);
        -:  194:#endif
        -:  195:      std::_Destroy_aux<__has_trivial_destructor(_Value_type)>::
        1:  196:	__destroy(__first, __last);
        1:  197:    }
------------------
_ZSt8_DestroyIPSt10shared_ptrIN5Catch16IReporterFactoryEEEvT_S5_:
        1:  182:    _Destroy(_ForwardIterator __first, _ForwardIterator __last)
        -:  183:    {
        -:  184:      typedef typename iterator_traits<_ForwardIterator>::value_type
        -:  185:                       _Value_type;
        -:  186:#if __cplusplus >= 201103L
        -:  187:      // A deleted destructor is trivial, this ensures we reject such types:
        -:  188:      static_assert(is_destructible<_Value_type>::value,
        -:  189:		    "value type is destructible");
        -:  190:#endif
        -:  191:#if __cplusplus > 201703L && defined __cpp_lib_is_constant_evaluated
        -:  192:      if (std::is_constant_evaluated())
        -:  193:	return _Destroy_aux<false>::__destroy(__first, __last);
        -:  194:#endif
        -:  195:      std::_Destroy_aux<__has_trivial_destructor(_Value_type)>::
        1:  196:	__destroy(__first, __last);
        1:  197:    }
------------------
_ZSt8_DestroyIPN5Catch8TestCaseEEvT_S3_:
        4:  182:    _Destroy(_ForwardIterator __first, _ForwardIterator __last)
        -:  183:    {
        -:  184:      typedef typename iterator_traits<_ForwardIterator>::value_type
        -:  185:                       _Value_type;
        -:  186:#if __cplusplus >= 201103L
        -:  187:      // A deleted destructor is trivial, this ensures we reject such types:
        -:  188:      static_assert(is_destructible<_Value_type>::value,
        -:  189:		    "value type is destructible");
        -:  190:#endif
        -:  191:#if __cplusplus > 201703L && defined __cpp_lib_is_constant_evaluated
        -:  192:      if (std::is_constant_evaluated())
        -:  193:	return _Destroy_aux<false>::__destroy(__first, __last);
        -:  194:#endif
        -:  195:      std::_Destroy_aux<__has_trivial_destructor(_Value_type)>::
        4:  196:	__destroy(__first, __last);
        4:  197:    }
------------------
_ZSt8_DestroyIPSt10unique_ptrIN5Catch18IStreamingReporterESt14default_deleteIS2_EEEvT_S7_:
    #####:  182:    _Destroy(_ForwardIterator __first, _ForwardIterator __last)
        -:  183:    {
        -:  184:      typedef typename iterator_traits<_ForwardIterator>::value_type
        -:  185:                       _Value_type;
        -:  186:#if __cplusplus >= 201103L
        -:  187:      // A deleted destructor is trivial, this ensures we reject such types:
        -:  188:      static_assert(is_destructible<_Value_type>::value,
        -:  189:		    "value type is destructible");
        -:  190:#endif
        -:  191:#if __cplusplus > 201703L && defined __cpp_lib_is_constant_evaluated
        -:  192:      if (std::is_constant_evaluated())
        -:  193:	return _Destroy_aux<false>::__destroy(__first, __last);
        -:  194:#endif
        -:  195:      std::_Destroy_aux<__has_trivial_destructor(_Value_type)>::
    #####:  196:	__destroy(__first, __last);
    #####:  197:    }
------------------
_ZSt8_DestroyIPN5Catch11MessageInfoEEvT_S3_:
        1:  182:    _Destroy(_ForwardIterator __first, _ForwardIterator __last)
        -:  183:    {
        -:  184:      typedef typename iterator_traits<_ForwardIterator>::value_type
        -:  185:                       _Value_type;
        -:  186:#if __cplusplus >= 201103L
        -:  187:      // A deleted destructor is trivial, this ensures we reject such types:
        -:  188:      static_assert(is_destructible<_Value_type>::value,
        -:  189:		    "value type is destructible");
        -:  190:#endif
        -:  191:#if __cplusplus > 201703L && defined __cpp_lib_is_constant_evaluated
        -:  192:      if (std::is_constant_evaluated())
        -:  193:	return _Destroy_aux<false>::__destroy(__first, __last);
        -:  194:#endif
        -:  195:      std::_Destroy_aux<__has_trivial_destructor(_Value_type)>::
        1:  196:	__destroy(__first, __last);
        1:  197:    }
------------------
[...]
        -:  193:	return _Destroy_aux<false>::__destroy(__first, __last);
        -:  194:#endif
        -:  195:      std::_Destroy_aux<__has_trivial_destructor(_Value_type)>::
    #####:  196:	__destroy(__first, __last);
    #####:  197:    }
------------------
_ZSt8_DestroyIN9__gnu_cxx17__normal_iteratorIPNSt7__cxx119sub_matchINS1_IPKcNS2_12basic_stringIcSt11char_traitsIcESaIcEEEEEEESt6vectorISC_SaISC_EEEEEvT_SI_:
    #####:  182:    _Destroy(_ForwardIterator __first, _ForwardIterator __last)
        -:  183:    {
        -:  184:      typedef typename iterator_traits<_ForwardIterator>::value_type
        -:  185:                       _Value_type;
        -:  186:#if __cplusplus >= 201103L
        -:  187:      // A deleted destructor is trivial, this ensures we reject such types:
        -:  188:      static_assert(is_destructible<_Value_type>::value,
        -:  189:		    "value type is destructible");
        -:  190:#endif
        -:  191:#if __cplusplus > 201703L && defined __cpp_lib_is_constant_evaluated
        -:  192:      if (std::is_constant_evaluated())
        -:  193:	return _Destroy_aux<false>::__destroy(__first, __last);
        -:  194:#endif
        -:  195:      std::_Destroy_aux<__has_trivial_destructor(_Value_type)>::
    #####:  196:	__destroy(__first, __last);
    #####:  197:    }
------------------
_ZSt8_DestroyIPNSt8__detail6_StateIcEEEvT_S4_:
    #####:  182:    _Destroy(_ForwardIterator __first, _ForwardIterator __last)
        -:  183:    {
        -:  184:      typedef typename iterator_traits<_ForwardIterator>::value_type
        -:  185:                       _Value_type;
        -:  186:#if __cplusplus >= 201103L
        -:  187:      // A deleted destructor is trivial, this ensures we reject such types:
        -:  188:      static_assert(is_destructible<_Value_type>::value,
        -:  189:		    "value type is destructible");
        -:  190:#endif
        -:  191:#if __cplusplus > 201703L && defined __cpp_lib_is_constant_evaluated
        -:  192:      if (std::is_constant_evaluated())
        -:  193:	return _Destroy_aux<false>::__destroy(__first, __last);
        -:  194:#endif
        -:  195:      std::_Destroy_aux<__has_trivial_destructor(_Value_type)>::
    #####:  196:	__destroy(__first, __last);
    #####:  197:    }
------------------
_ZSt8_DestroyIPSt4pairIlSt6vectorINSt7__cxx119sub_matchIN9__gnu_cxx17__normal_iteratorIPKcNS2_12basic_stringIcSt11char_traitsIcESaIcEEEEEEESaISE_EEEEvT_SJ_:
    #####:  182:    _Destroy(_ForwardIterator __first, _ForwardIterator __last)
        -:  183:    {
        -:  184:      typedef typename iterator_traits<_ForwardIterator>::value_type
        -:  185:                       _Value_type;
        -:  186:#if __cplusplus >= 201103L
        -:  187:      // A deleted destructor is trivial, this ensures we reject such types:
        -:  188:      static_assert(is_destructible<_Value_type>::value,
        -:  189:		    "value type is destructible");
        -:  190:#endif
        -:  191:#if __cplusplus > 201703L && defined __cpp_lib_is_constant_evaluated
        -:  192:      if (std::is_constant_evaluated())
        -:  193:	return _Destroy_aux<false>::__destroy(__first, __last);
        -:  194:#endif
        -:  195:      std::_Destroy_aux<__has_trivial_destructor(_Value_type)>::
    #####:  196:	__destroy(__first, __last);
    #####:  197:    }
------------------
_ZSt8_DestroyIPSt4pairIN9__gnu_cxx17__normal_iteratorIPKcNSt7__cxx1112basic_stringIcSt11char_traitsIcESaIcEEEEEiEEvT_SE_:
    #####:  182:    _Destroy(_ForwardIterator __first, _ForwardIterator __last)
        -:  183:    {
        -:  184:      typedef typename iterator_traits<_ForwardIterator>::value_type
        -:  185:                       _Value_type;
        -:  186:#if __cplusplus >= 201103L
        -:  187:      // A deleted destructor is trivial, this ensures we reject such types:
        -:  188:      static_assert(is_destructible<_Value_type>::value,
        -:  189:		    "value type is destructible");
        -:  190:#endif
        -:  191:#if __cplusplus > 201703L && defined __cpp_lib_is_constant_evaluated
        -:  192:      if (std::is_constant_evaluated())
        -:  193:	return _Destroy_aux<false>::__destroy(__first, __last);
        -:  194:#endif
        -:  195:      std::_Destroy_aux<__has_trivial_destructor(_Value_type)>::
    #####:  196:	__destroy(__first, __last);
    #####:  197:    }
------------------
_ZSt8_DestroyIPNSt7__cxx119sub_matchIN9__gnu_cxx17__normal_iteratorIPKcNS0_12basic_stringIcSt11char_traitsIcESaIcEEEEEEEEvT_SE_:
    #####:  182:    _Destroy(_ForwardIterator __first, _ForwardIterator __last)
        -:  183:    {
        -:  184:      typedef typename iterator_traits<_ForwardIterator>::value_type
        -:  185:                       _Value_type;
        -:  186:#if __cplusplus >= 201103L
        -:  187:      // A deleted destructor is trivial, this ensures we reject such types:
        -:  188:      static_assert(is_destructible<_Value_type>::value,
        -:  189:		    "value type is destructible");
        -:  190:#endif
        -:  191:#if __cplusplus > 201703L && defined __cpp_lib_is_constant_evaluated
        -:  192:      if (std::is_constant_evaluated())
        -:  193:	return _Destroy_aux<false>::__destroy(__first, __last);
        -:  194:#endif
        -:  195:      std::_Destroy_aux<__has_trivial_destructor(_Value_type)>::
    #####:  196:	__destroy(__first, __last);
    #####:  197:    }
------------------
_ZSt8_DestroyIPSt10shared_ptrIN5Catch22CumulativeReporterBaseINS1_13JunitReporterEE11SectionNodeEEEvT_S8_:
    #####:  182:    _Destroy(_ForwardIterator __first, _ForwardIterator __last)
        -:  183:    {
        -:  184:      typedef typename iterator_traits<_ForwardIterator>::value_type
        -:  185:                       _Value_type;
        -:  186:#if __cplusplus >= 201103L
        -:  187:      // A deleted destructor is trivial, this ensures we reject such types:
        -:  188:      static_assert(is_destructible<_Value_type>::value,
        -:  189:		    "value type is destructible");
        -:  190:#endif
        -:  191:#if __cplusplus > 201703L && defined __cpp_lib_is_constant_evaluated
        -:  192:      if (std::is_constant_evaluated())
        -:  193:	return _Destroy_aux<false>::__destroy(__first, __last);
        -:  194:#endif
        -:  195:      std::_Destroy_aux<__has_trivial_destructor(_Value_type)>::
    #####:  196:	__destroy(__first, __last);
    #####:  197:    }
------------------
_ZSt8_DestroyIPSt4pairINSt7__cxx1112basic_stringIcSt11char_traitsIcESaIcEEES6_EEvT_S9_:
    #####:  182:    _Destroy(_ForwardIterator __first, _ForwardIterator __last)
        -:  183:    {
        -:  184:      typedef typename iterator_traits<_ForwardIterator>::value_type
        -:  185:                       _Value_type;
        -:  186:#if __cplusplus >= 201103L
        -:  187:      // A deleted destructor is trivial, this ensures we reject such types:
        -:  188:      static_assert(is_destructible<_Value_type>::value,
        -:  189:		    "value type is destructible");
        -:  190:#endif
        -:  191:#if __cplusplus > 201703L && defined __cpp_lib_is_constant_evaluated
        -:  192:      if (std::is_constant_evaluated())
        -:  193:	return _Destroy_aux<false>::__destroy(__first, __last);
        -:  194:#endif
        -:  195:      std::_Destroy_aux<__has_trivial_destructor(_Value_type)>::
    #####:  196:	__destroy(__first, __last);
    #####:  197:    }
------------------
_ZSt8_DestroyIPSt10shared_ptrIN5Catch22CumulativeReporterBaseINS1_13JunitReporterEE4NodeINS1_14TestGroupStatsENS5_INS1_13TestCaseStatsENS4_11SectionNodeEEEEEEEvT_SD_:
    #####:  182:    _Destroy(_ForwardIterator __first, _ForwardIterator __last)
        -:  183:    {
        -:  184:      typedef typename iterator_traits<_ForwardIterator>::value_type
        -:  185:                       _Value_type;
        -:  186:#if __cplusplus >= 201103L
        -:  187:      // A deleted destructor is trivial, this ensures we reject such types:
        -:  188:      static_assert(is_destructible<_Value_type>::value,
        -:  189:		    "value type is destructible");
        -:  190:#endif
        -:  191:#if __cplusplus > 201703L && defined __cpp_lib_is_constant_evaluated
        -:  192:      if (std::is_constant_evaluated())
        -:  193:	return _Destroy_aux<false>::__destroy(__first, __last);
        -:  194:#endif
        -:  195:      std::_Destroy_aux<__has_trivial_destructor(_Value_type)>::
    #####:  196:	__destroy(__first, __last);
    #####:  197:    }
------------------
_ZSt8_DestroyIPSt10shared_ptrIN5Catch22CumulativeReporterBaseINS1_13JunitReporterEE4NodeINS1_13TestCaseStatsENS4_11SectionNodeEEEEEvT_SB_:
    #####:  182:    _Destroy(_ForwardIterator __first, _ForwardIterator __last)
        -:  183:    {
        -:  184:      typedef typename iterator_traits<_ForwardIterator>::value_type
        -:  185:                       _Value_type;
        -:  186:#if __cplusplus >= 201103L
        -:  187:      // A deleted destructor is trivial, this ensures we reject such types:
        -:  188:      static_assert(is_destructible<_Value_type>::value,
        -:  189:		    "value type is destructible");
        -:  190:#endif
        -:  191:#if __cplusplus > 201703L && defined __cpp_lib_is_constant_evaluated
        -:  192:      if (std::is_constant_evaluated())
        -:  193:	return _Destroy_aux<false>::__destroy(__first, __last);
        -:  194:#endif
        -:  195:      std::_Destroy_aux<__has_trivial_destructor(_Value_type)>::
    #####:  196:	__destroy(__first, __last);
    #####:  197:    }
------------------
_ZSt8_DestroyIPSt6vectorISt10shared_ptrIN5Catch22CumulativeReporterBaseINS2_13JunitReporterEE11SectionNodeEESaIS7_EEEvT_SB_:
    #####:  182:    _Destroy(_ForwardIterator __first, _ForwardIterator __last)
        -:  183:    {
        -:  184:      typedef typename iterator_traits<_ForwardIterator>::value_type
        -:  185:                       _Value_type;
        -:  186:#if __cplusplus >= 201103L
        -:  187:      // A deleted destructor is trivial, this ensures we reject such types:
        -:  188:      static_assert(is_destructible<_Value_type>::value,
        -:  189:		    "value type is destructible");
        -:  190:#endif
        -:  191:#if __cplusplus > 201703L && defined __cpp_lib_is_constant_evaluated
        -:  192:      if (std::is_constant_evaluated())
        -:  193:	return _Destroy_aux<false>::__destroy(__first, __last);
        -:  194:#endif
        -:  195:      std::_Destroy_aux<__has_trivial_destructor(_Value_type)>::
    #####:  196:	__destroy(__first, __last);
    #####:  197:    }
------------------
_ZSt8_DestroyIPN5Catch14AssertionStatsEEvT_S3_:
    #####:  182:    _Destroy(_ForwardIterator __first, _ForwardIterator __last)
        -:  183:    {
        -:  184:      typedef typename iterator_traits<_ForwardIterator>::value_type
        -:  185:                       _Value_type;
        -:  186:#if __cplusplus >= 201103L
        -:  187:      // A deleted destructor is trivial, this ensures we reject such types:
        -:  188:      static_assert(is_destructible<_Value_type>::value,
        -:  189:		    "value type is destructible");
        -:  190:#endif
        -:  191:#if __cplusplus > 201703L && defined __cpp_lib_is_constant_evaluated
        -:  192:      if (std::is_constant_evaluated())
        -:  193:	return _Destroy_aux<false>::__destroy(__first, __last);
        -:  194:#endif
        -:  195:      std::_Destroy_aux<__has_trivial_destructor(_Value_type)>::
    #####:  196:	__destroy(__first, __last);
    #####:  197:    }
------------------
_ZSt8_DestroyIPN5Catch13SummaryColumnEEvT_S3_:
    #####:  182:    _Destroy(_ForwardIterator __first, _ForwardIterator __last)
        -:  183:    {
        -:  184:      typedef typename iterator_traits<_ForwardIterator>::value_type
        -:  185:                       _Value_type;
        -:  186:#if __cplusplus >= 201103L
        -:  187:      // A deleted destructor is trivial, this ensures we reject such types:
        -:  188:      static_assert(is_destructible<_Value_type>::value,
        -:  189:		    "value type is destructible");
        -:  190:#endif
        -:  191:#if __cplusplus > 201703L && defined __cpp_lib_is_constant_evaluated
        -:  192:      if (std::is_constant_evaluated())
        -:  193:	return _Destroy_aux<false>::__destroy(__first, __last);
        -:  194:#endif
        -:  195:      std::_Destroy_aux<__has_trivial_destructor(_Value_type)>::
    #####:  196:	__destroy(__first, __last);
    #####:  197:    }
------------------
_ZSt8_DestroyIPN5Catch12_GLOBAL__N_110ColumnInfoEEvT_S4_:
        2:  182:    _Destroy(_ForwardIterator __first, _ForwardIterator __last)
        -:  183:    {
        -:  184:      typedef typename iterator_traits<_ForwardIterator>::value_type
        -:  185:                       _Value_type;
        -:  186:#if __cplusplus >= 201103L
        -:  187:      // A deleted destructor is trivial, this ensures we reject such types:
        -:  188:      static_assert(is_destructible<_Value_type>::value,
        -:  189:		    "value type is destructible");
        -:  190:#endif
        -:  191:#if __cplusplus > 201703L && defined __cpp_lib_is_constant_evaluated
        -:  192:      if (std::is_constant_evaluated())
        -:  193:	return _Destroy_aux<false>::__destroy(__first, __last);
        -:  194:#endif
        -:  195:      std::_Destroy_aux<__has_trivial_destructor(_Value_type)>::
        2:  196:	__destroy(__first, __last);
        2:  197:    }
------------------
_ZSt8_DestroyIPN5Catch11SectionInfoEEvT_S3_:
        1:  182:    _Destroy(_ForwardIterator __first, _ForwardIterator __last)
        -:  183:    {
        -:  184:      typedef typename iterator_traits<_ForwardIterator>::value_type
        -:  185:                       _Value_type;
        -:  186:#if __cplusplus >= 201103L
        -:  187:      // A deleted destructor is trivial, this ensures we reject such types:
        -:  188:      static_assert(is_destructible<_Value_type>::value,
        -:  189:		    "value type is destructible");
        -:  190:#endif
        -:  191:#if __cplusplus > 201703L && defined __cpp_lib_is_constant_evaluated
        -:  192:      if (std::is_constant_evaluated())
        -:  193:	return _Destroy_aux<false>::__destroy(__first, __last);
        -:  194:#endif
        -:  195:      std::_Destroy_aux<__has_trivial_destructor(_Value_type)>::
        1:  196:	__destroy(__first, __last);
        1:  197:    }
------------------
_ZSt8_DestroyIPSt10shared_ptrIN5Catch16TestCaseTracking8ITrackerEEEvT_S6_:
       17:  182:    _Destroy(_ForwardIterator __first, _ForwardIterator __last)
        -:  183:    {
        -:  184:      typedef typename iterator_traits<_ForwardIterator>::value_type
        -:  185:                       _Value_type;
        -:  186:#if __cplusplus >= 201103L
        -:  187:      // A deleted destructor is trivial, this ensures we reject such types:
        -:  188:      static_assert(is_destructible<_Value_type>::value,
        -:  189:		    "value type is destructible");
        -:  190:#endif
        -:  191:#if __cplusplus > 201703L && defined __cpp_lib_is_constant_evaluated
        -:  192:      if (std::is_constant_evaluated())
        -:  193:	return _Destroy_aux<false>::__destroy(__first, __last);
        -:  194:#endif
        -:  195:      std::_Destroy_aux<__has_trivial_destructor(_Value_type)>::
       17:  196:	__destroy(__first, __last);
       17:  197:    }
------------------
_ZSt8_DestroyIPSt10unique_ptrINSt7__cxx1119basic_ostringstreamIcSt11char_traitsIcESaIcEEESt14default_deleteIS6_EEEvT_SB_:
    #####:  182:    _Destroy(_ForwardIterator __first, _ForwardIterator __last)
        -:  183:    {
        -:  184:      typedef typename iterator_traits<_ForwardIterator>::value_type
        -:  185:                       _Value_type;
        -:  186:#if __cplusplus >= 201103L
        -:  187:      // A deleted destructor is trivial, this ensures we reject such types:
        -:  188:      static_assert(is_destructible<_Value_type>::value,
        -:  189:		    "value type is destructible");
        -:  190:#endif
        -:  191:#if __cplusplus > 201703L && defined __cpp_lib_is_constant_evaluated
        -:  192:      if (std::is_constant_evaluated())
        -:  193:	return _Destroy_aux<false>::__destroy(__first, __last);
        -:  194:#endif
        -:  195:      std::_Destroy_aux<__has_trivial_destructor(_Value_type)>::
    #####:  196:	__destroy(__first, __last);
    #####:  197:    }
------------------
        -:  198:
        -:  199:  template<bool>
        -:  200:    struct _Destroy_n_aux
        -:  201:    {
        -:  202:      template<typename _ForwardIterator, typename _Size>
        -:  203:	static _GLIBCXX20_CONSTEXPR _ForwardIterator
        -:  204:	__destroy_n(_ForwardIterator __first, _Size __count)
        -:  205:	{
        -:  206:	  for (; __count > 0; (void)++__first, --__count)
        -:  207:	    std::_Destroy(std::__addressof(*__first));
        -:  208:	  return __first;
        -:  209:	}
        -:  210:    };
        -:  211:
        -:  212:  template<>
        -:  213:    struct _Destroy_n_aux<true>
        -:  214:    {
        -:  215:      template<typename _ForwardIterator, typename _Size>
        -:  216:        static _ForwardIterator
        -:  217:        __destroy_n(_ForwardIterator __first, _Size __count)
        -:  218:	{
        -:  219:	  std::advance(__first, __count);
        -:  220:	  return __first;
        -:  221:	}
        -:  222:    };
        -:  223:
        -:  224:  /**
        -:  225:   * Destroy a range of objects.  If the value_type of the object has
        -:  226:   * a trivial destructor, the compiler should optimize all of this
        -:  227:   * away, otherwise the objects' destructors must be invoked.
        -:  228:   */
        -:  229:  template<typename _ForwardIterator, typename _Size>
        -:  230:    _GLIBCXX20_CONSTEXPR inline _ForwardIterator
        -:  231:    _Destroy_n(_ForwardIterator __first, _Size __count)
        -:  232:    {
        -:  233:      typedef typename iterator_traits<_ForwardIterator>::value_type
        -:  234:                       _Value_type;
        -:  235:#if __cplusplus >= 201103L
        -:  236:      // A deleted destructor is trivial, this ensures we reject such types:
        -:  237:      static_assert(is_destructible<_Value_type>::value,
        -:  238:		    "value type is destructible");
        -:  239:#endif
        -:  240:#if __cplusplus > 201703L && defined __cpp_lib_is_constant_evaluated
        -:  241:      if (std::is_constant_evaluated())
        -:  242:	return _Destroy_n_aux<false>::__destroy_n(__first, __count);
        -:  243:#endif
        -:  244:      return std::_Destroy_n_aux<__has_trivial_destructor(_Value_type)>::
        -:  245:	__destroy_n(__first, __count);
        -:  246:    }
        -:  247:
        -:  248:#if __cplusplus >= 201703L
        -:  249:  template <typename _ForwardIterator>
        -:  250:    _GLIBCXX20_CONSTEXPR inline void
        -:  251:    destroy(_ForwardIterator __first, _ForwardIterator __last)
        -:  252:    {
        -:  253:      std::_Destroy(__first, __last);
        -:  254:    }
        -:  255:
        -:  256:  template <typename _ForwardIterator, typename _Size>
        -:  257:    _GLIBCXX20_CONSTEXPR inline _ForwardIterator
        -:  258:    destroy_n(_ForwardIterator __first, _Size __count)
        -:  259:    {
        -:  260:      return std::_Destroy_n(__first, __count);
        -:  261:    }
        -:  262:#endif // C++17
        -:  263:
        -:  264:_GLIBCXX_END_NAMESPACE_VERSION
        -:  265:} // namespace std
        -:  266:
        -:  267:#endif /* _STL_CONSTRUCT_H */
