        -:    0:Source:testa_rainhas.cpp
        -:    0:Graph:testa_rainhas.gcno
        -:    0:Data:testa_rainhas.gcda
        -:    0:Runs:1
        -:    1:/*
        -:    2:Copyright 2024 Guilherme Ribeiro de Macedo
        -:    3:
        -:    4:Este arquivo faz parte do projeto de resolução do problema das 8 rainhas.
        -:    5:
        -:    6:Autor: Guilherme Ribeiro de Macedo
        -:    7:Contato: guilhermerm99@gmail.com
        -:    8:*/
        -:    9:#define CATCH_CONFIG_MAIN
        -:   10:#include "rainhas.hpp"
        -:   11:#include "catch.hpp"
        -:   12:
        2:   13:TEST_CASE("Soluções inválidas para o problema", "[rainhas]") {
        2:   14:    SECTION("Soluções inválidas com 8 rainhas") {
        2:   15:        REQUIRE(verifica_solucao_8_rainhas("tabuleiros/teste_8_rainhas.txt") == 0);
        2:   16:        REQUIRE(verifica_solucao_8_rainhas("tabuleiros/teste_13.txt") == 0);
        2:   17:        REQUIRE(verifica_solucao_8_rainhas("tabuleiros/teste_14.txt") == 0);
        2:   18:        REQUIRE(verifica_solucao_8_rainhas("tabuleiros/teste_15.txt") == 0);
        2:   19:    }
        -:   20:
        2:   21:    SECTION("Soluções inválidas com diferentes números de rainhas") {
        2:   22:        REQUIRE(verifica_solucao_8_rainhas("tabuleiros/teste_1.txt") == 0);
        2:   23:        REQUIRE(verifica_solucao_8_rainhas("tabuleiros/teste_2.txt") == 0);
        2:   24:        REQUIRE(verifica_solucao_8_rainhas("tabuleiros/teste_3.txt") == 0);
        2:   25:        REQUIRE(verifica_solucao_8_rainhas("tabuleiros/teste_4.txt") == 0);
        2:   26:        REQUIRE(verifica_solucao_8_rainhas("tabuleiros/teste_5.txt") == 0);
        2:   27:        REQUIRE(verifica_solucao_8_rainhas("tabuleiros/teste_6.txt") == 0);
        2:   28:        REQUIRE(verifica_solucao_8_rainhas("tabuleiros/teste_7.txt") == 0);
        2:   29:        REQUIRE(verifica_solucao_8_rainhas("tabuleiros/teste_8.txt") == 0);
        2:   30:        REQUIRE(verifica_solucao_8_rainhas("tabuleiros/teste_9.txt") == 0);
        2:   31:        REQUIRE(verifica_solucao_8_rainhas("tabuleiros/teste_10.txt") == 0);
        2:   32:        REQUIRE(verifica_solucao_8_rainhas("tabuleiros/teste_30.txt") == 0);
        2:   33:        REQUIRE(verifica_solucao_8_rainhas("tabuleiros/teste_31.txt") == 0);
        2:   34:    }
        2:   35:}
        -:   36:
        2:   37:TEST_CASE("Soluções válidas para o problema", "[rainhas]") {
        2:   38:    SECTION("Soluções válidas com 8 rainhas") {
        2:   39:        REQUIRE(verifica_solucao_8_rainhas("tabuleiros/teste_11.txt") == 1);
        2:   40:    }
        -:   41:
        2:   42:    SECTION("Soluções válidas com diferentes números de rainhas") {
        2:   43:        REQUIRE(verifica_solucao_8_rainhas("tabuleiros/teste_25.txt") == 1);
        2:   44:        REQUIRE(verifica_solucao_8_rainhas("tabuleiros/teste_26.txt") == 1);
        2:   45:        REQUIRE(verifica_solucao_8_rainhas("tabuleiros/teste_27.txt") == 1);
        2:   46:        REQUIRE(verifica_solucao_8_rainhas("tabuleiros/teste_28.txt") == 1);
        2:   47:        REQUIRE(verifica_solucao_8_rainhas("tabuleiros/teste_29.txt") == 1);
        2:   48:    }
        2:   49:}
        -:   50:
        1:   51:TEST_CASE("Matrizes inválidas para o problema", "[rainhas]") {
        2:   52:    REQUIRE(verifica_solucao_8_rainhas("tabuleiros/teste_12.txt") == -1);
        2:   53:    REQUIRE(verifica_solucao_8_rainhas("tabuleiros/teste_16.txt") == -1);
        2:   54:    REQUIRE(verifica_solucao_8_rainhas("tabuleiros/teste_17.txt") == -1);
        2:   55:    REQUIRE(verifica_solucao_8_rainhas("tabuleiros/teste_18.txt") == -1);
        2:   56:    REQUIRE(verifica_solucao_8_rainhas("tabuleiros/teste_19.txt") == -1);
        2:   57:    REQUIRE(verifica_solucao_8_rainhas("tabuleiros/teste_20.txt") == -1);
        2:   58:    REQUIRE(verifica_solucao_8_rainhas("tabuleiros/teste_21.txt") == -1);
        2:   59:    REQUIRE(verifica_solucao_8_rainhas("tabuleiros/teste_22.txt") == -1);
        2:   60:    REQUIRE(verifica_solucao_8_rainhas("tabuleiros/teste_23.txt") == -1);
        2:   61:    REQUIRE(verifica_solucao_8_rainhas("tabuleiros/teste_24.txt") == -1);
        1:   62:}
        -:   63:
        5:   64:TEST_CASE("Casos adicionais para o problema", "[rainhas]") {
        5:   65:    SECTION("Soluções válidas com mais de 8 rainhas") {
        2:   66:        REQUIRE(verifica_solucao_8_rainhas("tabuleiros/teste_32.txt") == -1);
        2:   67:        REQUIRE(verifica_solucao_8_rainhas("tabuleiros/teste_33.txt") == -1);
        5:   68:    }
        -:   69:
        5:   70:    SECTION("Soluções válidas com menos de 8 rainhas") {
        2:   71:        REQUIRE(verifica_solucao_8_rainhas("tabuleiros/teste_34.txt") == -1);
        2:   72:        REQUIRE(verifica_solucao_8_rainhas("tabuleiros/teste_35.txt") == -1);
        5:   73:    }
        -:   74:
        5:   75:    SECTION("Matrizes com números incorretos de colunas ou linhas") {
        2:   76:        REQUIRE(verifica_solucao_8_rainhas("tabuleiros/teste_36.txt") == -1);
        2:   77:        REQUIRE(verifica_solucao_8_rainhas("tabuleiros/teste_37.txt") == -1);
        5:   78:    }
        -:   79:
        5:   80:    SECTION("Tabuleiros vazios") {
        2:   81:        REQUIRE(verifica_solucao_8_rainhas("tabuleiros/teste_38.txt") == -1);
        5:   82:    }
        -:   83:
        5:   84:    SECTION("Tabuleiros com caracteres inválidos") {
        2:   85:        REQUIRE(verifica_solucao_8_rainhas("tabuleiros/teste_39.txt") == -1);
        2:   86:        REQUIRE(verifica_solucao_8_rainhas("tabuleiros/teste_40.txt") == -1);
        5:   87:    }
        5:   88:}
